<?xml version="1.0" encoding="UTF-8"?>
<robot generator="Robot 6.0.1 (Python 3.11.1 on darwin)" generated="20230122 21:27:52.362" rpa="false" schemaversion="3">
<suite id="s1" name="Saucedemo" source="/Users/adam/Desktop/studia/WSB-final-AM/tests/Saucedemo.robot">
<test id="s1-t1" name="Landing page is accessible" line="14">
<kw name="Begin Test" library="Common" type="SETUP">
<kw name="Set Selenium Speed" library="SeleniumLibrary">
<arg>0.5</arg>
<doc>Sets the delay that is waited after each Selenium command.</doc>
<status status="PASS" starttime="20230122 21:27:53.253" endtime="20230122 21:27:53.253"/>
</kw>
<kw name="Open Browser" library="SeleniumLibrary">
<arg>about:blank</arg>
<arg>${BROWSER}</arg>
<doc>Opens a new browser instance to the optional ``url``.</doc>
<msg timestamp="20230122 21:27:53.255" level="INFO">Opening browser 'Chrome' to base url 'about:blank'.</msg>
<status status="PASS" starttime="20230122 21:27:53.254" endtime="20230122 21:27:56.782"/>
</kw>
<kw name="Maximize Browser Window" library="SeleniumLibrary">
<doc>Maximizes current browser window.</doc>
<status status="PASS" starttime="20230122 21:27:56.783" endtime="20230122 21:27:57.546"/>
</kw>
<status status="PASS" starttime="20230122 21:27:53.252" endtime="20230122 21:27:57.547"/>
</kw>
<kw name="Go to Landing Page" library="SaucedemoApp">
<kw name="Navigate To" library="Landing">
<kw name="Go To" library="SeleniumLibrary">
<arg>${URL_LANDING}</arg>
<doc>Navigates the current browser window to the provided ``url``.</doc>
<msg timestamp="20230122 21:27:57.550" level="INFO">Opening url 'https://www.saucedemo.com/'</msg>
<status status="PASS" starttime="20230122 21:27:57.550" endtime="20230122 21:28:01.916"/>
</kw>
<status status="PASS" starttime="20230122 21:27:57.549" endtime="20230122 21:28:01.916"/>
</kw>
<kw name="Verify you are on a correct page" library="Landing">
<kw name="Wait Until Page Contains Element" library="SeleniumLibrary">
<arg>${LOGIN_BUTTON}</arg>
<doc>Waits until the element ``locator`` appears on the current page.</doc>
<status status="PASS" starttime="20230122 21:28:01.917" endtime="20230122 21:28:02.441"/>
</kw>
<status status="PASS" starttime="20230122 21:28:01.917" endtime="20230122 21:28:02.441"/>
</kw>
<status status="PASS" starttime="20230122 21:27:57.548" endtime="20230122 21:28:02.441"/>
</kw>
<kw name="End Test" library="Common" type="TEARDOWN">
<kw name="Close All Browsers" library="SeleniumLibrary">
<doc>Closes all open browsers and resets the browser cache.</doc>
<status status="PASS" starttime="20230122 21:28:02.442" endtime="20230122 21:28:03.066"/>
</kw>
<status status="PASS" starttime="20230122 21:28:02.442" endtime="20230122 21:28:03.067"/>
</kw>
<status status="PASS" starttime="20230122 21:27:53.249" endtime="20230122 21:28:03.067"/>
</test>
<test id="s1-t2" name="Login with a locked out user shows the expected error message" line="17">
<kw name="Begin Test" library="Common" type="SETUP">
<kw name="Set Selenium Speed" library="SeleniumLibrary">
<arg>0.5</arg>
<doc>Sets the delay that is waited after each Selenium command.</doc>
<status status="PASS" starttime="20230122 21:28:03.070" endtime="20230122 21:28:03.071"/>
</kw>
<kw name="Open Browser" library="SeleniumLibrary">
<arg>about:blank</arg>
<arg>${BROWSER}</arg>
<doc>Opens a new browser instance to the optional ``url``.</doc>
<msg timestamp="20230122 21:28:03.072" level="INFO">Opening browser 'Chrome' to base url 'about:blank'.</msg>
<status status="PASS" starttime="20230122 21:28:03.071" endtime="20230122 21:28:06.310"/>
</kw>
<kw name="Maximize Browser Window" library="SeleniumLibrary">
<doc>Maximizes current browser window.</doc>
<status status="PASS" starttime="20230122 21:28:06.310" endtime="20230122 21:28:07.069"/>
</kw>
<status status="PASS" starttime="20230122 21:28:03.069" endtime="20230122 21:28:07.070"/>
</kw>
<kw name="Go to Landing Page" library="SaucedemoApp">
<kw name="Navigate To" library="Landing">
<kw name="Go To" library="SeleniumLibrary">
<arg>${URL_LANDING}</arg>
<doc>Navigates the current browser window to the provided ``url``.</doc>
<msg timestamp="20230122 21:28:07.071" level="INFO">Opening url 'https://www.saucedemo.com/'</msg>
<status status="PASS" starttime="20230122 21:28:07.071" endtime="20230122 21:28:08.995"/>
</kw>
<status status="PASS" starttime="20230122 21:28:07.070" endtime="20230122 21:28:08.995"/>
</kw>
<kw name="Verify you are on a correct page" library="Landing">
<kw name="Wait Until Page Contains Element" library="SeleniumLibrary">
<arg>${LOGIN_BUTTON}</arg>
<doc>Waits until the element ``locator`` appears on the current page.</doc>
<status status="PASS" starttime="20230122 21:28:08.996" endtime="20230122 21:28:09.518"/>
</kw>
<status status="PASS" starttime="20230122 21:28:08.996" endtime="20230122 21:28:09.518"/>
</kw>
<status status="PASS" starttime="20230122 21:28:07.070" endtime="20230122 21:28:09.519"/>
</kw>
<kw name="Sign in with a locked out user" library="SaucedemoApp">
<kw name="Locked out user" library="Login">
<kw name="Input Text" library="SeleniumLibrary">
<arg>${USERNAME_FIELD}</arg>
<arg>${LOCKED_OUT_USER}</arg>
<doc>Types the given ``text`` into the text field identified by ``locator``.</doc>
<msg timestamp="20230122 21:28:09.521" level="INFO">Typing text 'locked_out_user' into text field 'id=user-name'.</msg>
<status status="PASS" starttime="20230122 21:28:09.520" endtime="20230122 21:28:11.256"/>
</kw>
<kw name="Input Text" library="SeleniumLibrary">
<arg>${USERNAME_PASSWORD}</arg>
<arg>${CORRECT_PASSWORD}</arg>
<doc>Types the given ``text`` into the text field identified by ``locator``.</doc>
<msg timestamp="20230122 21:28:11.257" level="INFO">Typing text 'secret_sauce' into text field 'id=password'.</msg>
<status status="PASS" starttime="20230122 21:28:11.256" endtime="20230122 21:28:12.912"/>
</kw>
<kw name="Click Button" library="SeleniumLibrary">
<arg>${LOGIN_BUTTON}</arg>
<doc>Clicks the button identified by ``locator``.</doc>
<msg timestamp="20230122 21:28:12.914" level="INFO">Clicking button 'login-button'.</msg>
<status status="PASS" starttime="20230122 21:28:12.913" endtime="20230122 21:28:14.507"/>
</kw>
<kw name="Wait Until Page Contains" library="SeleniumLibrary">
<arg>Epic sadface: Sorry, this user has been locked out.</arg>
<doc>Waits until ``text`` appears on the current page.</doc>
<status status="PASS" starttime="20230122 21:28:14.507" endtime="20230122 21:28:15.025"/>
</kw>
<status status="PASS" starttime="20230122 21:28:09.520" endtime="20230122 21:28:15.025"/>
</kw>
<status status="PASS" starttime="20230122 21:28:09.519" endtime="20230122 21:28:15.025"/>
</kw>
<kw name="End Test" library="Common" type="TEARDOWN">
<kw name="Close All Browsers" library="SeleniumLibrary">
<doc>Closes all open browsers and resets the browser cache.</doc>
<status status="PASS" starttime="20230122 21:28:15.027" endtime="20230122 21:28:15.608"/>
</kw>
<status status="PASS" starttime="20230122 21:28:15.026" endtime="20230122 21:28:15.609"/>
</kw>
<status status="PASS" starttime="20230122 21:28:03.068" endtime="20230122 21:28:15.609"/>
</test>
<test id="s1-t3" name="Login with a wrong username shows the expected error message" line="21">
<kw name="Begin Test" library="Common" type="SETUP">
<kw name="Set Selenium Speed" library="SeleniumLibrary">
<arg>0.5</arg>
<doc>Sets the delay that is waited after each Selenium command.</doc>
<status status="PASS" starttime="20230122 21:28:15.612" endtime="20230122 21:28:15.613"/>
</kw>
<kw name="Open Browser" library="SeleniumLibrary">
<arg>about:blank</arg>
<arg>${BROWSER}</arg>
<doc>Opens a new browser instance to the optional ``url``.</doc>
<msg timestamp="20230122 21:28:15.614" level="INFO">Opening browser 'Chrome' to base url 'about:blank'.</msg>
<status status="PASS" starttime="20230122 21:28:15.613" endtime="20230122 21:28:18.292"/>
</kw>
<kw name="Maximize Browser Window" library="SeleniumLibrary">
<doc>Maximizes current browser window.</doc>
<status status="PASS" starttime="20230122 21:28:18.292" endtime="20230122 21:28:19.045"/>
</kw>
<status status="PASS" starttime="20230122 21:28:15.611" endtime="20230122 21:28:19.045"/>
</kw>
<kw name="Go to Landing Page" library="SaucedemoApp">
<kw name="Navigate To" library="Landing">
<kw name="Go To" library="SeleniumLibrary">
<arg>${URL_LANDING}</arg>
<doc>Navigates the current browser window to the provided ``url``.</doc>
<msg timestamp="20230122 21:28:19.047" level="INFO">Opening url 'https://www.saucedemo.com/'</msg>
<status status="PASS" starttime="20230122 21:28:19.047" endtime="20230122 21:28:20.969"/>
</kw>
<status status="PASS" starttime="20230122 21:28:19.047" endtime="20230122 21:28:20.969"/>
</kw>
<kw name="Verify you are on a correct page" library="Landing">
<kw name="Wait Until Page Contains Element" library="SeleniumLibrary">
<arg>${LOGIN_BUTTON}</arg>
<doc>Waits until the element ``locator`` appears on the current page.</doc>
<status status="PASS" starttime="20230122 21:28:20.970" endtime="20230122 21:28:21.487"/>
</kw>
<status status="PASS" starttime="20230122 21:28:20.970" endtime="20230122 21:28:21.487"/>
</kw>
<status status="PASS" starttime="20230122 21:28:19.046" endtime="20230122 21:28:21.487"/>
</kw>
<kw name="Sign in with a wrong username" library="SaucedemoApp">
<kw name="Wrong username" library="Login">
<kw name="Input Text" library="SeleniumLibrary">
<arg>${USERNAME_FIELD}</arg>
<arg>${WRONG_USERNAME}</arg>
<doc>Types the given ``text`` into the text field identified by ``locator``.</doc>
<msg timestamp="20230122 21:28:21.489" level="INFO">Typing text 'Adam90' into text field 'id=user-name'.</msg>
<status status="PASS" starttime="20230122 21:28:21.488" endtime="20230122 21:28:23.163"/>
</kw>
<kw name="Input Text" library="SeleniumLibrary">
<arg>${USERNAME_PASSWORD}</arg>
<arg>${CORRECT_PASSWORD}</arg>
<doc>Types the given ``text`` into the text field identified by ``locator``.</doc>
<msg timestamp="20230122 21:28:23.165" level="INFO">Typing text 'secret_sauce' into text field 'id=password'.</msg>
<status status="PASS" starttime="20230122 21:28:23.164" endtime="20230122 21:28:24.800"/>
</kw>
<kw name="Click Button" library="SeleniumLibrary">
<arg>${LOGIN_BUTTON}</arg>
<doc>Clicks the button identified by ``locator``.</doc>
<msg timestamp="20230122 21:28:24.801" level="INFO">Clicking button 'login-button'.</msg>
<status status="PASS" starttime="20230122 21:28:24.800" endtime="20230122 21:28:26.397"/>
</kw>
<kw name="Wait Until Page Contains" library="SeleniumLibrary">
<arg>Epic sadface: Username and password do not match any user in this service</arg>
<doc>Waits until ``text`` appears on the current page.</doc>
<status status="PASS" starttime="20230122 21:28:26.397" endtime="20230122 21:28:26.912"/>
</kw>
<status status="PASS" starttime="20230122 21:28:21.488" endtime="20230122 21:28:26.912"/>
</kw>
<status status="PASS" starttime="20230122 21:28:21.487" endtime="20230122 21:28:26.912"/>
</kw>
<kw name="End Test" library="Common" type="TEARDOWN">
<kw name="Close All Browsers" library="SeleniumLibrary">
<doc>Closes all open browsers and resets the browser cache.</doc>
<status status="PASS" starttime="20230122 21:28:26.913" endtime="20230122 21:28:27.827"/>
</kw>
<status status="PASS" starttime="20230122 21:28:26.913" endtime="20230122 21:28:27.827"/>
</kw>
<status status="PASS" starttime="20230122 21:28:15.610" endtime="20230122 21:28:27.828"/>
</test>
<test id="s1-t4" name="Login with a wrong password shows the expected error message" line="25">
<kw name="Begin Test" library="Common" type="SETUP">
<kw name="Set Selenium Speed" library="SeleniumLibrary">
<arg>0.5</arg>
<doc>Sets the delay that is waited after each Selenium command.</doc>
<status status="PASS" starttime="20230122 21:28:27.831" endtime="20230122 21:28:27.831"/>
</kw>
<kw name="Open Browser" library="SeleniumLibrary">
<arg>about:blank</arg>
<arg>${BROWSER}</arg>
<doc>Opens a new browser instance to the optional ``url``.</doc>
<msg timestamp="20230122 21:28:27.832" level="INFO">Opening browser 'Chrome' to base url 'about:blank'.</msg>
<status status="PASS" starttime="20230122 21:28:27.832" endtime="20230122 21:28:30.545"/>
</kw>
<kw name="Maximize Browser Window" library="SeleniumLibrary">
<doc>Maximizes current browser window.</doc>
<status status="PASS" starttime="20230122 21:28:30.545" endtime="20230122 21:28:31.315"/>
</kw>
<status status="PASS" starttime="20230122 21:28:27.830" endtime="20230122 21:28:31.316"/>
</kw>
<kw name="Go to Landing Page" library="SaucedemoApp">
<kw name="Navigate To" library="Landing">
<kw name="Go To" library="SeleniumLibrary">
<arg>${URL_LANDING}</arg>
<doc>Navigates the current browser window to the provided ``url``.</doc>
<msg timestamp="20230122 21:28:31.317" level="INFO">Opening url 'https://www.saucedemo.com/'</msg>
<status status="PASS" starttime="20230122 21:28:31.317" endtime="20230122 21:28:32.879"/>
</kw>
<status status="PASS" starttime="20230122 21:28:31.317" endtime="20230122 21:28:32.879"/>
</kw>
<kw name="Verify you are on a correct page" library="Landing">
<kw name="Wait Until Page Contains Element" library="SeleniumLibrary">
<arg>${LOGIN_BUTTON}</arg>
<doc>Waits until the element ``locator`` appears on the current page.</doc>
<status status="PASS" starttime="20230122 21:28:32.880" endtime="20230122 21:28:33.402"/>
</kw>
<status status="PASS" starttime="20230122 21:28:32.879" endtime="20230122 21:28:33.402"/>
</kw>
<status status="PASS" starttime="20230122 21:28:31.316" endtime="20230122 21:28:33.402"/>
</kw>
<kw name="Sign in with a wrong password" library="SaucedemoApp">
<kw name="Wrong password" library="Login">
<kw name="Input Text" library="SeleniumLibrary">
<arg>${USERNAME_FIELD}</arg>
<arg>${CORRECT_USERNAME}</arg>
<doc>Types the given ``text`` into the text field identified by ``locator``.</doc>
<msg timestamp="20230122 21:28:33.404" level="INFO">Typing text 'standard_user' into text field 'id=user-name'.</msg>
<status status="PASS" starttime="20230122 21:28:33.403" endtime="20230122 21:28:35.107"/>
</kw>
<kw name="Input Text" library="SeleniumLibrary">
<arg>${USERNAME_PASSWORD}</arg>
<arg>${WRONG_PASSWORD}</arg>
<doc>Types the given ``text`` into the text field identified by ``locator``.</doc>
<msg timestamp="20230122 21:28:35.108" level="INFO">Typing text 'secret_sauce2' into text field 'id=password'.</msg>
<status status="PASS" starttime="20230122 21:28:35.107" endtime="20230122 21:28:36.744"/>
</kw>
<kw name="Click Button" library="SeleniumLibrary">
<arg>${LOGIN_BUTTON}</arg>
<doc>Clicks the button identified by ``locator``.</doc>
<msg timestamp="20230122 21:28:36.745" level="INFO">Clicking button 'login-button'.</msg>
<status status="PASS" starttime="20230122 21:28:36.744" endtime="20230122 21:28:38.335"/>
</kw>
<kw name="Wait Until Page Contains" library="SeleniumLibrary">
<arg>Epic sadface: Username and password do not match any user in this service</arg>
<doc>Waits until ``text`` appears on the current page.</doc>
<status status="PASS" starttime="20230122 21:28:38.335" endtime="20230122 21:28:38.851"/>
</kw>
<status status="PASS" starttime="20230122 21:28:33.403" endtime="20230122 21:28:38.851"/>
</kw>
<status status="PASS" starttime="20230122 21:28:33.402" endtime="20230122 21:28:38.851"/>
</kw>
<kw name="End Test" library="Common" type="TEARDOWN">
<kw name="Close All Browsers" library="SeleniumLibrary">
<doc>Closes all open browsers and resets the browser cache.</doc>
<status status="PASS" starttime="20230122 21:28:38.852" endtime="20230122 21:28:39.870"/>
</kw>
<status status="PASS" starttime="20230122 21:28:38.852" endtime="20230122 21:28:39.870"/>
</kw>
<status status="PASS" starttime="20230122 21:28:27.829" endtime="20230122 21:28:39.870"/>
</test>
<test id="s1-t5" name="Login with a correct username and password is successful" line="29">
<kw name="Begin Test" library="Common" type="SETUP">
<kw name="Set Selenium Speed" library="SeleniumLibrary">
<arg>0.5</arg>
<doc>Sets the delay that is waited after each Selenium command.</doc>
<status status="PASS" starttime="20230122 21:28:39.873" endtime="20230122 21:28:39.874"/>
</kw>
<kw name="Open Browser" library="SeleniumLibrary">
<arg>about:blank</arg>
<arg>${BROWSER}</arg>
<doc>Opens a new browser instance to the optional ``url``.</doc>
<msg timestamp="20230122 21:28:39.875" level="INFO">Opening browser 'Chrome' to base url 'about:blank'.</msg>
<status status="PASS" starttime="20230122 21:28:39.874" endtime="20230122 21:28:42.925"/>
</kw>
<kw name="Maximize Browser Window" library="SeleniumLibrary">
<doc>Maximizes current browser window.</doc>
<status status="PASS" starttime="20230122 21:28:42.926" endtime="20230122 21:28:43.686"/>
</kw>
<status status="PASS" starttime="20230122 21:28:39.873" endtime="20230122 21:28:43.687"/>
</kw>
<kw name="Go to Landing Page" library="SaucedemoApp">
<kw name="Navigate To" library="Landing">
<kw name="Go To" library="SeleniumLibrary">
<arg>${URL_LANDING}</arg>
<doc>Navigates the current browser window to the provided ``url``.</doc>
<msg timestamp="20230122 21:28:43.688" level="INFO">Opening url 'https://www.saucedemo.com/'</msg>
<status status="PASS" starttime="20230122 21:28:43.688" endtime="20230122 21:28:46.114"/>
</kw>
<status status="PASS" starttime="20230122 21:28:43.688" endtime="20230122 21:28:46.114"/>
</kw>
<kw name="Verify you are on a correct page" library="Landing">
<kw name="Wait Until Page Contains Element" library="SeleniumLibrary">
<arg>${LOGIN_BUTTON}</arg>
<doc>Waits until the element ``locator`` appears on the current page.</doc>
<status status="PASS" starttime="20230122 21:28:46.115" endtime="20230122 21:28:46.637"/>
</kw>
<status status="PASS" starttime="20230122 21:28:46.114" endtime="20230122 21:28:46.638"/>
</kw>
<status status="PASS" starttime="20230122 21:28:43.687" endtime="20230122 21:28:46.638"/>
</kw>
<kw name="Sign in with correct credentials" library="SaucedemoApp">
<kw name="Correct credentials" library="Login">
<kw name="Input Text" library="SeleniumLibrary">
<arg>${USERNAME_FIELD}</arg>
<arg>${CORRECT_USERNAME}</arg>
<doc>Types the given ``text`` into the text field identified by ``locator``.</doc>
<msg timestamp="20230122 21:28:46.640" level="INFO">Typing text 'standard_user' into text field 'id=user-name'.</msg>
<status status="PASS" starttime="20230122 21:28:46.639" endtime="20230122 21:28:48.324"/>
</kw>
<kw name="Input Text" library="SeleniumLibrary">
<arg>${USERNAME_PASSWORD}</arg>
<arg>${CORRECT_PASSWORD}</arg>
<doc>Types the given ``text`` into the text field identified by ``locator``.</doc>
<msg timestamp="20230122 21:28:48.326" level="INFO">Typing text 'secret_sauce' into text field 'id=password'.</msg>
<status status="PASS" starttime="20230122 21:28:48.325" endtime="20230122 21:28:49.955"/>
</kw>
<kw name="Click Button" library="SeleniumLibrary">
<arg>${LOGIN_BUTTON}</arg>
<doc>Clicks the button identified by ``locator``.</doc>
<msg timestamp="20230122 21:28:49.956" level="INFO">Clicking button 'login-button'.</msg>
<status status="PASS" starttime="20230122 21:28:49.955" endtime="20230122 21:28:51.621"/>
</kw>
<status status="PASS" starttime="20230122 21:28:46.639" endtime="20230122 21:28:51.621"/>
</kw>
<kw name="Verify you are on a correct page" library="Products">
<kw name="Wait Until Page Contains" library="SeleniumLibrary">
<arg>Products</arg>
<doc>Waits until ``text`` appears on the current page.</doc>
<status status="PASS" starttime="20230122 21:28:51.622" endtime="20230122 21:28:52.138"/>
</kw>
<status status="PASS" starttime="20230122 21:28:51.621" endtime="20230122 21:28:52.139"/>
</kw>
<status status="PASS" starttime="20230122 21:28:46.638" endtime="20230122 21:28:52.139"/>
</kw>
<kw name="End Test" library="Common" type="TEARDOWN">
<kw name="Close All Browsers" library="SeleniumLibrary">
<doc>Closes all open browsers and resets the browser cache.</doc>
<status status="PASS" starttime="20230122 21:28:52.140" endtime="20230122 21:28:52.755"/>
</kw>
<status status="PASS" starttime="20230122 21:28:52.139" endtime="20230122 21:28:52.756"/>
</kw>
<status status="PASS" starttime="20230122 21:28:39.872" endtime="20230122 21:28:52.756"/>
</test>
<test id="s1-t6" name="Sorting &quot;Products&quot; page &quot;Z-A&quot; is successful" line="33">
<kw name="Begin Test" library="Common" type="SETUP">
<kw name="Set Selenium Speed" library="SeleniumLibrary">
<arg>0.5</arg>
<doc>Sets the delay that is waited after each Selenium command.</doc>
<status status="PASS" starttime="20230122 21:28:52.759" endtime="20230122 21:28:52.760"/>
</kw>
<kw name="Open Browser" library="SeleniumLibrary">
<arg>about:blank</arg>
<arg>${BROWSER}</arg>
<doc>Opens a new browser instance to the optional ``url``.</doc>
<msg timestamp="20230122 21:28:52.761" level="INFO">Opening browser 'Chrome' to base url 'about:blank'.</msg>
<status status="PASS" starttime="20230122 21:28:52.760" endtime="20230122 21:28:56.047"/>
</kw>
<kw name="Maximize Browser Window" library="SeleniumLibrary">
<doc>Maximizes current browser window.</doc>
<status status="PASS" starttime="20230122 21:28:56.047" endtime="20230122 21:28:56.819"/>
</kw>
<status status="PASS" starttime="20230122 21:28:52.758" endtime="20230122 21:28:56.820"/>
</kw>
<kw name="Go to Landing Page" library="SaucedemoApp">
<kw name="Navigate To" library="Landing">
<kw name="Go To" library="SeleniumLibrary">
<arg>${URL_LANDING}</arg>
<doc>Navigates the current browser window to the provided ``url``.</doc>
<msg timestamp="20230122 21:28:56.821" level="INFO">Opening url 'https://www.saucedemo.com/'</msg>
<status status="PASS" starttime="20230122 21:28:56.821" endtime="20230122 21:28:59.185"/>
</kw>
<status status="PASS" starttime="20230122 21:28:56.821" endtime="20230122 21:28:59.185"/>
</kw>
<kw name="Verify you are on a correct page" library="Landing">
<kw name="Wait Until Page Contains Element" library="SeleniumLibrary">
<arg>${LOGIN_BUTTON}</arg>
<doc>Waits until the element ``locator`` appears on the current page.</doc>
<status status="PASS" starttime="20230122 21:28:59.185" endtime="20230122 21:28:59.710"/>
</kw>
<status status="PASS" starttime="20230122 21:28:59.185" endtime="20230122 21:28:59.710"/>
</kw>
<status status="PASS" starttime="20230122 21:28:56.820" endtime="20230122 21:28:59.710"/>
</kw>
<kw name="Sign in with correct credentials" library="SaucedemoApp">
<kw name="Correct credentials" library="Login">
<kw name="Input Text" library="SeleniumLibrary">
<arg>${USERNAME_FIELD}</arg>
<arg>${CORRECT_USERNAME}</arg>
<doc>Types the given ``text`` into the text field identified by ``locator``.</doc>
<msg timestamp="20230122 21:28:59.712" level="INFO">Typing text 'standard_user' into text field 'id=user-name'.</msg>
<status status="PASS" starttime="20230122 21:28:59.711" endtime="20230122 21:29:01.444"/>
</kw>
<kw name="Input Text" library="SeleniumLibrary">
<arg>${USERNAME_PASSWORD}</arg>
<arg>${CORRECT_PASSWORD}</arg>
<doc>Types the given ``text`` into the text field identified by ``locator``.</doc>
<msg timestamp="20230122 21:29:01.447" level="INFO">Typing text 'secret_sauce' into text field 'id=password'.</msg>
<status status="PASS" starttime="20230122 21:29:01.445" endtime="20230122 21:29:03.095"/>
</kw>
<kw name="Click Button" library="SeleniumLibrary">
<arg>${LOGIN_BUTTON}</arg>
<doc>Clicks the button identified by ``locator``.</doc>
<msg timestamp="20230122 21:29:03.096" level="INFO">Clicking button 'login-button'.</msg>
<status status="PASS" starttime="20230122 21:29:03.095" endtime="20230122 21:29:04.783"/>
</kw>
<status status="PASS" starttime="20230122 21:28:59.711" endtime="20230122 21:29:04.783"/>
</kw>
<kw name="Verify you are on a correct page" library="Products">
<kw name="Wait Until Page Contains" library="SeleniumLibrary">
<arg>Products</arg>
<doc>Waits until ``text`` appears on the current page.</doc>
<status status="PASS" starttime="20230122 21:29:04.783" endtime="20230122 21:29:05.300"/>
</kw>
<status status="PASS" starttime="20230122 21:29:04.783" endtime="20230122 21:29:05.301"/>
</kw>
<status status="PASS" starttime="20230122 21:28:59.710" endtime="20230122 21:29:05.301"/>
</kw>
<kw name="Select &quot;Z-A&quot; from drop-down list" library="SaucedemoApp">
<kw name="Verify you are on a correct page" library="Products">
<kw name="Wait Until Page Contains" library="SeleniumLibrary">
<arg>Products</arg>
<doc>Waits until ``text`` appears on the current page.</doc>
<status status="PASS" starttime="20230122 21:29:05.302" endtime="20230122 21:29:05.819"/>
</kw>
<status status="PASS" starttime="20230122 21:29:05.302" endtime="20230122 21:29:05.819"/>
</kw>
<kw name="Filter &quot;Z-A&quot;" library="Products">
<kw name="Wait Until Element Is Visible" library="SeleniumLibrary">
<arg>${dropdown}</arg>
<doc>Waits until the element ``locator`` is visible.</doc>
<status status="PASS" starttime="20230122 21:29:05.820" endtime="20230122 21:29:06.862"/>
</kw>
<kw name="Select From List By Label" library="SeleniumLibrary">
<arg>${dropdown}</arg>
<arg>Name (Z to A)</arg>
<doc>Selects options from selection list ``locator`` by ``labels``.</doc>
<msg timestamp="20230122 21:29:06.864" level="INFO">Selecting options from selection list '//body/div[@id='root']/div[@id='page_wrapper']/div[@id='contents_wrapper']/div[@id='header_container']/div[2]/div[2]/span[1]/select[1]' by label Name (Z to A).</msg>
<status status="PASS" starttime="20230122 21:29:06.863" endtime="20230122 21:29:10.997"/>
</kw>
<status status="PASS" starttime="20230122 21:29:05.820" endtime="20230122 21:29:10.997"/>
</kw>
<status status="PASS" starttime="20230122 21:29:05.301" endtime="20230122 21:29:10.997"/>
</kw>
<kw name="End Test" library="Common" type="TEARDOWN">
<kw name="Close All Browsers" library="SeleniumLibrary">
<doc>Closes all open browsers and resets the browser cache.</doc>
<status status="PASS" starttime="20230122 21:29:10.998" endtime="20230122 21:29:11.579"/>
</kw>
<status status="PASS" starttime="20230122 21:29:10.998" endtime="20230122 21:29:11.580"/>
</kw>
<status status="PASS" starttime="20230122 21:28:52.757" endtime="20230122 21:29:11.581"/>
</test>
<test id="s1-t7" name="Sorting &quot;Products&quot; page &quot;A-Z&quot; is successful" line="38">
<kw name="Begin Test" library="Common" type="SETUP">
<kw name="Set Selenium Speed" library="SeleniumLibrary">
<arg>0.5</arg>
<doc>Sets the delay that is waited after each Selenium command.</doc>
<status status="PASS" starttime="20230122 21:29:11.584" endtime="20230122 21:29:11.584"/>
</kw>
<kw name="Open Browser" library="SeleniumLibrary">
<arg>about:blank</arg>
<arg>${BROWSER}</arg>
<doc>Opens a new browser instance to the optional ``url``.</doc>
<msg timestamp="20230122 21:29:11.586" level="INFO">Opening browser 'Chrome' to base url 'about:blank'.</msg>
<status status="PASS" starttime="20230122 21:29:11.584" endtime="20230122 21:29:14.107"/>
</kw>
<kw name="Maximize Browser Window" library="SeleniumLibrary">
<doc>Maximizes current browser window.</doc>
<status status="PASS" starttime="20230122 21:29:14.107" endtime="20230122 21:29:14.873"/>
</kw>
<status status="PASS" starttime="20230122 21:29:11.583" endtime="20230122 21:29:14.874"/>
</kw>
<kw name="Go to Landing Page" library="SaucedemoApp">
<kw name="Navigate To" library="Landing">
<kw name="Go To" library="SeleniumLibrary">
<arg>${URL_LANDING}</arg>
<doc>Navigates the current browser window to the provided ``url``.</doc>
<msg timestamp="20230122 21:29:14.876" level="INFO">Opening url 'https://www.saucedemo.com/'</msg>
<status status="PASS" starttime="20230122 21:29:14.875" endtime="20230122 21:29:16.732"/>
</kw>
<status status="PASS" starttime="20230122 21:29:14.875" endtime="20230122 21:29:16.732"/>
</kw>
<kw name="Verify you are on a correct page" library="Landing">
<kw name="Wait Until Page Contains Element" library="SeleniumLibrary">
<arg>${LOGIN_BUTTON}</arg>
<doc>Waits until the element ``locator`` appears on the current page.</doc>
<status status="PASS" starttime="20230122 21:29:16.733" endtime="20230122 21:29:17.252"/>
</kw>
<status status="PASS" starttime="20230122 21:29:16.732" endtime="20230122 21:29:17.252"/>
</kw>
<status status="PASS" starttime="20230122 21:29:14.874" endtime="20230122 21:29:17.252"/>
</kw>
<kw name="Sign in with correct credentials" library="SaucedemoApp">
<kw name="Correct credentials" library="Login">
<kw name="Input Text" library="SeleniumLibrary">
<arg>${USERNAME_FIELD}</arg>
<arg>${CORRECT_USERNAME}</arg>
<doc>Types the given ``text`` into the text field identified by ``locator``.</doc>
<msg timestamp="20230122 21:29:17.254" level="INFO">Typing text 'standard_user' into text field 'id=user-name'.</msg>
<status status="PASS" starttime="20230122 21:29:17.253" endtime="20230122 21:29:18.964"/>
</kw>
<kw name="Input Text" library="SeleniumLibrary">
<arg>${USERNAME_PASSWORD}</arg>
<arg>${CORRECT_PASSWORD}</arg>
<doc>Types the given ``text`` into the text field identified by ``locator``.</doc>
<msg timestamp="20230122 21:29:18.966" level="INFO">Typing text 'secret_sauce' into text field 'id=password'.</msg>
<status status="PASS" starttime="20230122 21:29:18.964" endtime="20230122 21:29:20.601"/>
</kw>
<kw name="Click Button" library="SeleniumLibrary">
<arg>${LOGIN_BUTTON}</arg>
<doc>Clicks the button identified by ``locator``.</doc>
<msg timestamp="20230122 21:29:20.602" level="INFO">Clicking button 'login-button'.</msg>
<status status="PASS" starttime="20230122 21:29:20.601" endtime="20230122 21:29:22.294"/>
</kw>
<status status="PASS" starttime="20230122 21:29:17.253" endtime="20230122 21:29:22.294"/>
</kw>
<kw name="Verify you are on a correct page" library="Products">
<kw name="Wait Until Page Contains" library="SeleniumLibrary">
<arg>Products</arg>
<doc>Waits until ``text`` appears on the current page.</doc>
<status status="PASS" starttime="20230122 21:29:22.295" endtime="20230122 21:29:22.812"/>
</kw>
<status status="PASS" starttime="20230122 21:29:22.295" endtime="20230122 21:29:22.812"/>
</kw>
<status status="PASS" starttime="20230122 21:29:17.253" endtime="20230122 21:29:22.813"/>
</kw>
<kw name="Select &quot;A-Z&quot; from drop-down list" library="SaucedemoApp">
<kw name="Verify you are on a correct page" library="Products">
<kw name="Wait Until Page Contains" library="SeleniumLibrary">
<arg>Products</arg>
<doc>Waits until ``text`` appears on the current page.</doc>
<status status="PASS" starttime="20230122 21:29:22.814" endtime="20230122 21:29:23.325"/>
</kw>
<status status="PASS" starttime="20230122 21:29:22.814" endtime="20230122 21:29:23.325"/>
</kw>
<kw name="Filter &quot;A-Z&quot;" library="Products">
<kw name="Wait Until Element Is Visible" library="SeleniumLibrary">
<arg>${dropdown}</arg>
<doc>Waits until the element ``locator`` is visible.</doc>
<status status="PASS" starttime="20230122 21:29:23.326" endtime="20230122 21:29:24.359"/>
</kw>
<kw name="Select From List By Label" library="SeleniumLibrary">
<arg>${dropdown}</arg>
<arg>Name (A to Z)</arg>
<doc>Selects options from selection list ``locator`` by ``labels``.</doc>
<msg timestamp="20230122 21:29:24.360" level="INFO">Selecting options from selection list '//body/div[@id='root']/div[@id='page_wrapper']/div[@id='contents_wrapper']/div[@id='header_container']/div[2]/div[2]/span[1]/select[1]' by label Name (A to Z).</msg>
<status status="PASS" starttime="20230122 21:29:24.359" endtime="20230122 21:29:27.428"/>
</kw>
<status status="PASS" starttime="20230122 21:29:23.326" endtime="20230122 21:29:27.429"/>
</kw>
<status status="PASS" starttime="20230122 21:29:22.813" endtime="20230122 21:29:27.429"/>
</kw>
<kw name="End Test" library="Common" type="TEARDOWN">
<kw name="Close All Browsers" library="SeleniumLibrary">
<doc>Closes all open browsers and resets the browser cache.</doc>
<status status="PASS" starttime="20230122 21:29:27.430" endtime="20230122 21:29:28.004"/>
</kw>
<status status="PASS" starttime="20230122 21:29:27.429" endtime="20230122 21:29:28.005"/>
</kw>
<status status="PASS" starttime="20230122 21:29:11.582" endtime="20230122 21:29:28.005"/>
</test>
<test id="s1-t8" name="Sorting &quot;Products&quot; page by price low to high is successful" line="43">
<kw name="Begin Test" library="Common" type="SETUP">
<kw name="Set Selenium Speed" library="SeleniumLibrary">
<arg>0.5</arg>
<doc>Sets the delay that is waited after each Selenium command.</doc>
<status status="PASS" starttime="20230122 21:29:28.008" endtime="20230122 21:29:28.008"/>
</kw>
<kw name="Open Browser" library="SeleniumLibrary">
<arg>about:blank</arg>
<arg>${BROWSER}</arg>
<doc>Opens a new browser instance to the optional ``url``.</doc>
<msg timestamp="20230122 21:29:28.010" level="INFO">Opening browser 'Chrome' to base url 'about:blank'.</msg>
<status status="PASS" starttime="20230122 21:29:28.009" endtime="20230122 21:29:30.674"/>
</kw>
<kw name="Maximize Browser Window" library="SeleniumLibrary">
<doc>Maximizes current browser window.</doc>
<status status="PASS" starttime="20230122 21:29:30.862" endtime="20230122 21:29:31.622"/>
</kw>
<status status="PASS" starttime="20230122 21:29:28.007" endtime="20230122 21:29:31.622"/>
</kw>
<kw name="Go to Landing Page" library="SaucedemoApp">
<kw name="Navigate To" library="Landing">
<kw name="Go To" library="SeleniumLibrary">
<arg>${URL_LANDING}</arg>
<doc>Navigates the current browser window to the provided ``url``.</doc>
<msg timestamp="20230122 21:29:31.624" level="INFO">Opening url 'https://www.saucedemo.com/'</msg>
<status status="PASS" starttime="20230122 21:29:31.624" endtime="20230122 21:29:33.129"/>
</kw>
<status status="PASS" starttime="20230122 21:29:31.623" endtime="20230122 21:29:33.129"/>
</kw>
<kw name="Verify you are on a correct page" library="Landing">
<kw name="Wait Until Page Contains Element" library="SeleniumLibrary">
<arg>${LOGIN_BUTTON}</arg>
<doc>Waits until the element ``locator`` appears on the current page.</doc>
<status status="PASS" starttime="20230122 21:29:33.130" endtime="20230122 21:29:33.649"/>
</kw>
<status status="PASS" starttime="20230122 21:29:33.129" endtime="20230122 21:29:33.649"/>
</kw>
<status status="PASS" starttime="20230122 21:29:31.623" endtime="20230122 21:29:33.649"/>
</kw>
<kw name="Sign in with correct credentials" library="SaucedemoApp">
<kw name="Correct credentials" library="Login">
<kw name="Input Text" library="SeleniumLibrary">
<arg>${USERNAME_FIELD}</arg>
<arg>${CORRECT_USERNAME}</arg>
<doc>Types the given ``text`` into the text field identified by ``locator``.</doc>
<msg timestamp="20230122 21:29:33.651" level="INFO">Typing text 'standard_user' into text field 'id=user-name'.</msg>
<status status="PASS" starttime="20230122 21:29:33.650" endtime="20230122 21:29:35.354"/>
</kw>
<kw name="Input Text" library="SeleniumLibrary">
<arg>${USERNAME_PASSWORD}</arg>
<arg>${CORRECT_PASSWORD}</arg>
<doc>Types the given ``text`` into the text field identified by ``locator``.</doc>
<msg timestamp="20230122 21:29:35.356" level="INFO">Typing text 'secret_sauce' into text field 'id=password'.</msg>
<status status="PASS" starttime="20230122 21:29:35.355" endtime="20230122 21:29:36.996"/>
</kw>
<kw name="Click Button" library="SeleniumLibrary">
<arg>${LOGIN_BUTTON}</arg>
<doc>Clicks the button identified by ``locator``.</doc>
<msg timestamp="20230122 21:29:36.997" level="INFO">Clicking button 'login-button'.</msg>
<status status="PASS" starttime="20230122 21:29:36.997" endtime="20230122 21:29:38.677"/>
</kw>
<status status="PASS" starttime="20230122 21:29:33.650" endtime="20230122 21:29:38.678"/>
</kw>
<kw name="Verify you are on a correct page" library="Products">
<kw name="Wait Until Page Contains" library="SeleniumLibrary">
<arg>Products</arg>
<doc>Waits until ``text`` appears on the current page.</doc>
<status status="PASS" starttime="20230122 21:29:38.678" endtime="20230122 21:29:39.195"/>
</kw>
<status status="PASS" starttime="20230122 21:29:38.678" endtime="20230122 21:29:39.195"/>
</kw>
<status status="PASS" starttime="20230122 21:29:33.649" endtime="20230122 21:29:39.195"/>
</kw>
<kw name="Select price &quot;low-high&quot; from drop-down list" library="SaucedemoApp">
<kw name="Verify you are on a correct page" library="Products">
<kw name="Wait Until Page Contains" library="SeleniumLibrary">
<arg>Products</arg>
<doc>Waits until ``text`` appears on the current page.</doc>
<status status="PASS" starttime="20230122 21:29:39.196" endtime="20230122 21:29:39.709"/>
</kw>
<status status="PASS" starttime="20230122 21:29:39.196" endtime="20230122 21:29:39.709"/>
</kw>
<kw name="Filter price &quot;low-high&quot;" library="Products">
<kw name="Wait Until Element Is Visible" library="SeleniumLibrary">
<arg>${dropdown}</arg>
<doc>Waits until the element ``locator`` is visible.</doc>
<status status="PASS" starttime="20230122 21:29:39.710" endtime="20230122 21:29:40.743"/>
</kw>
<kw name="Select From List By Label" library="SeleniumLibrary">
<arg>${dropdown}</arg>
<arg>Price (low to high)</arg>
<doc>Selects options from selection list ``locator`` by ``labels``.</doc>
<msg timestamp="20230122 21:29:40.744" level="INFO">Selecting options from selection list '//body/div[@id='root']/div[@id='page_wrapper']/div[@id='contents_wrapper']/div[@id='header_container']/div[2]/div[2]/span[1]/select[1]' by label Price (low to high).</msg>
<status status="PASS" starttime="20230122 21:29:40.744" endtime="20230122 21:29:44.883"/>
</kw>
<status status="PASS" starttime="20230122 21:29:39.709" endtime="20230122 21:29:44.883"/>
</kw>
<status status="PASS" starttime="20230122 21:29:39.196" endtime="20230122 21:29:44.883"/>
</kw>
<kw name="End Test" library="Common" type="TEARDOWN">
<kw name="Close All Browsers" library="SeleniumLibrary">
<doc>Closes all open browsers and resets the browser cache.</doc>
<status status="PASS" starttime="20230122 21:29:44.884" endtime="20230122 21:29:45.454"/>
</kw>
<status status="PASS" starttime="20230122 21:29:44.883" endtime="20230122 21:29:45.455"/>
</kw>
<status status="PASS" starttime="20230122 21:29:28.006" endtime="20230122 21:29:45.455"/>
</test>
<test id="s1-t9" name="Sorting &quot;Products&quot; page by price high to low is successful" line="48">
<kw name="Begin Test" library="Common" type="SETUP">
<kw name="Set Selenium Speed" library="SeleniumLibrary">
<arg>0.5</arg>
<doc>Sets the delay that is waited after each Selenium command.</doc>
<status status="PASS" starttime="20230122 21:29:45.458" endtime="20230122 21:29:45.458"/>
</kw>
<kw name="Open Browser" library="SeleniumLibrary">
<arg>about:blank</arg>
<arg>${BROWSER}</arg>
<doc>Opens a new browser instance to the optional ``url``.</doc>
<msg timestamp="20230122 21:29:45.460" level="INFO">Opening browser 'Chrome' to base url 'about:blank'.</msg>
<status status="PASS" starttime="20230122 21:29:45.459" endtime="20230122 21:29:48.466"/>
</kw>
<kw name="Maximize Browser Window" library="SeleniumLibrary">
<doc>Maximizes current browser window.</doc>
<status status="PASS" starttime="20230122 21:29:48.466" endtime="20230122 21:29:49.224"/>
</kw>
<status status="PASS" starttime="20230122 21:29:45.457" endtime="20230122 21:29:49.224"/>
</kw>
<kw name="Go to Landing Page" library="SaucedemoApp">
<kw name="Navigate To" library="Landing">
<kw name="Go To" library="SeleniumLibrary">
<arg>${URL_LANDING}</arg>
<doc>Navigates the current browser window to the provided ``url``.</doc>
<msg timestamp="20230122 21:29:49.228" level="INFO">Opening url 'https://www.saucedemo.com/'</msg>
<status status="PASS" starttime="20230122 21:29:49.227" endtime="20230122 21:29:50.904"/>
</kw>
<status status="PASS" starttime="20230122 21:29:49.226" endtime="20230122 21:29:50.905"/>
</kw>
<kw name="Verify you are on a correct page" library="Landing">
<kw name="Wait Until Page Contains Element" library="SeleniumLibrary">
<arg>${LOGIN_BUTTON}</arg>
<doc>Waits until the element ``locator`` appears on the current page.</doc>
<status status="PASS" starttime="20230122 21:29:50.905" endtime="20230122 21:29:51.427"/>
</kw>
<status status="PASS" starttime="20230122 21:29:50.905" endtime="20230122 21:29:51.427"/>
</kw>
<status status="PASS" starttime="20230122 21:29:49.225" endtime="20230122 21:29:51.428"/>
</kw>
<kw name="Sign in with correct credentials" library="SaucedemoApp">
<kw name="Correct credentials" library="Login">
<kw name="Input Text" library="SeleniumLibrary">
<arg>${USERNAME_FIELD}</arg>
<arg>${CORRECT_USERNAME}</arg>
<doc>Types the given ``text`` into the text field identified by ``locator``.</doc>
<msg timestamp="20230122 21:29:51.430" level="INFO">Typing text 'standard_user' into text field 'id=user-name'.</msg>
<status status="PASS" starttime="20230122 21:29:51.429" endtime="20230122 21:29:53.122"/>
</kw>
<kw name="Input Text" library="SeleniumLibrary">
<arg>${USERNAME_PASSWORD}</arg>
<arg>${CORRECT_PASSWORD}</arg>
<doc>Types the given ``text`` into the text field identified by ``locator``.</doc>
<msg timestamp="20230122 21:29:53.123" level="INFO">Typing text 'secret_sauce' into text field 'id=password'.</msg>
<status status="PASS" starttime="20230122 21:29:53.122" endtime="20230122 21:29:54.754"/>
</kw>
<kw name="Click Button" library="SeleniumLibrary">
<arg>${LOGIN_BUTTON}</arg>
<doc>Clicks the button identified by ``locator``.</doc>
<msg timestamp="20230122 21:29:54.756" level="INFO">Clicking button 'login-button'.</msg>
<status status="PASS" starttime="20230122 21:29:54.754" endtime="20230122 21:29:56.427"/>
</kw>
<status status="PASS" starttime="20230122 21:29:51.428" endtime="20230122 21:29:56.427"/>
</kw>
<kw name="Verify you are on a correct page" library="Products">
<kw name="Wait Until Page Contains" library="SeleniumLibrary">
<arg>Products</arg>
<doc>Waits until ``text`` appears on the current page.</doc>
<status status="PASS" starttime="20230122 21:29:56.428" endtime="20230122 21:29:56.947"/>
</kw>
<status status="PASS" starttime="20230122 21:29:56.428" endtime="20230122 21:29:56.948"/>
</kw>
<status status="PASS" starttime="20230122 21:29:51.428" endtime="20230122 21:29:56.948"/>
</kw>
<kw name="Select price &quot;high-low&quot; from drop-down list" library="SaucedemoApp">
<kw name="Verify you are on a correct page" library="Products">
<kw name="Wait Until Page Contains" library="SeleniumLibrary">
<arg>Products</arg>
<doc>Waits until ``text`` appears on the current page.</doc>
<status status="PASS" starttime="20230122 21:29:56.950" endtime="20230122 21:29:57.467"/>
</kw>
<status status="PASS" starttime="20230122 21:29:56.950" endtime="20230122 21:29:57.467"/>
</kw>
<kw name="Filter price &quot;high-low&quot;" library="Products">
<kw name="Wait Until Element Is Visible" library="SeleniumLibrary">
<arg>${dropdown}</arg>
<doc>Waits until the element ``locator`` is visible.</doc>
<status status="PASS" starttime="20230122 21:29:57.468" endtime="20230122 21:29:58.504"/>
</kw>
<kw name="Select From List By Label" library="SeleniumLibrary">
<arg>${dropdown}</arg>
<arg>Price (high to low)</arg>
<doc>Selects options from selection list ``locator`` by ``labels``.</doc>
<msg timestamp="20230122 21:29:58.505" level="INFO">Selecting options from selection list '//body/div[@id='root']/div[@id='page_wrapper']/div[@id='contents_wrapper']/div[@id='header_container']/div[2]/div[2]/span[1]/select[1]' by label Price (high to low).</msg>
<status status="PASS" starttime="20230122 21:29:58.505" endtime="20230122 21:30:02.631"/>
</kw>
<status status="PASS" starttime="20230122 21:29:57.468" endtime="20230122 21:30:02.632"/>
</kw>
<status status="PASS" starttime="20230122 21:29:56.949" endtime="20230122 21:30:02.632"/>
</kw>
<kw name="End Test" library="Common" type="TEARDOWN">
<kw name="Close All Browsers" library="SeleniumLibrary">
<doc>Closes all open browsers and resets the browser cache.</doc>
<status status="PASS" starttime="20230122 21:30:02.633" endtime="20230122 21:30:03.208"/>
</kw>
<status status="PASS" starttime="20230122 21:30:02.632" endtime="20230122 21:30:03.208"/>
</kw>
<status status="PASS" starttime="20230122 21:29:45.456" endtime="20230122 21:30:03.208"/>
</test>
<test id="s1-t10" name="Adding one product to cart is successful" line="53">
<kw name="Begin Test" library="Common" type="SETUP">
<kw name="Set Selenium Speed" library="SeleniumLibrary">
<arg>0.5</arg>
<doc>Sets the delay that is waited after each Selenium command.</doc>
<status status="PASS" starttime="20230122 21:30:03.211" endtime="20230122 21:30:03.211"/>
</kw>
<kw name="Open Browser" library="SeleniumLibrary">
<arg>about:blank</arg>
<arg>${BROWSER}</arg>
<doc>Opens a new browser instance to the optional ``url``.</doc>
<msg timestamp="20230122 21:30:03.213" level="INFO">Opening browser 'Chrome' to base url 'about:blank'.</msg>
<status status="PASS" starttime="20230122 21:30:03.211" endtime="20230122 21:30:06.029"/>
</kw>
<kw name="Maximize Browser Window" library="SeleniumLibrary">
<doc>Maximizes current browser window.</doc>
<status status="PASS" starttime="20230122 21:30:06.030" endtime="20230122 21:30:06.805"/>
</kw>
<status status="PASS" starttime="20230122 21:30:03.210" endtime="20230122 21:30:06.805"/>
</kw>
<kw name="Go to Landing Page" library="SaucedemoApp">
<kw name="Navigate To" library="Landing">
<kw name="Go To" library="SeleniumLibrary">
<arg>${URL_LANDING}</arg>
<doc>Navigates the current browser window to the provided ``url``.</doc>
<msg timestamp="20230122 21:30:06.807" level="INFO">Opening url 'https://www.saucedemo.com/'</msg>
<status status="PASS" starttime="20230122 21:30:06.807" endtime="20230122 21:30:08.268"/>
</kw>
<status status="PASS" starttime="20230122 21:30:06.806" endtime="20230122 21:30:08.268"/>
</kw>
<kw name="Verify you are on a correct page" library="Landing">
<kw name="Wait Until Page Contains Element" library="SeleniumLibrary">
<arg>${LOGIN_BUTTON}</arg>
<doc>Waits until the element ``locator`` appears on the current page.</doc>
<status status="PASS" starttime="20230122 21:30:08.269" endtime="20230122 21:30:08.787"/>
</kw>
<status status="PASS" starttime="20230122 21:30:08.268" endtime="20230122 21:30:08.788"/>
</kw>
<status status="PASS" starttime="20230122 21:30:06.806" endtime="20230122 21:30:08.788"/>
</kw>
<kw name="Sign in with correct credentials" library="SaucedemoApp">
<kw name="Correct credentials" library="Login">
<kw name="Input Text" library="SeleniumLibrary">
<arg>${USERNAME_FIELD}</arg>
<arg>${CORRECT_USERNAME}</arg>
<doc>Types the given ``text`` into the text field identified by ``locator``.</doc>
<msg timestamp="20230122 21:30:08.789" level="INFO">Typing text 'standard_user' into text field 'id=user-name'.</msg>
<status status="PASS" starttime="20230122 21:30:08.789" endtime="20230122 21:30:10.474"/>
</kw>
<kw name="Input Text" library="SeleniumLibrary">
<arg>${USERNAME_PASSWORD}</arg>
<arg>${CORRECT_PASSWORD}</arg>
<doc>Types the given ``text`` into the text field identified by ``locator``.</doc>
<msg timestamp="20230122 21:30:10.476" level="INFO">Typing text 'secret_sauce' into text field 'id=password'.</msg>
<status status="PASS" starttime="20230122 21:30:10.475" endtime="20230122 21:30:12.121"/>
</kw>
<kw name="Click Button" library="SeleniumLibrary">
<arg>${LOGIN_BUTTON}</arg>
<doc>Clicks the button identified by ``locator``.</doc>
<msg timestamp="20230122 21:30:12.123" level="INFO">Clicking button 'login-button'.</msg>
<status status="PASS" starttime="20230122 21:30:12.122" endtime="20230122 21:30:13.794"/>
</kw>
<status status="PASS" starttime="20230122 21:30:08.788" endtime="20230122 21:30:13.794"/>
</kw>
<kw name="Verify you are on a correct page" library="Products">
<kw name="Wait Until Page Contains" library="SeleniumLibrary">
<arg>Products</arg>
<doc>Waits until ``text`` appears on the current page.</doc>
<status status="PASS" starttime="20230122 21:30:13.795" endtime="20230122 21:30:14.315"/>
</kw>
<status status="PASS" starttime="20230122 21:30:13.794" endtime="20230122 21:30:14.316"/>
</kw>
<status status="PASS" starttime="20230122 21:30:08.788" endtime="20230122 21:30:14.316"/>
</kw>
<kw name="Add one product to cart" library="SaucedemoApp">
<kw name="Verify you are on a correct page" library="Products">
<kw name="Wait Until Page Contains" library="SeleniumLibrary">
<arg>Products</arg>
<doc>Waits until ``text`` appears on the current page.</doc>
<status status="PASS" starttime="20230122 21:30:14.317" endtime="20230122 21:30:14.827"/>
</kw>
<status status="PASS" starttime="20230122 21:30:14.316" endtime="20230122 21:30:14.827"/>
</kw>
<kw name="Add one product" library="Products">
<kw name="Click Button" library="SeleniumLibrary">
<arg>${BACKPACK_ADD_TO_CART}</arg>
<doc>Clicks the button identified by ``locator``.</doc>
<msg timestamp="20230122 21:30:14.829" level="INFO">Clicking button 'add-to-cart-sauce-labs-backpack'.</msg>
<status status="PASS" starttime="20230122 21:30:14.828" endtime="20230122 21:30:16.908"/>
</kw>
<status status="PASS" starttime="20230122 21:30:14.827" endtime="20230122 21:30:16.908"/>
</kw>
<kw name="Verify that cart has 1 item inside" library="Products">
<kw name="Element Should Contain" library="SeleniumLibrary">
<arg>${SHOPPING_CART}</arg>
<arg>1</arg>
<doc>Verifies that element ``locator`` contains text ``expected``.</doc>
<msg timestamp="20230122 21:30:17.945" level="INFO">Element 'class=shopping_cart_badge' contains text '1'.</msg>
<status status="PASS" starttime="20230122 21:30:16.909" endtime="20230122 21:30:17.945"/>
</kw>
<status status="PASS" starttime="20230122 21:30:16.908" endtime="20230122 21:30:17.945"/>
</kw>
<status status="PASS" starttime="20230122 21:30:14.316" endtime="20230122 21:30:17.945"/>
</kw>
<kw name="End Test" library="Common" type="TEARDOWN">
<kw name="Close All Browsers" library="SeleniumLibrary">
<doc>Closes all open browsers and resets the browser cache.</doc>
<status status="PASS" starttime="20230122 21:30:17.946" endtime="20230122 21:30:18.518"/>
</kw>
<status status="PASS" starttime="20230122 21:30:17.946" endtime="20230122 21:30:18.519"/>
</kw>
<status status="PASS" starttime="20230122 21:30:03.209" endtime="20230122 21:30:18.519"/>
</test>
<test id="s1-t11" name="Placing an order with one product is successful" line="58">
<kw name="Begin Test" library="Common" type="SETUP">
<kw name="Set Selenium Speed" library="SeleniumLibrary">
<arg>0.5</arg>
<doc>Sets the delay that is waited after each Selenium command.</doc>
<status status="PASS" starttime="20230122 21:30:18.522" endtime="20230122 21:30:18.522"/>
</kw>
<kw name="Open Browser" library="SeleniumLibrary">
<arg>about:blank</arg>
<arg>${BROWSER}</arg>
<doc>Opens a new browser instance to the optional ``url``.</doc>
<msg timestamp="20230122 21:30:18.524" level="INFO">Opening browser 'Chrome' to base url 'about:blank'.</msg>
<status status="PASS" starttime="20230122 21:30:18.523" endtime="20230122 21:30:21.661"/>
</kw>
<kw name="Maximize Browser Window" library="SeleniumLibrary">
<doc>Maximizes current browser window.</doc>
<status status="PASS" starttime="20230122 21:30:21.661" endtime="20230122 21:30:22.434"/>
</kw>
<status status="PASS" starttime="20230122 21:30:18.521" endtime="20230122 21:30:22.434"/>
</kw>
<kw name="Go to Landing Page" library="SaucedemoApp">
<kw name="Navigate To" library="Landing">
<kw name="Go To" library="SeleniumLibrary">
<arg>${URL_LANDING}</arg>
<doc>Navigates the current browser window to the provided ``url``.</doc>
<msg timestamp="20230122 21:30:22.436" level="INFO">Opening url 'https://www.saucedemo.com/'</msg>
<status status="PASS" starttime="20230122 21:30:22.436" endtime="20230122 21:30:24.045"/>
</kw>
<status status="PASS" starttime="20230122 21:30:22.435" endtime="20230122 21:30:24.045"/>
</kw>
<kw name="Verify you are on a correct page" library="Landing">
<kw name="Wait Until Page Contains Element" library="SeleniumLibrary">
<arg>${LOGIN_BUTTON}</arg>
<doc>Waits until the element ``locator`` appears on the current page.</doc>
<status status="PASS" starttime="20230122 21:30:24.046" endtime="20230122 21:30:24.566"/>
</kw>
<status status="PASS" starttime="20230122 21:30:24.046" endtime="20230122 21:30:24.567"/>
</kw>
<status status="PASS" starttime="20230122 21:30:22.435" endtime="20230122 21:30:24.567"/>
</kw>
<kw name="Sign in with correct credentials" library="SaucedemoApp">
<kw name="Correct credentials" library="Login">
<kw name="Input Text" library="SeleniumLibrary">
<arg>${USERNAME_FIELD}</arg>
<arg>${CORRECT_USERNAME}</arg>
<doc>Types the given ``text`` into the text field identified by ``locator``.</doc>
<msg timestamp="20230122 21:30:24.569" level="INFO">Typing text 'standard_user' into text field 'id=user-name'.</msg>
<status status="PASS" starttime="20230122 21:30:24.568" endtime="20230122 21:30:26.286"/>
</kw>
<kw name="Input Text" library="SeleniumLibrary">
<arg>${USERNAME_PASSWORD}</arg>
<arg>${CORRECT_PASSWORD}</arg>
<doc>Types the given ``text`` into the text field identified by ``locator``.</doc>
<msg timestamp="20230122 21:30:26.287" level="INFO">Typing text 'secret_sauce' into text field 'id=password'.</msg>
<status status="PASS" starttime="20230122 21:30:26.286" endtime="20230122 21:30:27.930"/>
</kw>
<kw name="Click Button" library="SeleniumLibrary">
<arg>${LOGIN_BUTTON}</arg>
<doc>Clicks the button identified by ``locator``.</doc>
<msg timestamp="20230122 21:30:27.931" level="INFO">Clicking button 'login-button'.</msg>
<status status="PASS" starttime="20230122 21:30:27.930" endtime="20230122 21:30:29.610"/>
</kw>
<status status="PASS" starttime="20230122 21:30:24.567" endtime="20230122 21:30:29.610"/>
</kw>
<kw name="Verify you are on a correct page" library="Products">
<kw name="Wait Until Page Contains" library="SeleniumLibrary">
<arg>Products</arg>
<doc>Waits until ``text`` appears on the current page.</doc>
<status status="PASS" starttime="20230122 21:30:29.611" endtime="20230122 21:30:30.128"/>
</kw>
<status status="PASS" starttime="20230122 21:30:29.611" endtime="20230122 21:30:30.129"/>
</kw>
<status status="PASS" starttime="20230122 21:30:24.567" endtime="20230122 21:30:30.129"/>
</kw>
<kw name="Place an order with one product" library="SaucedemoApp">
<kw name="Verify you are on a correct page" library="Products">
<kw name="Wait Until Page Contains" library="SeleniumLibrary">
<arg>Products</arg>
<doc>Waits until ``text`` appears on the current page.</doc>
<status status="PASS" starttime="20230122 21:30:30.130" endtime="20230122 21:30:30.645"/>
</kw>
<status status="PASS" starttime="20230122 21:30:30.130" endtime="20230122 21:30:30.645"/>
</kw>
<kw name="Add one product" library="Products">
<kw name="Click Button" library="SeleniumLibrary">
<arg>${BACKPACK_ADD_TO_CART}</arg>
<doc>Clicks the button identified by ``locator``.</doc>
<msg timestamp="20230122 21:30:30.646" level="INFO">Clicking button 'add-to-cart-sauce-labs-backpack'.</msg>
<status status="PASS" starttime="20230122 21:30:30.646" endtime="20230122 21:30:32.732"/>
</kw>
<status status="PASS" starttime="20230122 21:30:30.645" endtime="20230122 21:30:32.732"/>
</kw>
<kw name="Verify that cart has 1 item inside" library="Products">
<kw name="Element Should Contain" library="SeleniumLibrary">
<arg>${SHOPPING_CART}</arg>
<arg>1</arg>
<doc>Verifies that element ``locator`` contains text ``expected``.</doc>
<msg timestamp="20230122 21:30:33.773" level="INFO">Element 'class=shopping_cart_badge' contains text '1'.</msg>
<status status="PASS" starttime="20230122 21:30:32.733" endtime="20230122 21:30:33.773"/>
</kw>
<status status="PASS" starttime="20230122 21:30:32.732" endtime="20230122 21:30:33.774"/>
</kw>
<kw name="Navigate to" library="Cart">
<kw name="Click Link" library="SeleniumLibrary">
<arg>${CART}</arg>
<doc>Clicks a link identified by ``locator``.</doc>
<msg timestamp="20230122 21:30:33.775" level="INFO">Clicking link 'class=shopping_cart_link'.</msg>
<status status="PASS" starttime="20230122 21:30:33.774" endtime="20230122 21:30:35.360"/>
</kw>
<status status="PASS" starttime="20230122 21:30:33.774" endtime="20230122 21:30:35.360"/>
</kw>
<kw name="Verify you are on a correct page" library="Cart">
<kw name="Wait Until Page Contains" library="SeleniumLibrary">
<arg>Your Cart</arg>
<doc>Waits until ``text`` appears on the current page.</doc>
<status status="PASS" starttime="20230122 21:30:35.361" endtime="20230122 21:30:35.878"/>
</kw>
<status status="PASS" starttime="20230122 21:30:35.361" endtime="20230122 21:30:35.879"/>
</kw>
<kw name="Navigate to" library="Checkout_information">
<kw name="Click Button" library="SeleniumLibrary">
<arg>Checkout</arg>
<doc>Clicks the button identified by ``locator``.</doc>
<msg timestamp="20230122 21:30:35.880" level="INFO">Clicking button 'Checkout'.</msg>
<status status="PASS" starttime="20230122 21:30:35.879" endtime="20230122 21:30:37.981"/>
</kw>
<status status="PASS" starttime="20230122 21:30:35.879" endtime="20230122 21:30:37.981"/>
</kw>
<kw name="Verify you are on a correct page" library="Checkout_information">
<kw name="Wait Until Page Contains" library="SeleniumLibrary">
<arg>Checkout: Your Information</arg>
<doc>Waits until ``text`` appears on the current page.</doc>
<status status="PASS" starttime="20230122 21:30:37.982" endtime="20230122 21:30:38.496"/>
</kw>
<status status="PASS" starttime="20230122 21:30:37.982" endtime="20230122 21:30:38.496"/>
</kw>
<kw name="Populate checkout information" library="Checkout_information">
<kw name="Wait Until Page Contains" library="SeleniumLibrary">
<arg>Checkout: Your Information</arg>
<doc>Waits until ``text`` appears on the current page.</doc>
<status status="PASS" starttime="20230122 21:30:38.497" endtime="20230122 21:30:39.007"/>
</kw>
<kw name="Input Text" library="SeleniumLibrary">
<arg>id=first-name</arg>
<arg>Adam</arg>
<doc>Types the given ``text`` into the text field identified by ``locator``.</doc>
<msg timestamp="20230122 21:30:39.008" level="INFO">Typing text 'Adam' into text field 'id=first-name'.</msg>
<status status="PASS" starttime="20230122 21:30:39.008" endtime="20230122 21:30:40.636"/>
</kw>
<kw name="Input Text" library="SeleniumLibrary">
<arg>id=last-name</arg>
<arg>Michalak</arg>
<doc>Types the given ``text`` into the text field identified by ``locator``.</doc>
<msg timestamp="20230122 21:30:40.637" level="INFO">Typing text 'Michalak' into text field 'id=last-name'.</msg>
<status status="PASS" starttime="20230122 21:30:40.636" endtime="20230122 21:30:42.270"/>
</kw>
<kw name="Input Text" library="SeleniumLibrary">
<arg>id=postal-code</arg>
<arg>190619</arg>
<doc>Types the given ``text`` into the text field identified by ``locator``.</doc>
<msg timestamp="20230122 21:30:42.271" level="INFO">Typing text '190619' into text field 'id=postal-code'.</msg>
<status status="PASS" starttime="20230122 21:30:42.270" endtime="20230122 21:30:43.897"/>
</kw>
<status status="PASS" starttime="20230122 21:30:38.497" endtime="20230122 21:30:43.897"/>
</kw>
<kw name="Navigate to" library="Checkout_overview">
<kw name="Click Button" library="SeleniumLibrary">
<arg>continue</arg>
<doc>Clicks the button identified by ``locator``.</doc>
<msg timestamp="20230122 21:30:43.899" level="INFO">Clicking button 'continue'.</msg>
<status status="PASS" starttime="20230122 21:30:43.898" endtime="20230122 21:30:45.505"/>
</kw>
<status status="PASS" starttime="20230122 21:30:43.898" endtime="20230122 21:30:45.506"/>
</kw>
<kw name="Verify you are on a correct page" library="Checkout_overview">
<kw name="Wait Until Page Contains" library="SeleniumLibrary">
<arg>Checkout: Overview</arg>
<doc>Waits until ``text`` appears on the current page.</doc>
<status status="PASS" starttime="20230122 21:30:45.506" endtime="20230122 21:30:46.024"/>
</kw>
<status status="PASS" starttime="20230122 21:30:45.506" endtime="20230122 21:30:46.024"/>
</kw>
<kw name="Verify that the total price is calculated properly for one product" library="Checkout_overview">
<kw name="Wait Until Element Contains" library="SeleniumLibrary">
<arg>${TOTAL_PRICE}</arg>
<arg>32.39</arg>
<doc>Waits until the element ``locator`` contains ``text``.</doc>
<status status="PASS" starttime="20230122 21:30:46.024" endtime="20230122 21:30:47.064"/>
</kw>
<status status="PASS" starttime="20230122 21:30:46.024" endtime="20230122 21:30:47.064"/>
</kw>
<kw name="Finalize the order" library="Checkout_overview">
<kw name="Click Button" library="SeleniumLibrary">
<arg>Finish</arg>
<doc>Clicks the button identified by ``locator``.</doc>
<msg timestamp="20230122 21:30:47.066" level="INFO">Clicking button 'Finish'.</msg>
<status status="PASS" starttime="20230122 21:30:47.065" endtime="20230122 21:30:49.169"/>
</kw>
<status status="PASS" starttime="20230122 21:30:47.065" endtime="20230122 21:30:49.169"/>
</kw>
<kw name="Verify you are on a correct page" library="Checkout_finish">
<kw name="Wait Until Page Contains" library="SeleniumLibrary">
<arg>Checkout: Complete!</arg>
<doc>Waits until ``text`` appears on the current page.</doc>
<status status="PASS" starttime="20230122 21:30:49.170" endtime="20230122 21:30:49.686"/>
</kw>
<status status="PASS" starttime="20230122 21:30:49.169" endtime="20230122 21:30:49.686"/>
</kw>
<status status="PASS" starttime="20230122 21:30:30.129" endtime="20230122 21:30:49.686"/>
</kw>
<kw name="End Test" library="Common" type="TEARDOWN">
<kw name="Close All Browsers" library="SeleniumLibrary">
<doc>Closes all open browsers and resets the browser cache.</doc>
<status status="PASS" starttime="20230122 21:30:49.687" endtime="20230122 21:30:50.266"/>
</kw>
<status status="PASS" starttime="20230122 21:30:49.687" endtime="20230122 21:30:50.266"/>
</kw>
<status status="PASS" starttime="20230122 21:30:18.520" endtime="20230122 21:30:50.267"/>
</test>
<test id="s1-t12" name="Adding six products to cart is successful" line="63">
<kw name="Begin Test" library="Common" type="SETUP">
<kw name="Set Selenium Speed" library="SeleniumLibrary">
<arg>0.5</arg>
<doc>Sets the delay that is waited after each Selenium command.</doc>
<status status="PASS" starttime="20230122 21:30:50.269" endtime="20230122 21:30:50.270"/>
</kw>
<kw name="Open Browser" library="SeleniumLibrary">
<arg>about:blank</arg>
<arg>${BROWSER}</arg>
<doc>Opens a new browser instance to the optional ``url``.</doc>
<msg timestamp="20230122 21:30:50.271" level="INFO">Opening browser 'Chrome' to base url 'about:blank'.</msg>
<status status="PASS" starttime="20230122 21:30:50.270" endtime="20230122 21:30:52.971"/>
</kw>
<kw name="Maximize Browser Window" library="SeleniumLibrary">
<doc>Maximizes current browser window.</doc>
<status status="PASS" starttime="20230122 21:30:52.971" endtime="20230122 21:30:53.743"/>
</kw>
<status status="PASS" starttime="20230122 21:30:50.269" endtime="20230122 21:30:53.743"/>
</kw>
<kw name="Go to Landing Page" library="SaucedemoApp">
<kw name="Navigate To" library="Landing">
<kw name="Go To" library="SeleniumLibrary">
<arg>${URL_LANDING}</arg>
<doc>Navigates the current browser window to the provided ``url``.</doc>
<msg timestamp="20230122 21:30:53.745" level="INFO">Opening url 'https://www.saucedemo.com/'</msg>
<status status="PASS" starttime="20230122 21:30:53.745" endtime="20230122 21:30:55.466"/>
</kw>
<status status="PASS" starttime="20230122 21:30:53.744" endtime="20230122 21:30:55.467"/>
</kw>
<kw name="Verify you are on a correct page" library="Landing">
<kw name="Wait Until Page Contains Element" library="SeleniumLibrary">
<arg>${LOGIN_BUTTON}</arg>
<doc>Waits until the element ``locator`` appears on the current page.</doc>
<status status="PASS" starttime="20230122 21:30:55.468" endtime="20230122 21:30:55.989"/>
</kw>
<status status="PASS" starttime="20230122 21:30:55.467" endtime="20230122 21:30:55.989"/>
</kw>
<status status="PASS" starttime="20230122 21:30:53.744" endtime="20230122 21:30:55.989"/>
</kw>
<kw name="Sign in with correct credentials" library="SaucedemoApp">
<kw name="Correct credentials" library="Login">
<kw name="Input Text" library="SeleniumLibrary">
<arg>${USERNAME_FIELD}</arg>
<arg>${CORRECT_USERNAME}</arg>
<doc>Types the given ``text`` into the text field identified by ``locator``.</doc>
<msg timestamp="20230122 21:30:55.992" level="INFO">Typing text 'standard_user' into text field 'id=user-name'.</msg>
<status status="PASS" starttime="20230122 21:30:55.991" endtime="20230122 21:30:57.692"/>
</kw>
<kw name="Input Text" library="SeleniumLibrary">
<arg>${USERNAME_PASSWORD}</arg>
<arg>${CORRECT_PASSWORD}</arg>
<doc>Types the given ``text`` into the text field identified by ``locator``.</doc>
<msg timestamp="20230122 21:30:57.693" level="INFO">Typing text 'secret_sauce' into text field 'id=password'.</msg>
<status status="PASS" starttime="20230122 21:30:57.692" endtime="20230122 21:30:59.335"/>
</kw>
<kw name="Click Button" library="SeleniumLibrary">
<arg>${LOGIN_BUTTON}</arg>
<doc>Clicks the button identified by ``locator``.</doc>
<msg timestamp="20230122 21:30:59.336" level="INFO">Clicking button 'login-button'.</msg>
<status status="PASS" starttime="20230122 21:30:59.336" endtime="20230122 21:31:00.993"/>
</kw>
<status status="PASS" starttime="20230122 21:30:55.990" endtime="20230122 21:31:00.993"/>
</kw>
<kw name="Verify you are on a correct page" library="Products">
<kw name="Wait Until Page Contains" library="SeleniumLibrary">
<arg>Products</arg>
<doc>Waits until ``text`` appears on the current page.</doc>
<status status="PASS" starttime="20230122 21:31:00.994" endtime="20230122 21:31:01.513"/>
</kw>
<status status="PASS" starttime="20230122 21:31:00.993" endtime="20230122 21:31:01.513"/>
</kw>
<status status="PASS" starttime="20230122 21:30:55.990" endtime="20230122 21:31:01.513"/>
</kw>
<kw name="Add six products to cart" library="SaucedemoApp">
<kw name="Verify you are on a correct page" library="Products">
<kw name="Wait Until Page Contains" library="SeleniumLibrary">
<arg>Products</arg>
<doc>Waits until ``text`` appears on the current page.</doc>
<status status="PASS" starttime="20230122 21:31:01.514" endtime="20230122 21:31:02.025"/>
</kw>
<status status="PASS" starttime="20230122 21:31:01.514" endtime="20230122 21:31:02.025"/>
</kw>
<kw name="Add six products" library="Products">
<kw name="Click Button" library="SeleniumLibrary">
<arg>${BACKPACK_ADD_TO_CART}</arg>
<doc>Clicks the button identified by ``locator``.</doc>
<msg timestamp="20230122 21:31:02.026" level="INFO">Clicking button 'add-to-cart-sauce-labs-backpack'.</msg>
<status status="PASS" starttime="20230122 21:31:02.026" endtime="20230122 21:31:04.115"/>
</kw>
<kw name="Click Button" library="SeleniumLibrary">
<arg>${BIKE_LIGHT_ADD_TO_CART}</arg>
<doc>Clicks the button identified by ``locator``.</doc>
<msg timestamp="20230122 21:31:04.117" level="INFO">Clicking button 'add-to-cart-sauce-labs-bike-light'.</msg>
<status status="PASS" starttime="20230122 21:31:04.116" endtime="20230122 21:31:06.200"/>
</kw>
<kw name="Click Button" library="SeleniumLibrary">
<arg>${BOLT_T_SHIRT_ADD_TO_CART}</arg>
<doc>Clicks the button identified by ``locator``.</doc>
<msg timestamp="20230122 21:31:06.201" level="INFO">Clicking button 'add-to-cart-sauce-labs-bolt-t-shirt'.</msg>
<status status="PASS" starttime="20230122 21:31:06.200" endtime="20230122 21:31:08.283"/>
</kw>
<kw name="Click Button" library="SeleniumLibrary">
<arg>${FLEECE_JACKET_ADD_TO_CART}</arg>
<doc>Clicks the button identified by ``locator``.</doc>
<msg timestamp="20230122 21:31:08.284" level="INFO">Clicking button 'add-to-cart-sauce-labs-fleece-jacket'.</msg>
<status status="PASS" starttime="20230122 21:31:08.284" endtime="20230122 21:31:10.367"/>
</kw>
<kw name="Click Button" library="SeleniumLibrary">
<arg>${ONESIE_ADD_TO_CART}</arg>
<doc>Clicks the button identified by ``locator``.</doc>
<msg timestamp="20230122 21:31:10.368" level="INFO">Clicking button 'add-to-cart-sauce-labs-onesie'.</msg>
<status status="PASS" starttime="20230122 21:31:10.367" endtime="20230122 21:31:12.461"/>
</kw>
<kw name="Click Button" library="SeleniumLibrary">
<arg>${T_SHIRT_ADD_TO_CART}</arg>
<doc>Clicks the button identified by ``locator``.</doc>
<msg timestamp="20230122 21:31:12.463" level="INFO">Clicking button 'add-to-cart-test.allthethings()-t-shirt-(red)'.</msg>
<status status="PASS" starttime="20230122 21:31:12.462" endtime="20230122 21:31:14.543"/>
</kw>
<status status="PASS" starttime="20230122 21:31:02.025" endtime="20230122 21:31:14.544"/>
</kw>
<kw name="Verify that cart has 6 items inside" library="Products">
<kw name="Element Should Contain" library="SeleniumLibrary">
<arg>${SHOPPING_CART}</arg>
<arg>6</arg>
<doc>Verifies that element ``locator`` contains text ``expected``.</doc>
<msg timestamp="20230122 21:31:15.583" level="INFO">Element 'class=shopping_cart_badge' contains text '6'.</msg>
<status status="PASS" starttime="20230122 21:31:14.544" endtime="20230122 21:31:15.583"/>
</kw>
<status status="PASS" starttime="20230122 21:31:14.544" endtime="20230122 21:31:15.583"/>
</kw>
<status status="PASS" starttime="20230122 21:31:01.514" endtime="20230122 21:31:15.584"/>
</kw>
<kw name="End Test" library="Common" type="TEARDOWN">
<kw name="Close All Browsers" library="SeleniumLibrary">
<doc>Closes all open browsers and resets the browser cache.</doc>
<status status="PASS" starttime="20230122 21:31:15.584" endtime="20230122 21:31:16.297"/>
</kw>
<status status="PASS" starttime="20230122 21:31:15.584" endtime="20230122 21:31:16.297"/>
</kw>
<status status="PASS" starttime="20230122 21:30:50.268" endtime="20230122 21:31:16.298"/>
</test>
<test id="s1-t13" name="Removing item from cart is successful" line="68">
<kw name="Begin Test" library="Common" type="SETUP">
<kw name="Set Selenium Speed" library="SeleniumLibrary">
<arg>0.5</arg>
<doc>Sets the delay that is waited after each Selenium command.</doc>
<status status="PASS" starttime="20230122 21:31:16.301" endtime="20230122 21:31:16.301"/>
</kw>
<kw name="Open Browser" library="SeleniumLibrary">
<arg>about:blank</arg>
<arg>${BROWSER}</arg>
<doc>Opens a new browser instance to the optional ``url``.</doc>
<msg timestamp="20230122 21:31:16.303" level="INFO">Opening browser 'Chrome' to base url 'about:blank'.</msg>
<status status="PASS" starttime="20230122 21:31:16.301" endtime="20230122 21:31:19.266"/>
</kw>
<kw name="Maximize Browser Window" library="SeleniumLibrary">
<doc>Maximizes current browser window.</doc>
<status status="PASS" starttime="20230122 21:31:19.266" endtime="20230122 21:31:20.028"/>
</kw>
<status status="PASS" starttime="20230122 21:31:16.300" endtime="20230122 21:31:20.028"/>
</kw>
<kw name="Go to Landing Page" library="SaucedemoApp">
<kw name="Navigate To" library="Landing">
<kw name="Go To" library="SeleniumLibrary">
<arg>${URL_LANDING}</arg>
<doc>Navigates the current browser window to the provided ``url``.</doc>
<msg timestamp="20230122 21:31:20.030" level="INFO">Opening url 'https://www.saucedemo.com/'</msg>
<status status="PASS" starttime="20230122 21:31:20.030" endtime="20230122 21:31:21.469"/>
</kw>
<status status="PASS" starttime="20230122 21:31:20.029" endtime="20230122 21:31:21.469"/>
</kw>
<kw name="Verify you are on a correct page" library="Landing">
<kw name="Wait Until Page Contains Element" library="SeleniumLibrary">
<arg>${LOGIN_BUTTON}</arg>
<doc>Waits until the element ``locator`` appears on the current page.</doc>
<status status="PASS" starttime="20230122 21:31:21.469" endtime="20230122 21:31:21.990"/>
</kw>
<status status="PASS" starttime="20230122 21:31:21.469" endtime="20230122 21:31:21.990"/>
</kw>
<status status="PASS" starttime="20230122 21:31:20.029" endtime="20230122 21:31:21.990"/>
</kw>
<kw name="Sign in with correct credentials" library="SaucedemoApp">
<kw name="Correct credentials" library="Login">
<kw name="Input Text" library="SeleniumLibrary">
<arg>${USERNAME_FIELD}</arg>
<arg>${CORRECT_USERNAME}</arg>
<doc>Types the given ``text`` into the text field identified by ``locator``.</doc>
<msg timestamp="20230122 21:31:21.992" level="INFO">Typing text 'standard_user' into text field 'id=user-name'.</msg>
<status status="PASS" starttime="20230122 21:31:21.991" endtime="20230122 21:31:23.695"/>
</kw>
<kw name="Input Text" library="SeleniumLibrary">
<arg>${USERNAME_PASSWORD}</arg>
<arg>${CORRECT_PASSWORD}</arg>
<doc>Types the given ``text`` into the text field identified by ``locator``.</doc>
<msg timestamp="20230122 21:31:23.696" level="INFO">Typing text 'secret_sauce' into text field 'id=password'.</msg>
<status status="PASS" starttime="20230122 21:31:23.695" endtime="20230122 21:31:25.345"/>
</kw>
<kw name="Click Button" library="SeleniumLibrary">
<arg>${LOGIN_BUTTON}</arg>
<doc>Clicks the button identified by ``locator``.</doc>
<msg timestamp="20230122 21:31:25.346" level="INFO">Clicking button 'login-button'.</msg>
<status status="PASS" starttime="20230122 21:31:25.345" endtime="20230122 21:31:27.022"/>
</kw>
<status status="PASS" starttime="20230122 21:31:21.991" endtime="20230122 21:31:27.023"/>
</kw>
<kw name="Verify you are on a correct page" library="Products">
<kw name="Wait Until Page Contains" library="SeleniumLibrary">
<arg>Products</arg>
<doc>Waits until ``text`` appears on the current page.</doc>
<status status="PASS" starttime="20230122 21:31:27.023" endtime="20230122 21:31:27.543"/>
</kw>
<status status="PASS" starttime="20230122 21:31:27.023" endtime="20230122 21:31:27.544"/>
</kw>
<status status="PASS" starttime="20230122 21:31:21.991" endtime="20230122 21:31:27.544"/>
</kw>
<kw name="Add six products to cart" library="SaucedemoApp">
<kw name="Verify you are on a correct page" library="Products">
<kw name="Wait Until Page Contains" library="SeleniumLibrary">
<arg>Products</arg>
<doc>Waits until ``text`` appears on the current page.</doc>
<status status="PASS" starttime="20230122 21:31:27.545" endtime="20230122 21:31:28.055"/>
</kw>
<status status="PASS" starttime="20230122 21:31:27.545" endtime="20230122 21:31:28.055"/>
</kw>
<kw name="Add six products" library="Products">
<kw name="Click Button" library="SeleniumLibrary">
<arg>${BACKPACK_ADD_TO_CART}</arg>
<doc>Clicks the button identified by ``locator``.</doc>
<msg timestamp="20230122 21:31:28.057" level="INFO">Clicking button 'add-to-cart-sauce-labs-backpack'.</msg>
<status status="PASS" starttime="20230122 21:31:28.056" endtime="20230122 21:31:30.145"/>
</kw>
<kw name="Click Button" library="SeleniumLibrary">
<arg>${BIKE_LIGHT_ADD_TO_CART}</arg>
<doc>Clicks the button identified by ``locator``.</doc>
<msg timestamp="20230122 21:31:30.147" level="INFO">Clicking button 'add-to-cart-sauce-labs-bike-light'.</msg>
<status status="PASS" starttime="20230122 21:31:30.145" endtime="20230122 21:31:32.230"/>
</kw>
<kw name="Click Button" library="SeleniumLibrary">
<arg>${BOLT_T_SHIRT_ADD_TO_CART}</arg>
<doc>Clicks the button identified by ``locator``.</doc>
<msg timestamp="20230122 21:31:32.232" level="INFO">Clicking button 'add-to-cart-sauce-labs-bolt-t-shirt'.</msg>
<status status="PASS" starttime="20230122 21:31:32.231" endtime="20230122 21:31:34.323"/>
</kw>
<kw name="Click Button" library="SeleniumLibrary">
<arg>${FLEECE_JACKET_ADD_TO_CART}</arg>
<doc>Clicks the button identified by ``locator``.</doc>
<msg timestamp="20230122 21:31:34.324" level="INFO">Clicking button 'add-to-cart-sauce-labs-fleece-jacket'.</msg>
<status status="PASS" starttime="20230122 21:31:34.323" endtime="20230122 21:31:36.408"/>
</kw>
<kw name="Click Button" library="SeleniumLibrary">
<arg>${ONESIE_ADD_TO_CART}</arg>
<doc>Clicks the button identified by ``locator``.</doc>
<msg timestamp="20230122 21:31:36.409" level="INFO">Clicking button 'add-to-cart-sauce-labs-onesie'.</msg>
<status status="PASS" starttime="20230122 21:31:36.408" endtime="20230122 21:31:38.500"/>
</kw>
<kw name="Click Button" library="SeleniumLibrary">
<arg>${T_SHIRT_ADD_TO_CART}</arg>
<doc>Clicks the button identified by ``locator``.</doc>
<msg timestamp="20230122 21:31:38.501" level="INFO">Clicking button 'add-to-cart-test.allthethings()-t-shirt-(red)'.</msg>
<status status="PASS" starttime="20230122 21:31:38.500" endtime="20230122 21:31:40.590"/>
</kw>
<status status="PASS" starttime="20230122 21:31:28.056" endtime="20230122 21:31:40.590"/>
</kw>
<kw name="Verify that cart has 6 items inside" library="Products">
<kw name="Element Should Contain" library="SeleniumLibrary">
<arg>${SHOPPING_CART}</arg>
<arg>6</arg>
<doc>Verifies that element ``locator`` contains text ``expected``.</doc>
<msg timestamp="20230122 21:31:41.629" level="INFO">Element 'class=shopping_cart_badge' contains text '6'.</msg>
<status status="PASS" starttime="20230122 21:31:40.591" endtime="20230122 21:31:41.629"/>
</kw>
<status status="PASS" starttime="20230122 21:31:40.591" endtime="20230122 21:31:41.629"/>
</kw>
<status status="PASS" starttime="20230122 21:31:27.544" endtime="20230122 21:31:41.629"/>
</kw>
<kw name="Remove one item from cart" library="SaucedemoApp">
<kw name="Verify you are on a correct page" library="Products">
<kw name="Wait Until Page Contains" library="SeleniumLibrary">
<arg>Products</arg>
<doc>Waits until ``text`` appears on the current page.</doc>
<status status="PASS" starttime="20230122 21:31:41.630" endtime="20230122 21:31:42.144"/>
</kw>
<status status="PASS" starttime="20230122 21:31:41.630" endtime="20230122 21:31:42.145"/>
</kw>
<kw name="Navigate to" library="Cart">
<kw name="Click Link" library="SeleniumLibrary">
<arg>${CART}</arg>
<doc>Clicks a link identified by ``locator``.</doc>
<msg timestamp="20230122 21:31:42.146" level="INFO">Clicking link 'class=shopping_cart_link'.</msg>
<status status="PASS" starttime="20230122 21:31:42.145" endtime="20230122 21:31:43.741"/>
</kw>
<status status="PASS" starttime="20230122 21:31:42.145" endtime="20230122 21:31:43.742"/>
</kw>
<kw name="Verify you are on a correct page" library="Cart">
<kw name="Wait Until Page Contains" library="SeleniumLibrary">
<arg>Your Cart</arg>
<doc>Waits until ``text`` appears on the current page.</doc>
<status status="PASS" starttime="20230122 21:31:43.743" endtime="20230122 21:31:44.260"/>
</kw>
<status status="PASS" starttime="20230122 21:31:43.742" endtime="20230122 21:31:44.260"/>
</kw>
<kw name="Remove one item" library="Cart">
<kw name="Click Button" library="SeleniumLibrary">
<arg>remove-sauce-labs-backpack</arg>
<doc>Clicks the button identified by ``locator``.</doc>
<msg timestamp="20230122 21:31:44.261" level="INFO">Clicking button 'remove-sauce-labs-backpack'.</msg>
<status status="PASS" starttime="20230122 21:31:44.261" endtime="20230122 21:31:46.346"/>
</kw>
<status status="PASS" starttime="20230122 21:31:44.260" endtime="20230122 21:31:46.346"/>
</kw>
<status status="PASS" starttime="20230122 21:31:41.630" endtime="20230122 21:31:46.347"/>
</kw>
<kw name="End Test" library="Common" type="TEARDOWN">
<kw name="Close All Browsers" library="SeleniumLibrary">
<doc>Closes all open browsers and resets the browser cache.</doc>
<status status="PASS" starttime="20230122 21:31:46.347" endtime="20230122 21:31:46.924"/>
</kw>
<status status="PASS" starttime="20230122 21:31:46.347" endtime="20230122 21:31:46.924"/>
</kw>
<status status="PASS" starttime="20230122 21:31:16.299" endtime="20230122 21:31:46.925"/>
</test>
<test id="s1-t14" name="Placing an order with six products is successful" line="74">
<kw name="Begin Test" library="Common" type="SETUP">
<kw name="Set Selenium Speed" library="SeleniumLibrary">
<arg>0.5</arg>
<doc>Sets the delay that is waited after each Selenium command.</doc>
<status status="PASS" starttime="20230122 21:31:46.927" endtime="20230122 21:31:46.928"/>
</kw>
<kw name="Open Browser" library="SeleniumLibrary">
<arg>about:blank</arg>
<arg>${BROWSER}</arg>
<doc>Opens a new browser instance to the optional ``url``.</doc>
<msg timestamp="20230122 21:31:46.929" level="INFO">Opening browser 'Chrome' to base url 'about:blank'.</msg>
<status status="PASS" starttime="20230122 21:31:46.928" endtime="20230122 21:31:49.855"/>
</kw>
<kw name="Maximize Browser Window" library="SeleniumLibrary">
<doc>Maximizes current browser window.</doc>
<status status="PASS" starttime="20230122 21:31:49.855" endtime="20230122 21:31:50.608"/>
</kw>
<status status="PASS" starttime="20230122 21:31:46.927" endtime="20230122 21:31:50.608"/>
</kw>
<kw name="Go to Landing Page" library="SaucedemoApp">
<kw name="Navigate To" library="Landing">
[...]
<status status="PASS" starttime="20230122 21:32:36.430" endtime="20230122 21:32:38.072"/>
</kw>
<kw name="Click Button" library="SeleniumLibrary">
<arg>${LOGIN_BUTTON}</arg>
<doc>Clicks the button identified by ``locator``.</doc>
<msg timestamp="20230122 21:32:38.074" level="INFO">Clicking button 'login-button'.</msg>
<status status="PASS" starttime="20230122 21:32:38.073" endtime="20230122 21:32:39.735"/>
</kw>
<status status="PASS" starttime="20230122 21:32:34.720" endtime="20230122 21:32:39.736"/>
</kw>
<kw name="Verify you are on a correct page" library="Products">
<kw name="Wait Until Page Contains" library="SeleniumLibrary">
<arg>Products</arg>
<doc>Waits until ``text`` appears on the current page.</doc>
<status status="PASS" starttime="20230122 21:32:39.736" endtime="20230122 21:32:40.252"/>
</kw>
<status status="PASS" starttime="20230122 21:32:39.736" endtime="20230122 21:32:40.253"/>
</kw>
<status status="PASS" starttime="20230122 21:32:34.719" endtime="20230122 21:32:40.253"/>
</kw>
<kw name="Go to Twitter page" library="SaucedemoApp">
<kw name="Verify you are on a correct page" library="Products">
<kw name="Wait Until Page Contains" library="SeleniumLibrary">
<arg>Products</arg>
<doc>Waits until ``text`` appears on the current page.</doc>
<status status="PASS" starttime="20230122 21:32:40.254" endtime="20230122 21:32:40.765"/>
</kw>
<status status="PASS" starttime="20230122 21:32:40.254" endtime="20230122 21:32:40.765"/>
</kw>
<kw name="Click Twitter page" library="Products">
<kw name="Click Link" library="SeleniumLibrary">
<arg>Twitter</arg>
<doc>Clicks a link identified by ``locator``.</doc>
<msg timestamp="20230122 21:32:40.766" level="INFO">Clicking link 'Twitter'.</msg>
<status status="PASS" starttime="20230122 21:32:40.766" endtime="20230122 21:32:42.377"/>
</kw>
<status status="PASS" starttime="20230122 21:32:40.765" endtime="20230122 21:32:42.377"/>
</kw>
<status status="PASS" starttime="20230122 21:32:40.253" endtime="20230122 21:32:42.378"/>
</kw>
<kw name="End Test" library="Common" type="TEARDOWN">
<kw name="Close All Browsers" library="SeleniumLibrary">
<doc>Closes all open browsers and resets the browser cache.</doc>
<status status="PASS" starttime="20230122 21:32:42.379" endtime="20230122 21:32:42.991"/>
</kw>
<status status="PASS" starttime="20230122 21:32:42.378" endtime="20230122 21:32:42.992"/>
</kw>
<status status="PASS" starttime="20230122 21:32:28.898" endtime="20230122 21:32:42.992"/>
</test>
<test id="s1-t16" name="It is possible to access Facebook page" line="84">
<kw name="Begin Test" library="Common" type="SETUP">
<kw name="Set Selenium Speed" library="SeleniumLibrary">
<arg>0.5</arg>
<doc>Sets the delay that is waited after each Selenium command.</doc>
<status status="PASS" starttime="20230122 21:32:42.995" endtime="20230122 21:32:42.995"/>
</kw>
<kw name="Open Browser" library="SeleniumLibrary">
<arg>about:blank</arg>
<arg>${BROWSER}</arg>
<doc>Opens a new browser instance to the optional ``url``.</doc>
<msg timestamp="20230122 21:32:42.997" level="INFO">Opening browser 'Chrome' to base url 'about:blank'.</msg>
<status status="PASS" starttime="20230122 21:32:42.996" endtime="20230122 21:32:45.645"/>
</kw>
<kw name="Maximize Browser Window" library="SeleniumLibrary">
<doc>Maximizes current browser window.</doc>
<status status="PASS" starttime="20230122 21:32:45.646" endtime="20230122 21:32:46.409"/>
</kw>
<status status="PASS" starttime="20230122 21:32:42.994" endtime="20230122 21:32:46.410"/>
</kw>
<kw name="Go to Landing Page" library="SaucedemoApp">
<kw name="Navigate To" library="Landing">
<kw name="Go To" library="SeleniumLibrary">
<arg>${URL_LANDING}</arg>
<doc>Navigates the current browser window to the provided ``url``.</doc>
<msg timestamp="20230122 21:32:46.411" level="INFO">Opening url 'https://www.saucedemo.com/'</msg>
<status status="PASS" starttime="20230122 21:32:46.411" endtime="20230122 21:32:47.903"/>
</kw>
<status status="PASS" starttime="20230122 21:32:46.411" endtime="20230122 21:32:47.903"/>
</kw>
<kw name="Verify you are on a correct page" library="Landing">
<kw name="Wait Until Page Contains Element" library="SeleniumLibrary">
<arg>${LOGIN_BUTTON}</arg>
<doc>Waits until the element ``locator`` appears on the current page.</doc>
<status status="PASS" starttime="20230122 21:32:47.904" endtime="20230122 21:32:48.426"/>
</kw>
<status status="PASS" starttime="20230122 21:32:47.903" endtime="20230122 21:32:48.426"/>
</kw>
<status status="PASS" starttime="20230122 21:32:46.410" endtime="20230122 21:32:48.426"/>
</kw>
<kw name="Sign in with correct credentials" library="SaucedemoApp">
<kw name="Correct credentials" library="Login">
<kw name="Input Text" library="SeleniumLibrary">
<arg>${USERNAME_FIELD}</arg>
<arg>${CORRECT_USERNAME}</arg>
<doc>Types the given ``text`` into the text field identified by ``locator``.</doc>
<msg timestamp="20230122 21:32:48.428" level="INFO">Typing text 'standard_user' into text field 'id=user-name'.</msg>
<status status="PASS" starttime="20230122 21:32:48.427" endtime="20230122 21:32:50.165"/>
</kw>
<kw name="Input Text" library="SeleniumLibrary">
<arg>${USERNAME_PASSWORD}</arg>
<arg>${CORRECT_PASSWORD}</arg>
<doc>Types the given ``text`` into the text field identified by ``locator``.</doc>
<msg timestamp="20230122 21:32:50.166" level="INFO">Typing text 'secret_sauce' into text field 'id=password'.</msg>
<status status="PASS" starttime="20230122 21:32:50.165" endtime="20230122 21:32:51.836"/>
</kw>
<kw name="Click Button" library="SeleniumLibrary">
<arg>${LOGIN_BUTTON}</arg>
<doc>Clicks the button identified by ``locator``.</doc>
<msg timestamp="20230122 21:32:51.837" level="INFO">Clicking button 'login-button'.</msg>
<status status="PASS" starttime="20230122 21:32:51.836" endtime="20230122 21:32:53.527"/>
</kw>
<status status="PASS" starttime="20230122 21:32:48.427" endtime="20230122 21:32:53.527"/>
</kw>
<kw name="Verify you are on a correct page" library="Products">
<kw name="Wait Until Page Contains" library="SeleniumLibrary">
<arg>Products</arg>
<doc>Waits until ``text`` appears on the current page.</doc>
<status status="PASS" starttime="20230122 21:32:53.528" endtime="20230122 21:32:54.045"/>
</kw>
<status status="PASS" starttime="20230122 21:32:53.527" endtime="20230122 21:32:54.045"/>
</kw>
<status status="PASS" starttime="20230122 21:32:48.427" endtime="20230122 21:32:54.045"/>
</kw>
<kw name="Go to Facebook page" library="SaucedemoApp">
<kw name="Verify you are on a correct page" library="Products">
<kw name="Wait Until Page Contains" library="SeleniumLibrary">
<arg>Products</arg>
<doc>Waits until ``text`` appears on the current page.</doc>
<status status="PASS" starttime="20230122 21:32:54.046" endtime="20230122 21:32:54.564"/>
</kw>
<status status="PASS" starttime="20230122 21:32:54.046" endtime="20230122 21:32:54.564"/>
</kw>
<kw name="Click Facebook page" library="Products">
<kw name="Click Link" library="SeleniumLibrary">
<arg>Facebook</arg>
<doc>Clicks a link identified by ``locator``.</doc>
<msg timestamp="20230122 21:32:54.565" level="INFO">Clicking link 'Facebook'.</msg>
<status status="PASS" starttime="20230122 21:32:54.565" endtime="20230122 21:32:56.184"/>
</kw>
<status status="PASS" starttime="20230122 21:32:54.564" endtime="20230122 21:32:56.184"/>
</kw>
<status status="PASS" starttime="20230122 21:32:54.046" endtime="20230122 21:32:56.184"/>
</kw>
<kw name="End Test" library="Common" type="TEARDOWN">
<kw name="Close All Browsers" library="SeleniumLibrary">
<doc>Closes all open browsers and resets the browser cache.</doc>
<status status="PASS" starttime="20230122 21:32:56.185" endtime="20230122 21:32:57.006"/>
</kw>
<status status="PASS" starttime="20230122 21:32:56.185" endtime="20230122 21:32:57.007"/>
</kw>
<status status="PASS" starttime="20230122 21:32:42.993" endtime="20230122 21:32:57.007"/>
</test>
<test id="s1-t17" name="It is possible to access Linkedin page" line="89">
<kw name="Begin Test" library="Common" type="SETUP">
<kw name="Set Selenium Speed" library="SeleniumLibrary">
<arg>0.5</arg>
<doc>Sets the delay that is waited after each Selenium command.</doc>
<status status="PASS" starttime="20230122 21:32:57.010" endtime="20230122 21:32:57.011"/>
</kw>
<kw name="Open Browser" library="SeleniumLibrary">
<arg>about:blank</arg>
<arg>${BROWSER}</arg>
<doc>Opens a new browser instance to the optional ``url``.</doc>
<msg timestamp="20230122 21:32:57.012" level="INFO">Opening browser 'Chrome' to base url 'about:blank'.</msg>
<status status="PASS" starttime="20230122 21:32:57.011" endtime="20230122 21:33:00.048"/>
</kw>
<kw name="Maximize Browser Window" library="SeleniumLibrary">
<doc>Maximizes current browser window.</doc>
<status status="PASS" starttime="20230122 21:33:00.048" endtime="20230122 21:33:00.820"/>
</kw>
<status status="PASS" starttime="20230122 21:32:57.009" endtime="20230122 21:33:00.821"/>
</kw>
<kw name="Go to Landing Page" library="SaucedemoApp">
<kw name="Navigate To" library="Landing">
<kw name="Go To" library="SeleniumLibrary">
<arg>${URL_LANDING}</arg>
<doc>Navigates the current browser window to the provided ``url``.</doc>
<msg timestamp="20230122 21:33:00.823" level="INFO">Opening url 'https://www.saucedemo.com/'</msg>
<status status="PASS" starttime="20230122 21:33:00.822" endtime="20230122 21:33:02.665"/>
</kw>
<status status="PASS" starttime="20230122 21:33:00.822" endtime="20230122 21:33:02.666"/>
</kw>
<kw name="Verify you are on a correct page" library="Landing">
<kw name="Wait Until Page Contains Element" library="SeleniumLibrary">
<arg>${LOGIN_BUTTON}</arg>
<doc>Waits until the element ``locator`` appears on the current page.</doc>
<status status="PASS" starttime="20230122 21:33:02.666" endtime="20230122 21:33:03.188"/>
</kw>
<status status="PASS" starttime="20230122 21:33:02.666" endtime="20230122 21:33:03.188"/>
</kw>
<status status="PASS" starttime="20230122 21:33:00.821" endtime="20230122 21:33:03.188"/>
</kw>
<kw name="Sign in with correct credentials" library="SaucedemoApp">
<kw name="Correct credentials" library="Login">
<kw name="Input Text" library="SeleniumLibrary">
<arg>${USERNAME_FIELD}</arg>
<arg>${CORRECT_USERNAME}</arg>
<doc>Types the given ``text`` into the text field identified by ``locator``.</doc>
<msg timestamp="20230122 21:33:03.190" level="INFO">Typing text 'standard_user' into text field 'id=user-name'.</msg>
<status status="PASS" starttime="20230122 21:33:03.189" endtime="20230122 21:33:04.890"/>
</kw>
<kw name="Input Text" library="SeleniumLibrary">
<arg>${USERNAME_PASSWORD}</arg>
<arg>${CORRECT_PASSWORD}</arg>
<doc>Types the given ``text`` into the text field identified by ``locator``.</doc>
<msg timestamp="20230122 21:33:04.891" level="INFO">Typing text 'secret_sauce' into text field 'id=password'.</msg>
<status status="PASS" starttime="20230122 21:33:04.890" endtime="20230122 21:33:06.534"/>
</kw>
<kw name="Click Button" library="SeleniumLibrary">
<arg>${LOGIN_BUTTON}</arg>
<doc>Clicks the button identified by ``locator``.</doc>
<msg timestamp="20230122 21:33:06.535" level="INFO">Clicking button 'login-button'.</msg>
<status status="PASS" starttime="20230122 21:33:06.535" endtime="20230122 21:33:08.205"/>
</kw>
<status status="PASS" starttime="20230122 21:33:03.189" endtime="20230122 21:33:08.206"/>
</kw>
<kw name="Verify you are on a correct page" library="Products">
<kw name="Wait Until Page Contains" library="SeleniumLibrary">
<arg>Products</arg>
<doc>Waits until ``text`` appears on the current page.</doc>
<status status="PASS" starttime="20230122 21:33:08.206" endtime="20230122 21:33:08.730"/>
</kw>
<status status="PASS" starttime="20230122 21:33:08.206" endtime="20230122 21:33:08.730"/>
</kw>
<status status="PASS" starttime="20230122 21:33:03.188" endtime="20230122 21:33:08.730"/>
</kw>
<kw name="Go to Linkedin page" library="SaucedemoApp">
<kw name="Verify you are on a correct page" library="Products">
<kw name="Wait Until Page Contains" library="SeleniumLibrary">
<arg>Products</arg>
<doc>Waits until ``text`` appears on the current page.</doc>
<status status="PASS" starttime="20230122 21:33:08.731" endtime="20230122 21:33:09.245"/>
</kw>
<status status="PASS" starttime="20230122 21:33:08.731" endtime="20230122 21:33:09.245"/>
</kw>
<kw name="Click Linkedin page" library="Products">
<kw name="Click Link" library="SeleniumLibrary">
<arg>LinkedIn</arg>
<doc>Clicks a link identified by ``locator``.</doc>
<msg timestamp="20230122 21:33:09.247" level="INFO">Clicking link 'LinkedIn'.</msg>
<status status="PASS" starttime="20230122 21:33:09.246" endtime="20230122 21:33:10.869"/>
</kw>
<status status="PASS" starttime="20230122 21:33:09.246" endtime="20230122 21:33:10.869"/>
</kw>
<status status="PASS" starttime="20230122 21:33:08.731" endtime="20230122 21:33:10.870"/>
</kw>
<kw name="End Test" library="Common" type="TEARDOWN">
<kw name="Close All Browsers" library="SeleniumLibrary">
<doc>Closes all open browsers and resets the browser cache.</doc>
<status status="PASS" starttime="20230122 21:33:10.871" endtime="20230122 21:33:11.482"/>
</kw>
<status status="PASS" starttime="20230122 21:33:10.870" endtime="20230122 21:33:11.483"/>
</kw>
<status status="PASS" starttime="20230122 21:32:57.008" endtime="20230122 21:33:11.483"/>
</test>
<test id="s1-t18" name="Logging out is successful" line="94">
<kw name="Begin Test" library="Common" type="SETUP">
<kw name="Set Selenium Speed" library="SeleniumLibrary">
<arg>0.5</arg>
<doc>Sets the delay that is waited after each Selenium command.</doc>
<status status="PASS" starttime="20230122 21:33:11.486" endtime="20230122 21:33:11.487"/>
</kw>
<kw name="Open Browser" library="SeleniumLibrary">
<arg>about:blank</arg>
<arg>${BROWSER}</arg>
<doc>Opens a new browser instance to the optional ``url``.</doc>
<msg timestamp="20230122 21:33:11.489" level="INFO">Opening browser 'Chrome' to base url 'about:blank'.</msg>
<status status="PASS" starttime="20230122 21:33:11.487" endtime="20230122 21:33:14.058"/>
</kw>
<kw name="Maximize Browser Window" library="SeleniumLibrary">
<doc>Maximizes current browser window.</doc>
<status status="PASS" starttime="20230122 21:33:14.059" endtime="20230122 21:33:14.823"/>
</kw>
<status status="PASS" starttime="20230122 21:33:11.486" endtime="20230122 21:33:14.823"/>
</kw>
<kw name="Go to Landing Page" library="SaucedemoApp">
<kw name="Navigate To" library="Landing">
<kw name="Go To" library="SeleniumLibrary">
<arg>${URL_LANDING}</arg>
<doc>Navigates the current browser window to the provided ``url``.</doc>
<msg timestamp="20230122 21:33:14.827" level="INFO">Opening url 'https://www.saucedemo.com/'</msg>
<status status="PASS" starttime="20230122 21:33:14.825" endtime="20230122 21:33:17.259"/>
</kw>
<status status="PASS" starttime="20230122 21:33:14.824" endtime="20230122 21:33:17.259"/>
</kw>
<kw name="Verify you are on a correct page" library="Landing">
<kw name="Wait Until Page Contains Element" library="SeleniumLibrary">
<arg>${LOGIN_BUTTON}</arg>
<doc>Waits until the element ``locator`` appears on the current page.</doc>
<status status="PASS" starttime="20230122 21:33:17.260" endtime="20230122 21:33:17.782"/>
</kw>
<status status="PASS" starttime="20230122 21:33:17.260" endtime="20230122 21:33:17.783"/>
</kw>
<status status="PASS" starttime="20230122 21:33:14.824" endtime="20230122 21:33:17.783"/>
</kw>
<kw name="Sign in with correct credentials" library="SaucedemoApp">
<kw name="Correct credentials" library="Login">
<kw name="Input Text" library="SeleniumLibrary">
<arg>${USERNAME_FIELD}</arg>
<arg>${CORRECT_USERNAME}</arg>
<doc>Types the given ``text`` into the text field identified by ``locator``.</doc>
<msg timestamp="20230122 21:33:17.785" level="INFO">Typing text 'standard_user' into text field 'id=user-name'.</msg>
<status status="PASS" starttime="20230122 21:33:17.784" endtime="20230122 21:33:19.477"/>
</kw>
<kw name="Input Text" library="SeleniumLibrary">
<arg>${USERNAME_PASSWORD}</arg>
<arg>${CORRECT_PASSWORD}</arg>
<doc>Types the given ``text`` into the text field identified by ``locator``.</doc>
<msg timestamp="20230122 21:33:19.478" level="INFO">Typing text 'secret_sauce' into text field 'id=password'.</msg>
<status status="PASS" starttime="20230122 21:33:19.477" endtime="20230122 21:33:21.111"/>
</kw>
<kw name="Click Button" library="SeleniumLibrary">
<arg>${LOGIN_BUTTON}</arg>
<doc>Clicks the button identified by ``locator``.</doc>
<msg timestamp="20230122 21:33:21.113" level="INFO">Clicking button 'login-button'.</msg>
<status status="PASS" starttime="20230122 21:33:21.111" endtime="20230122 21:33:22.787"/>
</kw>
<status status="PASS" starttime="20230122 21:33:17.784" endtime="20230122 21:33:22.787"/>
</kw>
<kw name="Verify you are on a correct page" library="Products">
<kw name="Wait Until Page Contains" library="SeleniumLibrary">
<arg>Products</arg>
<doc>Waits until ``text`` appears on the current page.</doc>
<status status="PASS" starttime="20230122 21:33:22.788" endtime="20230122 21:33:23.310"/>
</kw>
<status status="PASS" starttime="20230122 21:33:22.788" endtime="20230122 21:33:23.311"/>
</kw>
<status status="PASS" starttime="20230122 21:33:17.783" endtime="20230122 21:33:23.311"/>
</kw>
<kw name="Log out" library="SaucedemoApp">
<kw name="Verify you are on a correct page" library="Products">
<kw name="Wait Until Page Contains" library="SeleniumLibrary">
<arg>Products</arg>
<doc>Waits until ``text`` appears on the current page.</doc>
<status status="PASS" starttime="20230122 21:33:23.312" endtime="20230122 21:33:23.829"/>
</kw>
<status status="PASS" starttime="20230122 21:33:23.312" endtime="20230122 21:33:23.830"/>
</kw>
<kw name="Click on hamburger menu" library="Products">
<kw name="Click Button" library="SeleniumLibrary">
<arg>${HAMBURGER_MENU}</arg>
<doc>Clicks the button identified by ``locator``.</doc>
<msg timestamp="20230122 21:33:23.831" level="INFO">Clicking button 'react-burger-menu-btn'.</msg>
<status status="PASS" starttime="20230122 21:33:23.830" endtime="20230122 21:33:25.927"/>
</kw>
<status status="PASS" starttime="20230122 21:33:23.830" endtime="20230122 21:33:25.928"/>
</kw>
<kw name="Log out" library="Products">
<kw name="Click Link" library="SeleniumLibrary">
<arg>Logout</arg>
<doc>Clicks a link identified by ``locator``.</doc>
<msg timestamp="20230122 21:33:25.929" level="INFO">Clicking link 'Logout'.</msg>
<status status="PASS" starttime="20230122 21:33:25.928" endtime="20230122 21:33:27.526"/>
</kw>
<status status="PASS" starttime="20230122 21:33:25.928" endtime="20230122 21:33:27.527"/>
</kw>
<kw name="Verify you are on a correct page" library="Landing">
<kw name="Wait Until Page Contains Element" library="SeleniumLibrary">
<arg>${LOGIN_BUTTON}</arg>
<doc>Waits until the element ``locator`` appears on the current page.</doc>
<status status="PASS" starttime="20230122 21:33:27.528" endtime="20230122 21:33:28.045"/>
</kw>
<status status="PASS" starttime="20230122 21:33:27.527" endtime="20230122 21:33:28.045"/>
</kw>
<status status="PASS" starttime="20230122 21:33:23.311" endtime="20230122 21:33:28.045"/>
</kw>
<kw name="End Test" library="Common" type="TEARDOWN">
<kw name="Close All Browsers" library="SeleniumLibrary">
<doc>Closes all open browsers and resets the browser cache.</doc>
<status status="PASS" starttime="20230122 21:33:28.046" endtime="20230122 21:33:28.620"/>
</kw>
<status status="PASS" starttime="20230122 21:33:28.046" endtime="20230122 21:33:28.621"/>
</kw>
<status status="PASS" starttime="20230122 21:33:11.484" endtime="20230122 21:33:28.621"/>
</test>
<doc>This is a Suite of test cases to check that Saucedemo web shop is working properly.</doc>
<status status="PASS" starttime="20230122 21:27:52.452" endtime="20230122 21:33:28.624"/>
</suite>
<statistics>
<total>
<stat pass="18" fail="0" skip="0">All Tests</stat>
</total>
<tag>
</tag>
<suite>
<stat pass="18" fail="0" skip="0" id="s1" name="Saucedemo">Saucedemo</stat>
</suite>
</statistics>
<errors>
</errors>
</robot>
