<?xml version="1.0" encoding="UTF-8"?>
<robot generator="Robot 6.0.1 (Python 3.11.1 on darwin)" generated="20230123 00:44:03.126" rpa="false" schemaversion="3">
<suite id="s1" name="Saucedemo" source="/Users/adam/Desktop/studia/WSB-final-AM/tests/Saucedemo.robot">
<test id="s1-t1" name="Landing page is accessible" line="14">
<kw name="Begin Test" library="Common" type="SETUP">
<kw name="Set Selenium Speed" library="SeleniumLibrary">
<arg>0.5</arg>
<doc>Sets the delay that is waited after each Selenium command.</doc>
<status status="PASS" starttime="20230123 00:44:09.280" endtime="20230123 00:44:09.281"/>
</kw>
<kw name="Open Browser" library="SeleniumLibrary">
<arg>about:blank</arg>
<arg>${BROWSER}</arg>
<doc>Opens a new browser instance to the optional ``url``.</doc>
<msg timestamp="20230123 00:44:09.282" level="INFO">Opening browser 'Chrome' to base url 'about:blank'.</msg>
<status status="PASS" starttime="20230123 00:44:09.281" endtime="20230123 00:45:13.354"/>
</kw>
<kw name="Maximize Browser Window" library="SeleniumLibrary">
<doc>Maximizes current browser window.</doc>
<status status="PASS" starttime="20230123 00:45:13.354" endtime="20230123 00:45:14.498"/>
</kw>
<status status="PASS" starttime="20230123 00:44:09.279" endtime="20230123 00:45:14.499"/>
</kw>
<kw name="Go to Landing Page" library="SaucedemoApp">
<kw name="Navigate To" library="Landing">
<kw name="Go To" library="SeleniumLibrary">
<arg>${URL_LANDING}</arg>
<doc>Navigates the current browser window to the provided ``url``.</doc>
<msg timestamp="20230123 00:45:14.503" level="INFO">Opening url 'https://www.saucedemo.com/'</msg>
<status status="PASS" starttime="20230123 00:45:14.502" endtime="20230123 00:45:29.399"/>
</kw>
<status status="PASS" starttime="20230123 00:45:14.501" endtime="20230123 00:45:29.399"/>
</kw>
<kw name="Verify you are on a correct page" library="Landing">
<kw name="Wait Until Page Contains Element" library="SeleniumLibrary">
<arg>${LOGIN_BUTTON}</arg>
<doc>Waits until the element ``locator`` appears on the current page.</doc>
<status status="PASS" starttime="20230123 00:45:29.400" endtime="20230123 00:45:30.138"/>
</kw>
<status status="PASS" starttime="20230123 00:45:29.399" endtime="20230123 00:45:30.138"/>
</kw>
<status status="PASS" starttime="20230123 00:45:14.500" endtime="20230123 00:45:30.138"/>
</kw>
<kw name="End Test" library="Common" type="TEARDOWN">
<kw name="Close All Browsers" library="SeleniumLibrary">
<doc>Closes all open browsers and resets the browser cache.</doc>
<status status="PASS" starttime="20230123 00:45:30.139" endtime="20230123 00:45:35.371"/>
</kw>
<status status="PASS" starttime="20230123 00:45:30.139" endtime="20230123 00:45:35.371"/>
</kw>
<status status="PASS" starttime="20230123 00:44:09.278" endtime="20230123 00:45:35.371"/>
</test>
<test id="s1-t2" name="Login with a locked out user shows the expected error message" line="17">
<kw name="Begin Test" library="Common" type="SETUP">
<kw name="Set Selenium Speed" library="SeleniumLibrary">
<arg>0.5</arg>
<doc>Sets the delay that is waited after each Selenium command.</doc>
<status status="PASS" starttime="20230123 00:45:35.374" endtime="20230123 00:45:35.374"/>
</kw>
<kw name="Open Browser" library="SeleniumLibrary">
<arg>about:blank</arg>
<arg>${BROWSER}</arg>
<doc>Opens a new browser instance to the optional ``url``.</doc>
<msg timestamp="20230123 00:45:35.375" level="INFO">Opening browser 'Chrome' to base url 'about:blank'.</msg>
<status status="PASS" starttime="20230123 00:45:35.375" endtime="20230123 00:45:57.010"/>
</kw>
<kw name="Maximize Browser Window" library="SeleniumLibrary">
<doc>Maximizes current browser window.</doc>
<status status="PASS" starttime="20230123 00:45:57.010" endtime="20230123 00:45:57.779"/>
</kw>
<status status="PASS" starttime="20230123 00:45:35.373" endtime="20230123 00:45:57.780"/>
</kw>
<kw name="Go to Landing Page" library="SaucedemoApp">
<kw name="Navigate To" library="Landing">
<kw name="Go To" library="SeleniumLibrary">
<arg>${URL_LANDING}</arg>
<doc>Navigates the current browser window to the provided ``url``.</doc>
<msg timestamp="20230123 00:45:57.781" level="INFO">Opening url 'https://www.saucedemo.com/'</msg>
<status status="PASS" starttime="20230123 00:45:57.781" endtime="20230123 00:46:03.453"/>
</kw>
<status status="PASS" starttime="20230123 00:45:57.781" endtime="20230123 00:46:03.454"/>
</kw>
<kw name="Verify you are on a correct page" library="Landing">
<kw name="Wait Until Page Contains Element" library="SeleniumLibrary">
<arg>${LOGIN_BUTTON}</arg>
<doc>Waits until the element ``locator`` appears on the current page.</doc>
<status status="PASS" starttime="20230123 00:46:03.454" endtime="20230123 00:46:03.973"/>
</kw>
<status status="PASS" starttime="20230123 00:46:03.454" endtime="20230123 00:46:03.974"/>
</kw>
<status status="PASS" starttime="20230123 00:45:57.780" endtime="20230123 00:46:03.974"/>
</kw>
<kw name="Sign in with a locked out user" library="SaucedemoApp">
<kw name="Locked out user" library="Login">
<kw name="Input Text" library="SeleniumLibrary">
<arg>${USERNAME_FIELD}</arg>
<arg>${LOCKED_OUT_USER}</arg>
<doc>Types the given ``text`` into the text field identified by ``locator``.</doc>
<msg timestamp="20230123 00:46:03.976" level="INFO">Typing text 'locked_out_user' into text field 'id=user-name'.</msg>
<status status="PASS" starttime="20230123 00:46:03.975" endtime="20230123 00:46:08.862"/>
</kw>
<kw name="Input Text" library="SeleniumLibrary">
<arg>${USERNAME_PASSWORD}</arg>
<arg>${CORRECT_PASSWORD}</arg>
<doc>Types the given ``text`` into the text field identified by ``locator``.</doc>
<msg timestamp="20230123 00:46:08.863" level="INFO">Typing text 'secret_sauce' into text field 'id=password'.</msg>
<status status="PASS" starttime="20230123 00:46:08.862" endtime="20230123 00:46:10.491"/>
</kw>
<kw name="Click Button" library="SeleniumLibrary">
<arg>${LOGIN_BUTTON}</arg>
<doc>Clicks the button identified by ``locator``.</doc>
<msg timestamp="20230123 00:46:10.492" level="INFO">Clicking button 'login-button'.</msg>
<status status="PASS" starttime="20230123 00:46:10.491" endtime="20230123 00:46:12.582"/>
</kw>
<kw name="Wait Until Page Contains" library="SeleniumLibrary">
<arg>Epic sadface: Sorry, this user has been locked out.</arg>
<doc>Waits until ``text`` appears on the current page.</doc>
<status status="PASS" starttime="20230123 00:46:12.582" endtime="20230123 00:46:13.097"/>
</kw>
<status status="PASS" starttime="20230123 00:46:03.975" endtime="20230123 00:46:13.098"/>
</kw>
<status status="PASS" starttime="20230123 00:46:03.974" endtime="20230123 00:46:13.098"/>
</kw>
<kw name="End Test" library="Common" type="TEARDOWN">
<kw name="Close All Browsers" library="SeleniumLibrary">
<doc>Closes all open browsers and resets the browser cache.</doc>
<status status="PASS" starttime="20230123 00:46:13.099" endtime="20230123 00:46:13.968"/>
</kw>
<status status="PASS" starttime="20230123 00:46:13.098" endtime="20230123 00:46:13.969"/>
</kw>
<status status="PASS" starttime="20230123 00:45:35.372" endtime="20230123 00:46:13.969"/>
</test>
<test id="s1-t3" name="Login with a wrong username shows the expected error message" line="21">
<kw name="Begin Test" library="Common" type="SETUP">
<kw name="Set Selenium Speed" library="SeleniumLibrary">
<arg>0.5</arg>
<doc>Sets the delay that is waited after each Selenium command.</doc>
<status status="PASS" starttime="20230123 00:46:13.974" endtime="20230123 00:46:13.974"/>
</kw>
<kw name="Open Browser" library="SeleniumLibrary">
<arg>about:blank</arg>
<arg>${BROWSER}</arg>
<doc>Opens a new browser instance to the optional ``url``.</doc>
<msg timestamp="20230123 00:46:13.976" level="INFO">Opening browser 'Chrome' to base url 'about:blank'.</msg>
<status status="PASS" starttime="20230123 00:46:13.975" endtime="20230123 00:46:23.221"/>
</kw>
<kw name="Maximize Browser Window" library="SeleniumLibrary">
<doc>Maximizes current browser window.</doc>
<status status="PASS" starttime="20230123 00:46:23.221" endtime="20230123 00:46:23.980"/>
</kw>
<status status="PASS" starttime="20230123 00:46:13.973" endtime="20230123 00:46:23.981"/>
</kw>
<kw name="Go to Landing Page" library="SaucedemoApp">
<kw name="Navigate To" library="Landing">
<kw name="Go To" library="SeleniumLibrary">
<arg>${URL_LANDING}</arg>
<doc>Navigates the current browser window to the provided ``url``.</doc>
<msg timestamp="20230123 00:46:24.065" level="INFO">Opening url 'https://www.saucedemo.com/'</msg>
<status status="PASS" starttime="20230123 00:46:24.064" endtime="20230123 00:46:29.488"/>
</kw>
<status status="PASS" starttime="20230123 00:46:24.064" endtime="20230123 00:46:29.488"/>
</kw>
<kw name="Verify you are on a correct page" library="Landing">
<kw name="Wait Until Page Contains Element" library="SeleniumLibrary">
<arg>${LOGIN_BUTTON}</arg>
<doc>Waits until the element ``locator`` appears on the current page.</doc>
<status status="PASS" starttime="20230123 00:46:29.489" endtime="20230123 00:46:30.007"/>
</kw>
<status status="PASS" starttime="20230123 00:46:29.488" endtime="20230123 00:46:30.007"/>
</kw>
<status status="PASS" starttime="20230123 00:46:23.981" endtime="20230123 00:46:30.007"/>
</kw>
<kw name="Sign in with a wrong username" library="SaucedemoApp">
<kw name="Wrong username" library="Login">
<kw name="Input Text" library="SeleniumLibrary">
<arg>${USERNAME_FIELD}</arg>
<arg>${WRONG_USERNAME}</arg>
<doc>Types the given ``text`` into the text field identified by ``locator``.</doc>
<msg timestamp="20230123 00:46:30.009" level="INFO">Typing text 'Adam90' into text field 'id=user-name'.</msg>
<status status="PASS" starttime="20230123 00:46:30.008" endtime="20230123 00:46:34.746"/>
</kw>
<kw name="Input Text" library="SeleniumLibrary">
<arg>${USERNAME_PASSWORD}</arg>
<arg>${CORRECT_PASSWORD}</arg>
<doc>Types the given ``text`` into the text field identified by ``locator``.</doc>
<msg timestamp="20230123 00:46:34.748" level="INFO">Typing text 'secret_sauce' into text field 'id=password'.</msg>
<status status="PASS" starttime="20230123 00:46:34.747" endtime="20230123 00:46:36.382"/>
</kw>
<kw name="Click Button" library="SeleniumLibrary">
<arg>${LOGIN_BUTTON}</arg>
<doc>Clicks the button identified by ``locator``.</doc>
<msg timestamp="20230123 00:46:36.383" level="INFO">Clicking button 'login-button'.</msg>
<status status="PASS" starttime="20230123 00:46:36.382" endtime="20230123 00:46:37.969"/>
</kw>
<kw name="Wait Until Page Contains" library="SeleniumLibrary">
<arg>Epic sadface: Username and password do not match any user in this service</arg>
<doc>Waits until ``text`` appears on the current page.</doc>
<status status="PASS" starttime="20230123 00:46:37.969" endtime="20230123 00:46:38.487"/>
</kw>
<status status="PASS" starttime="20230123 00:46:30.008" endtime="20230123 00:46:38.487"/>
</kw>
<status status="PASS" starttime="20230123 00:46:30.008" endtime="20230123 00:46:38.487"/>
</kw>
<kw name="End Test" library="Common" type="TEARDOWN">
<kw name="Close All Browsers" library="SeleniumLibrary">
<doc>Closes all open browsers and resets the browser cache.</doc>
<status status="PASS" starttime="20230123 00:46:38.488" endtime="20230123 00:46:39.889"/>
</kw>
<status status="PASS" starttime="20230123 00:46:38.488" endtime="20230123 00:46:39.889"/>
</kw>
<status status="PASS" starttime="20230123 00:46:13.972" endtime="20230123 00:46:39.889"/>
</test>
<test id="s1-t4" name="Login with a wrong password shows the expected error message" line="25">
<kw name="Begin Test" library="Common" type="SETUP">
<kw name="Set Selenium Speed" library="SeleniumLibrary">
<arg>0.5</arg>
<doc>Sets the delay that is waited after each Selenium command.</doc>
<status status="PASS" starttime="20230123 00:46:39.891" endtime="20230123 00:46:39.892"/>
</kw>
<kw name="Open Browser" library="SeleniumLibrary">
<arg>about:blank</arg>
<arg>${BROWSER}</arg>
<doc>Opens a new browser instance to the optional ``url``.</doc>
<msg timestamp="20230123 00:46:39.893" level="INFO">Opening browser 'Chrome' to base url 'about:blank'.</msg>
<status status="PASS" starttime="20230123 00:46:39.892" endtime="20230123 00:46:52.724"/>
</kw>
<kw name="Maximize Browser Window" library="SeleniumLibrary">
<doc>Maximizes current browser window.</doc>
<status status="PASS" starttime="20230123 00:46:52.725" endtime="20230123 00:46:53.483"/>
</kw>
<status status="PASS" starttime="20230123 00:46:39.891" endtime="20230123 00:46:53.484"/>
</kw>
<kw name="Go to Landing Page" library="SaucedemoApp">
<kw name="Navigate To" library="Landing">
<kw name="Go To" library="SeleniumLibrary">
<arg>${URL_LANDING}</arg>
<doc>Navigates the current browser window to the provided ``url``.</doc>
<msg timestamp="20230123 00:46:53.485" level="INFO">Opening url 'https://www.saucedemo.com/'</msg>
<status status="PASS" starttime="20230123 00:46:53.485" endtime="20230123 00:46:57.147"/>
</kw>
<status status="PASS" starttime="20230123 00:46:53.485" endtime="20230123 00:46:57.148"/>
</kw>
<kw name="Verify you are on a correct page" library="Landing">
<kw name="Wait Until Page Contains Element" library="SeleniumLibrary">
<arg>${LOGIN_BUTTON}</arg>
<doc>Waits until the element ``locator`` appears on the current page.</doc>
<status status="PASS" starttime="20230123 00:46:57.149" endtime="20230123 00:46:57.671"/>
</kw>
<status status="PASS" starttime="20230123 00:46:57.148" endtime="20230123 00:46:57.671"/>
</kw>
<status status="PASS" starttime="20230123 00:46:53.484" endtime="20230123 00:46:57.671"/>
</kw>
<kw name="Sign in with a wrong password" library="SaucedemoApp">
<kw name="Wrong password" library="Login">
<kw name="Input Text" library="SeleniumLibrary">
<arg>${USERNAME_FIELD}</arg>
<arg>${CORRECT_USERNAME}</arg>
<doc>Types the given ``text`` into the text field identified by ``locator``.</doc>
<msg timestamp="20230123 00:46:57.674" level="INFO">Typing text 'standard_user' into text field 'id=user-name'.</msg>
<status status="PASS" starttime="20230123 00:46:57.673" endtime="20230123 00:47:00.268"/>
</kw>
<kw name="Input Text" library="SeleniumLibrary">
<arg>${USERNAME_PASSWORD}</arg>
<arg>${WRONG_PASSWORD}</arg>
<doc>Types the given ``text`` into the text field identified by ``locator``.</doc>
<msg timestamp="20230123 00:47:00.269" level="INFO">Typing text 'secret_sauce2' into text field 'id=password'.</msg>
<status status="PASS" starttime="20230123 00:47:00.268" endtime="20230123 00:47:01.908"/>
</kw>
<kw name="Click Button" library="SeleniumLibrary">
<arg>${LOGIN_BUTTON}</arg>
<doc>Clicks the button identified by ``locator``.</doc>
<msg timestamp="20230123 00:47:01.910" level="INFO">Clicking button 'login-button'.</msg>
<status status="PASS" starttime="20230123 00:47:01.909" endtime="20230123 00:47:03.491"/>
</kw>
<kw name="Wait Until Page Contains" library="SeleniumLibrary">
<arg>Epic sadface: Username and password do not match any user in this service</arg>
<doc>Waits until ``text`` appears on the current page.</doc>
<status status="PASS" starttime="20230123 00:47:03.492" endtime="20230123 00:47:04.008"/>
</kw>
<status status="PASS" starttime="20230123 00:46:57.672" endtime="20230123 00:47:04.009"/>
</kw>
<status status="PASS" starttime="20230123 00:46:57.672" endtime="20230123 00:47:04.009"/>
</kw>
<kw name="End Test" library="Common" type="TEARDOWN">
<kw name="Close All Browsers" library="SeleniumLibrary">
<doc>Closes all open browsers and resets the browser cache.</doc>
<status status="PASS" starttime="20230123 00:47:04.010" endtime="20230123 00:47:05.081"/>
</kw>
<status status="PASS" starttime="20230123 00:47:04.009" endtime="20230123 00:47:05.082"/>
</kw>
<status status="PASS" starttime="20230123 00:46:39.890" endtime="20230123 00:47:05.082"/>
</test>
<test id="s1-t5" name="Login with a correct username and password is successful" line="29">
<kw name="Begin Test" library="Common" type="SETUP">
<kw name="Set Selenium Speed" library="SeleniumLibrary">
<arg>0.5</arg>
<doc>Sets the delay that is waited after each Selenium command.</doc>
<status status="PASS" starttime="20230123 00:47:05.086" endtime="20230123 00:47:05.086"/>
</kw>
<kw name="Open Browser" library="SeleniumLibrary">
<arg>about:blank</arg>
<arg>${BROWSER}</arg>
<doc>Opens a new browser instance to the optional ``url``.</doc>
<msg timestamp="20230123 00:47:05.088" level="INFO">Opening browser 'Chrome' to base url 'about:blank'.</msg>
<status status="PASS" starttime="20230123 00:47:05.087" endtime="20230123 00:47:17.843"/>
</kw>
<kw name="Maximize Browser Window" library="SeleniumLibrary">
<doc>Maximizes current browser window.</doc>
<status status="PASS" starttime="20230123 00:47:17.844" endtime="20230123 00:47:18.606"/>
</kw>
<status status="PASS" starttime="20230123 00:47:05.085" endtime="20230123 00:47:18.606"/>
</kw>
<kw name="Go to Landing Page" library="SaucedemoApp">
<kw name="Navigate To" library="Landing">
<kw name="Go To" library="SeleniumLibrary">
<arg>${URL_LANDING}</arg>
<doc>Navigates the current browser window to the provided ``url``.</doc>
<msg timestamp="20230123 00:47:18.608" level="INFO">Opening url 'https://www.saucedemo.com/'</msg>
<status status="PASS" starttime="20230123 00:47:18.608" endtime="20230123 00:47:22.265"/>
</kw>
<status status="PASS" starttime="20230123 00:47:18.607" endtime="20230123 00:47:22.265"/>
</kw>
<kw name="Verify you are on a correct page" library="Landing">
<kw name="Wait Until Page Contains Element" library="SeleniumLibrary">
<arg>${LOGIN_BUTTON}</arg>
<doc>Waits until the element ``locator`` appears on the current page.</doc>
<status status="PASS" starttime="20230123 00:47:22.266" endtime="20230123 00:47:22.788"/>
</kw>
<status status="PASS" starttime="20230123 00:47:22.265" endtime="20230123 00:47:22.789"/>
</kw>
<status status="PASS" starttime="20230123 00:47:18.607" endtime="20230123 00:47:22.789"/>
</kw>
<kw name="Sign in with correct credentials" library="SaucedemoApp">
<kw name="Correct credentials" library="Login">
<kw name="Input Text" library="SeleniumLibrary">
<arg>${USERNAME_FIELD}</arg>
<arg>${CORRECT_USERNAME}</arg>
<doc>Types the given ``text`` into the text field identified by ``locator``.</doc>
<msg timestamp="20230123 00:47:22.791" level="INFO">Typing text 'standard_user' into text field 'id=user-name'.</msg>
<status status="PASS" starttime="20230123 00:47:22.790" endtime="20230123 00:47:25.123"/>
</kw>
<kw name="Input Text" library="SeleniumLibrary">
<arg>${USERNAME_PASSWORD}</arg>
<arg>${CORRECT_PASSWORD}</arg>
<doc>Types the given ``text`` into the text field identified by ``locator``.</doc>
<msg timestamp="20230123 00:47:25.124" level="INFO">Typing text 'secret_sauce' into text field 'id=password'.</msg>
<status status="PASS" starttime="20230123 00:47:25.123" endtime="20230123 00:47:26.761"/>
</kw>
<kw name="Click Button" library="SeleniumLibrary">
<arg>${LOGIN_BUTTON}</arg>
<doc>Clicks the button identified by ``locator``.</doc>
<msg timestamp="20230123 00:47:26.762" level="INFO">Clicking button 'login-button'.</msg>
<status status="PASS" starttime="20230123 00:47:26.761" endtime="20230123 00:47:28.395"/>
</kw>
<status status="PASS" starttime="20230123 00:47:22.790" endtime="20230123 00:47:28.395"/>
</kw>
<kw name="Verify you are on a correct page" library="Products">
<kw name="Wait Until Page Contains" library="SeleniumLibrary">
<arg>Products</arg>
<doc>Waits until ``text`` appears on the current page.</doc>
<status status="PASS" starttime="20230123 00:47:28.396" endtime="20230123 00:47:28.915"/>
</kw>
<status status="PASS" starttime="20230123 00:47:28.396" endtime="20230123 00:47:28.916"/>
</kw>
<status status="PASS" starttime="20230123 00:47:22.789" endtime="20230123 00:47:28.916"/>
</kw>
<kw name="End Test" library="Common" type="TEARDOWN">
<kw name="Close All Browsers" library="SeleniumLibrary">
<doc>Closes all open browsers and resets the browser cache.</doc>
<status status="PASS" starttime="20230123 00:47:28.917" endtime="20230123 00:47:29.938"/>
</kw>
<status status="PASS" starttime="20230123 00:47:28.916" endtime="20230123 00:47:29.938"/>
</kw>
<status status="PASS" starttime="20230123 00:47:05.083" endtime="20230123 00:47:29.939"/>
</test>
<test id="s1-t6" name="Sorting &quot;Products&quot; page &quot;Z-A&quot; is successful" line="33">
<kw name="Begin Test" library="Common" type="SETUP">
<kw name="Set Selenium Speed" library="SeleniumLibrary">
<arg>0.5</arg>
<doc>Sets the delay that is waited after each Selenium command.</doc>
<status status="PASS" starttime="20230123 00:47:29.943" endtime="20230123 00:47:29.944"/>
</kw>
<kw name="Open Browser" library="SeleniumLibrary">
<arg>about:blank</arg>
<arg>${BROWSER}</arg>
<doc>Opens a new browser instance to the optional ``url``.</doc>
<msg timestamp="20230123 00:47:29.945" level="INFO">Opening browser 'Chrome' to base url 'about:blank'.</msg>
<status status="PASS" starttime="20230123 00:47:29.944" endtime="20230123 00:47:44.825"/>
</kw>
<kw name="Maximize Browser Window" library="SeleniumLibrary">
<doc>Maximizes current browser window.</doc>
<status status="PASS" starttime="20230123 00:47:44.825" endtime="20230123 00:47:45.579"/>
</kw>
<status status="PASS" starttime="20230123 00:47:29.942" endtime="20230123 00:47:45.580"/>
</kw>
<kw name="Go to Landing Page" library="SaucedemoApp">
<kw name="Navigate To" library="Landing">
<kw name="Go To" library="SeleniumLibrary">
<arg>${URL_LANDING}</arg>
<doc>Navigates the current browser window to the provided ``url``.</doc>
<msg timestamp="20230123 00:47:45.581" level="INFO">Opening url 'https://www.saucedemo.com/'</msg>
<status status="PASS" starttime="20230123 00:47:45.581" endtime="20230123 00:47:48.107"/>
</kw>
<status status="PASS" starttime="20230123 00:47:45.581" endtime="20230123 00:47:48.108"/>
</kw>
<kw name="Verify you are on a correct page" library="Landing">
<kw name="Wait Until Page Contains Element" library="SeleniumLibrary">
<arg>${LOGIN_BUTTON}</arg>
<doc>Waits until the element ``locator`` appears on the current page.</doc>
<status status="PASS" starttime="20230123 00:47:48.108" endtime="20230123 00:47:48.631"/>
</kw>
<status status="PASS" starttime="20230123 00:47:48.108" endtime="20230123 00:47:48.632"/>
</kw>
<status status="PASS" starttime="20230123 00:47:45.580" endtime="20230123 00:47:48.632"/>
</kw>
<kw name="Sign in with correct credentials" library="SaucedemoApp">
<kw name="Correct credentials" library="Login">
<kw name="Input Text" library="SeleniumLibrary">
<arg>${USERNAME_FIELD}</arg>
<arg>${CORRECT_USERNAME}</arg>
<doc>Types the given ``text`` into the text field identified by ``locator``.</doc>
<msg timestamp="20230123 00:47:48.634" level="INFO">Typing text 'standard_user' into text field 'id=user-name'.</msg>
<status status="PASS" starttime="20230123 00:47:48.633" endtime="20230123 00:47:50.315"/>
</kw>
<kw name="Input Text" library="SeleniumLibrary">
<arg>${USERNAME_PASSWORD}</arg>
<arg>${CORRECT_PASSWORD}</arg>
<doc>Types the given ``text`` into the text field identified by ``locator``.</doc>
<msg timestamp="20230123 00:47:50.316" level="INFO">Typing text 'secret_sauce' into text field 'id=password'.</msg>
<status status="PASS" starttime="20230123 00:47:50.316" endtime="20230123 00:47:51.956"/>
</kw>
<kw name="Click Button" library="SeleniumLibrary">
<arg>${LOGIN_BUTTON}</arg>
<doc>Clicks the button identified by ``locator``.</doc>
<msg timestamp="20230123 00:47:51.957" level="INFO">Clicking button 'login-button'.</msg>
<status status="PASS" starttime="20230123 00:47:51.956" endtime="20230123 00:47:53.594"/>
</kw>
<status status="PASS" starttime="20230123 00:47:48.633" endtime="20230123 00:47:53.594"/>
</kw>
<kw name="Verify you are on a correct page" library="Products">
<kw name="Wait Until Page Contains" library="SeleniumLibrary">
<arg>Products</arg>
<doc>Waits until ``text`` appears on the current page.</doc>
<status status="PASS" starttime="20230123 00:47:53.595" endtime="20230123 00:47:54.116"/>
</kw>
<status status="PASS" starttime="20230123 00:47:53.595" endtime="20230123 00:47:54.116"/>
</kw>
<status status="PASS" starttime="20230123 00:47:48.632" endtime="20230123 00:47:54.116"/>
</kw>
<kw name="Select &quot;Z-A&quot; from drop-down list" library="SaucedemoApp">
<kw name="Verify you are on a correct page" library="Products">
<kw name="Wait Until Page Contains" library="SeleniumLibrary">
<arg>Products</arg>
<doc>Waits until ``text`` appears on the current page.</doc>
<status status="PASS" starttime="20230123 00:47:54.117" endtime="20230123 00:47:54.631"/>
</kw>
<status status="PASS" starttime="20230123 00:47:54.117" endtime="20230123 00:47:54.631"/>
</kw>
<kw name="Filter &quot;Z-A&quot;" library="Products">
<kw name="Wait Until Element Is Visible" library="SeleniumLibrary">
<arg>${dropdown}</arg>
<doc>Waits until the element ``locator`` is visible.</doc>
<status status="PASS" starttime="20230123 00:47:54.823" endtime="20230123 00:47:56.341"/>
</kw>
<kw name="Select From List By Label" library="SeleniumLibrary">
<arg>${dropdown}</arg>
<arg>Name (Z to A)</arg>
<doc>Selects options from selection list ``locator`` by ``labels``.</doc>
<msg timestamp="20230123 00:47:56.342" level="INFO">Selecting options from selection list '//body/div[@id='root']/div[@id='page_wrapper']/div[@id='contents_wrapper']/div[@id='header_container']/div[2]/div[2]/span[1]/select[1]' by label Name (Z to A).</msg>
<status status="PASS" starttime="20230123 00:47:56.341" endtime="20230123 00:48:00.923"/>
</kw>
<status status="PASS" starttime="20230123 00:47:54.823" endtime="20230123 00:48:00.923"/>
</kw>
<status status="PASS" starttime="20230123 00:47:54.117" endtime="20230123 00:48:00.923"/>
</kw>
<kw name="End Test" library="Common" type="TEARDOWN">
<kw name="Close All Browsers" library="SeleniumLibrary">
<doc>Closes all open browsers and resets the browser cache.</doc>
<status status="PASS" starttime="20230123 00:48:00.924" endtime="20230123 00:48:01.496"/>
</kw>
<status status="PASS" starttime="20230123 00:48:00.924" endtime="20230123 00:48:01.497"/>
</kw>
<status status="PASS" starttime="20230123 00:47:29.941" endtime="20230123 00:48:01.497"/>
</test>
<test id="s1-t7" name="Sorting &quot;Products&quot; page &quot;A-Z&quot; is successful" line="38">
<kw name="Begin Test" library="Common" type="SETUP">
<kw name="Set Selenium Speed" library="SeleniumLibrary">
<arg>0.5</arg>
<doc>Sets the delay that is waited after each Selenium command.</doc>
<status status="PASS" starttime="20230123 00:48:01.501" endtime="20230123 00:48:01.502"/>
</kw>
<kw name="Open Browser" library="SeleniumLibrary">
<arg>about:blank</arg>
<arg>${BROWSER}</arg>
<doc>Opens a new browser instance to the optional ``url``.</doc>
<msg timestamp="20230123 00:48:01.503" level="INFO">Opening browser 'Chrome' to base url 'about:blank'.</msg>
<status status="PASS" starttime="20230123 00:48:01.502" endtime="20230123 00:48:10.536"/>
</kw>
<kw name="Maximize Browser Window" library="SeleniumLibrary">
<doc>Maximizes current browser window.</doc>
<status status="PASS" starttime="20230123 00:48:10.536" endtime="20230123 00:48:11.295"/>
</kw>
<status status="PASS" starttime="20230123 00:48:01.500" endtime="20230123 00:48:11.295"/>
</kw>
<kw name="Go to Landing Page" library="SaucedemoApp">
<kw name="Navigate To" library="Landing">
<kw name="Go To" library="SeleniumLibrary">
<arg>${URL_LANDING}</arg>
<doc>Navigates the current browser window to the provided ``url``.</doc>
<msg timestamp="20230123 00:48:11.297" level="INFO">Opening url 'https://www.saucedemo.com/'</msg>
<status status="PASS" starttime="20230123 00:48:11.297" endtime="20230123 00:48:14.213"/>
</kw>
<status status="PASS" starttime="20230123 00:48:11.296" endtime="20230123 00:48:14.214"/>
</kw>
<kw name="Verify you are on a correct page" library="Landing">
<kw name="Wait Until Page Contains Element" library="SeleniumLibrary">
<arg>${LOGIN_BUTTON}</arg>
<doc>Waits until the element ``locator`` appears on the current page.</doc>
<status status="PASS" starttime="20230123 00:48:14.214" endtime="20230123 00:48:14.733"/>
</kw>
<status status="PASS" starttime="20230123 00:48:14.214" endtime="20230123 00:48:14.733"/>
</kw>
<status status="PASS" starttime="20230123 00:48:11.296" endtime="20230123 00:48:14.733"/>
</kw>
<kw name="Sign in with correct credentials" library="SaucedemoApp">
<kw name="Correct credentials" library="Login">
<kw name="Input Text" library="SeleniumLibrary">
<arg>${USERNAME_FIELD}</arg>
<arg>${CORRECT_USERNAME}</arg>
<doc>Types the given ``text`` into the text field identified by ``locator``.</doc>
<msg timestamp="20230123 00:48:14.735" level="INFO">Typing text 'standard_user' into text field 'id=user-name'.</msg>
<status status="PASS" starttime="20230123 00:48:14.734" endtime="20230123 00:48:16.424"/>
</kw>
<kw name="Input Text" library="SeleniumLibrary">
<arg>${USERNAME_PASSWORD}</arg>
<arg>${CORRECT_PASSWORD}</arg>
<doc>Types the given ``text`` into the text field identified by ``locator``.</doc>
<msg timestamp="20230123 00:48:16.425" level="INFO">Typing text 'secret_sauce' into text field 'id=password'.</msg>
<status status="PASS" starttime="20230123 00:48:16.424" endtime="20230123 00:48:18.067"/>
</kw>
<kw name="Click Button" library="SeleniumLibrary">
<arg>${LOGIN_BUTTON}</arg>
<doc>Clicks the button identified by ``locator``.</doc>
<msg timestamp="20230123 00:48:18.068" level="INFO">Clicking button 'login-button'.</msg>
<status status="PASS" starttime="20230123 00:48:18.067" endtime="20230123 00:48:19.720"/>
</kw>
<status status="PASS" starttime="20230123 00:48:14.734" endtime="20230123 00:48:19.720"/>
</kw>
<kw name="Verify you are on a correct page" library="Products">
<kw name="Wait Until Page Contains" library="SeleniumLibrary">
<arg>Products</arg>
<doc>Waits until ``text`` appears on the current page.</doc>
<status status="PASS" starttime="20230123 00:48:19.721" endtime="20230123 00:48:20.236"/>
</kw>
<status status="PASS" starttime="20230123 00:48:19.720" endtime="20230123 00:48:20.236"/>
</kw>
<status status="PASS" starttime="20230123 00:48:14.733" endtime="20230123 00:48:20.236"/>
</kw>
<kw name="Select &quot;A-Z&quot; from drop-down list" library="SaucedemoApp">
<kw name="Verify you are on a correct page" library="Products">
<kw name="Wait Until Page Contains" library="SeleniumLibrary">
<arg>Products</arg>
<doc>Waits until ``text`` appears on the current page.</doc>
<status status="PASS" starttime="20230123 00:48:20.237" endtime="20230123 00:48:20.745"/>
</kw>
<status status="PASS" starttime="20230123 00:48:20.237" endtime="20230123 00:48:20.746"/>
</kw>
<kw name="Filter &quot;A-Z&quot;" library="Products">
<kw name="Wait Until Element Is Visible" library="SeleniumLibrary">
<arg>${dropdown}</arg>
<doc>Waits until the element ``locator`` is visible.</doc>
<status status="PASS" starttime="20230123 00:48:20.746" endtime="20230123 00:48:21.782"/>
</kw>
<kw name="Select From List By Label" library="SeleniumLibrary">
<arg>${dropdown}</arg>
<arg>Name (A to Z)</arg>
<doc>Selects options from selection list ``locator`` by ``labels``.</doc>
<msg timestamp="20230123 00:48:21.783" level="INFO">Selecting options from selection list '//body/div[@id='root']/div[@id='page_wrapper']/div[@id='contents_wrapper']/div[@id='header_container']/div[2]/div[2]/span[1]/select[1]' by label Name (A to Z).</msg>
<status status="PASS" starttime="20230123 00:48:21.783" endtime="20230123 00:48:24.850"/>
</kw>
<status status="PASS" starttime="20230123 00:48:20.746" endtime="20230123 00:48:24.850"/>
</kw>
<status status="PASS" starttime="20230123 00:48:20.236" endtime="20230123 00:48:24.851"/>
</kw>
<kw name="End Test" library="Common" type="TEARDOWN">
<kw name="Close All Browsers" library="SeleniumLibrary">
<doc>Closes all open browsers and resets the browser cache.</doc>
<status status="PASS" starttime="20230123 00:48:24.851" endtime="20230123 00:48:25.768"/>
</kw>
<status status="PASS" starttime="20230123 00:48:24.851" endtime="20230123 00:48:25.768"/>
</kw>
<status status="PASS" starttime="20230123 00:48:01.499" endtime="20230123 00:48:25.768"/>
</test>
<test id="s1-t8" name="Sorting &quot;Products&quot; page by price low to high is successful" line="43">
<kw name="Begin Test" library="Common" type="SETUP">
<kw name="Set Selenium Speed" library="SeleniumLibrary">
<arg>0.5</arg>
<doc>Sets the delay that is waited after each Selenium command.</doc>
<status status="PASS" starttime="20230123 00:48:25.772" endtime="20230123 00:48:25.773"/>
</kw>
<kw name="Open Browser" library="SeleniumLibrary">
<arg>about:blank</arg>
<arg>${BROWSER}</arg>
<doc>Opens a new browser instance to the optional ``url``.</doc>
<msg timestamp="20230123 00:48:25.774" level="INFO">Opening browser 'Chrome' to base url 'about:blank'.</msg>
<status status="PASS" starttime="20230123 00:48:25.773" endtime="20230123 00:48:28.691"/>
</kw>
<kw name="Maximize Browser Window" library="SeleniumLibrary">
<doc>Maximizes current browser window.</doc>
<status status="PASS" starttime="20230123 00:48:28.712" endtime="20230123 00:48:29.472"/>
</kw>
<status status="PASS" starttime="20230123 00:48:25.772" endtime="20230123 00:48:29.473"/>
</kw>
<kw name="Go to Landing Page" library="SaucedemoApp">
<kw name="Navigate To" library="Landing">
<kw name="Go To" library="SeleniumLibrary">
<arg>${URL_LANDING}</arg>
<doc>Navigates the current browser window to the provided ``url``.</doc>
<msg timestamp="20230123 00:48:29.474" level="INFO">Opening url 'https://www.saucedemo.com/'</msg>
<status status="PASS" starttime="20230123 00:48:29.474" endtime="20230123 00:48:34.227"/>
</kw>
<status status="PASS" starttime="20230123 00:48:29.473" endtime="20230123 00:48:34.228"/>
</kw>
<kw name="Verify you are on a correct page" library="Landing">
<kw name="Wait Until Page Contains Element" library="SeleniumLibrary">
<arg>${LOGIN_BUTTON}</arg>
<doc>Waits until the element ``locator`` appears on the current page.</doc>
<status status="PASS" starttime="20230123 00:48:34.228" endtime="20230123 00:48:34.749"/>
</kw>
<status status="PASS" starttime="20230123 00:48:34.228" endtime="20230123 00:48:34.749"/>
</kw>
<status status="PASS" starttime="20230123 00:48:29.473" endtime="20230123 00:48:34.749"/>
</kw>
<kw name="Sign in with correct credentials" library="SaucedemoApp">
<kw name="Correct credentials" library="Login">
<kw name="Input Text" library="SeleniumLibrary">
<arg>${USERNAME_FIELD}</arg>
<arg>${CORRECT_USERNAME}</arg>
<doc>Types the given ``text`` into the text field identified by ``locator``.</doc>
<msg timestamp="20230123 00:48:34.751" level="INFO">Typing text 'standard_user' into text field 'id=user-name'.</msg>
<status status="PASS" starttime="20230123 00:48:34.750" endtime="20230123 00:48:36.431"/>
</kw>
<kw name="Input Text" library="SeleniumLibrary">
<arg>${USERNAME_PASSWORD}</arg>
<arg>${CORRECT_PASSWORD}</arg>
<doc>Types the given ``text`` into the text field identified by ``locator``.</doc>
<msg timestamp="20230123 00:48:36.433" level="INFO">Typing text 'secret_sauce' into text field 'id=password'.</msg>
<status status="PASS" starttime="20230123 00:48:36.432" endtime="20230123 00:48:38.069"/>
</kw>
<kw name="Click Button" library="SeleniumLibrary">
<arg>${LOGIN_BUTTON}</arg>
<doc>Clicks the button identified by ``locator``.</doc>
<msg timestamp="20230123 00:48:38.070" level="INFO">Clicking button 'login-button'.</msg>
<status status="PASS" starttime="20230123 00:48:38.069" endtime="20230123 00:48:39.709"/>
</kw>
<status status="PASS" starttime="20230123 00:48:34.750" endtime="20230123 00:48:39.709"/>
</kw>
<kw name="Verify you are on a correct page" library="Products">
<kw name="Wait Until Page Contains" library="SeleniumLibrary">
<arg>Products</arg>
<doc>Waits until ``text`` appears on the current page.</doc>
<status status="PASS" starttime="20230123 00:48:39.710" endtime="20230123 00:48:40.226"/>
</kw>
<status status="PASS" starttime="20230123 00:48:39.710" endtime="20230123 00:48:40.226"/>
</kw>
<status status="PASS" starttime="20230123 00:48:34.749" endtime="20230123 00:48:40.226"/>
</kw>
<kw name="Select price &quot;low-high&quot; from drop-down list" library="SaucedemoApp">
<kw name="Verify you are on a correct page" library="Products">
<kw name="Wait Until Page Contains" library="SeleniumLibrary">
<arg>Products</arg>
<doc>Waits until ``text`` appears on the current page.</doc>
<status status="PASS" starttime="20230123 00:48:40.227" endtime="20230123 00:48:40.742"/>
</kw>
<status status="PASS" starttime="20230123 00:48:40.227" endtime="20230123 00:48:40.742"/>
</kw>
<kw name="Filter price &quot;low-high&quot;" library="Products">
<kw name="Wait Until Element Is Visible" library="SeleniumLibrary">
<arg>${dropdown}</arg>
<doc>Waits until the element ``locator`` is visible.</doc>
<status status="PASS" starttime="20230123 00:48:40.743" endtime="20230123 00:48:41.784"/>
</kw>
<kw name="Select From List By Label" library="SeleniumLibrary">
<arg>${dropdown}</arg>
<arg>Price (low to high)</arg>
<doc>Selects options from selection list ``locator`` by ``labels``.</doc>
<msg timestamp="20230123 00:48:41.785" level="INFO">Selecting options from selection list '//body/div[@id='root']/div[@id='page_wrapper']/div[@id='contents_wrapper']/div[@id='header_container']/div[2]/div[2]/span[1]/select[1]' by label Price (low to high).</msg>
<status status="PASS" starttime="20230123 00:48:41.784" endtime="20230123 00:48:45.928"/>
</kw>
<status status="PASS" starttime="20230123 00:48:40.742" endtime="20230123 00:48:45.928"/>
</kw>
<status status="PASS" starttime="20230123 00:48:40.227" endtime="20230123 00:48:45.928"/>
</kw>
<kw name="End Test" library="Common" type="TEARDOWN">
<kw name="Close All Browsers" library="SeleniumLibrary">
<doc>Closes all open browsers and resets the browser cache.</doc>
<status status="PASS" starttime="20230123 00:48:45.929" endtime="20230123 00:48:46.626"/>
</kw>
<status status="PASS" starttime="20230123 00:48:45.928" endtime="20230123 00:48:46.626"/>
</kw>
<status status="PASS" starttime="20230123 00:48:25.770" endtime="20230123 00:48:46.626"/>
</test>
<test id="s1-t9" name="Sorting &quot;Products&quot; page by price high to low is successful" line="48">
<kw name="Begin Test" library="Common" type="SETUP">
<kw name="Set Selenium Speed" library="SeleniumLibrary">
<arg>0.5</arg>
<doc>Sets the delay that is waited after each Selenium command.</doc>
<status status="PASS" starttime="20230123 00:48:46.629" endtime="20230123 00:48:46.630"/>
</kw>
<kw name="Open Browser" library="SeleniumLibrary">
<arg>about:blank</arg>
<arg>${BROWSER}</arg>
<doc>Opens a new browser instance to the optional ``url``.</doc>
<msg timestamp="20230123 00:48:46.630" level="INFO">Opening browser 'Chrome' to base url 'about:blank'.</msg>
<status status="PASS" starttime="20230123 00:48:46.630" endtime="20230123 00:48:55.367"/>
</kw>
<kw name="Maximize Browser Window" library="SeleniumLibrary">
<doc>Maximizes current browser window.</doc>
<status status="PASS" starttime="20230123 00:48:55.368" endtime="20230123 00:48:56.132"/>
</kw>
<status status="PASS" starttime="20230123 00:48:46.628" endtime="20230123 00:48:56.132"/>
</kw>
<kw name="Go to Landing Page" library="SaucedemoApp">
<kw name="Navigate To" library="Landing">
<kw name="Go To" library="SeleniumLibrary">
<arg>${URL_LANDING}</arg>
<doc>Navigates the current browser window to the provided ``url``.</doc>
<msg timestamp="20230123 00:48:56.134" level="INFO">Opening url 'https://www.saucedemo.com/'</msg>
<status status="PASS" starttime="20230123 00:48:56.133" endtime="20230123 00:48:59.912"/>
</kw>
<status status="PASS" starttime="20230123 00:48:56.133" endtime="20230123 00:48:59.913"/>
</kw>
<kw name="Verify you are on a correct page" library="Landing">
<kw name="Wait Until Page Contains Element" library="SeleniumLibrary">
<arg>${LOGIN_BUTTON}</arg>
<doc>Waits until the element ``locator`` appears on the current page.</doc>
<status status="PASS" starttime="20230123 00:48:59.913" endtime="20230123 00:49:00.432"/>
</kw>
<status status="PASS" starttime="20230123 00:48:59.913" endtime="20230123 00:49:00.433"/>
</kw>
<status status="PASS" starttime="20230123 00:48:56.133" endtime="20230123 00:49:00.433"/>
</kw>
<kw name="Sign in with correct credentials" library="SaucedemoApp">
<kw name="Correct credentials" library="Login">
<kw name="Input Text" library="SeleniumLibrary">
<arg>${USERNAME_FIELD}</arg>
<arg>${CORRECT_USERNAME}</arg>
<doc>Types the given ``text`` into the text field identified by ``locator``.</doc>
<msg timestamp="20230123 00:49:00.435" level="INFO">Typing text 'standard_user' into text field 'id=user-name'.</msg>
<status status="PASS" starttime="20230123 00:49:00.434" endtime="20230123 00:49:02.441"/>
</kw>
<kw name="Input Text" library="SeleniumLibrary">
<arg>${USERNAME_PASSWORD}</arg>
<arg>${CORRECT_PASSWORD}</arg>
<doc>Types the given ``text`` into the text field identified by ``locator``.</doc>
<msg timestamp="20230123 00:49:02.443" level="INFO">Typing text 'secret_sauce' into text field 'id=password'.</msg>
<status status="PASS" starttime="20230123 00:49:02.442" endtime="20230123 00:49:04.182"/>
</kw>
<kw name="Click Button" library="SeleniumLibrary">
<arg>${LOGIN_BUTTON}</arg>
<doc>Clicks the button identified by ``locator``.</doc>
<msg timestamp="20230123 00:49:04.183" level="INFO">Clicking button 'login-button'.</msg>
<status status="PASS" starttime="20230123 00:49:04.182" endtime="20230123 00:49:05.830"/>
</kw>
<status status="PASS" starttime="20230123 00:49:00.433" endtime="20230123 00:49:05.831"/>
</kw>
<kw name="Verify you are on a correct page" library="Products">
<kw name="Wait Until Page Contains" library="SeleniumLibrary">
<arg>Products</arg>
<doc>Waits until ``text`` appears on the current page.</doc>
<status status="PASS" starttime="20230123 00:49:05.831" endtime="20230123 00:49:06.349"/>
</kw>
<status status="PASS" starttime="20230123 00:49:05.831" endtime="20230123 00:49:06.349"/>
</kw>
<status status="PASS" starttime="20230123 00:49:00.433" endtime="20230123 00:49:06.349"/>
</kw>
<kw name="Select price &quot;high-low&quot; from drop-down list" library="SaucedemoApp">
<kw name="Verify you are on a correct page" library="Products">
<kw name="Wait Until Page Contains" library="SeleniumLibrary">
<arg>Products</arg>
<doc>Waits until ``text`` appears on the current page.</doc>
<status status="PASS" starttime="20230123 00:49:06.350" endtime="20230123 00:49:06.864"/>
</kw>
<status status="PASS" starttime="20230123 00:49:06.350" endtime="20230123 00:49:06.864"/>
</kw>
<kw name="Filter price &quot;high-low&quot;" library="Products">
<kw name="Wait Until Element Is Visible" library="SeleniumLibrary">
<arg>${dropdown}</arg>
<doc>Waits until the element ``locator`` is visible.</doc>
<status status="PASS" starttime="20230123 00:49:06.865" endtime="20230123 00:49:07.903"/>
</kw>
<kw name="Select From List By Label" library="SeleniumLibrary">
<arg>${dropdown}</arg>
<arg>Price (high to low)</arg>
<doc>Selects options from selection list ``locator`` by ``labels``.</doc>
<msg timestamp="20230123 00:49:07.904" level="INFO">Selecting options from selection list '//body/div[@id='root']/div[@id='page_wrapper']/div[@id='contents_wrapper']/div[@id='header_container']/div[2]/div[2]/span[1]/select[1]' by label Price (high to low).</msg>
<status status="PASS" starttime="20230123 00:49:07.903" endtime="20230123 00:49:12.105"/>
</kw>
<status status="PASS" starttime="20230123 00:49:06.865" endtime="20230123 00:49:12.105"/>
</kw>
<status status="PASS" starttime="20230123 00:49:06.349" endtime="20230123 00:49:12.105"/>
</kw>
<kw name="End Test" library="Common" type="TEARDOWN">
<kw name="Close All Browsers" library="SeleniumLibrary">
<doc>Closes all open browsers and resets the browser cache.</doc>
<status status="PASS" starttime="20230123 00:49:12.107" endtime="20230123 00:49:12.770"/>
</kw>
<status status="PASS" starttime="20230123 00:49:12.106" endtime="20230123 00:49:12.770"/>
</kw>
<status status="PASS" starttime="20230123 00:48:46.627" endtime="20230123 00:49:12.770"/>
</test>
<test id="s1-t10" name="Adding one product to cart is successful" line="53">
<kw name="Begin Test" library="Common" type="SETUP">
<kw name="Set Selenium Speed" library="SeleniumLibrary">
<arg>0.5</arg>
<doc>Sets the delay that is waited after each Selenium command.</doc>
<status status="PASS" starttime="20230123 00:49:12.775" endtime="20230123 00:49:12.775"/>
</kw>
<kw name="Open Browser" library="SeleniumLibrary">
<arg>about:blank</arg>
<arg>${BROWSER}</arg>
<doc>Opens a new browser instance to the optional ``url``.</doc>
<msg timestamp="20230123 00:49:12.777" level="INFO">Opening browser 'Chrome' to base url 'about:blank'.</msg>
<status status="PASS" starttime="20230123 00:49:12.776" endtime="20230123 00:49:24.259"/>
</kw>
<kw name="Maximize Browser Window" library="SeleniumLibrary">
<doc>Maximizes current browser window.</doc>
<status status="PASS" starttime="20230123 00:49:24.259" endtime="20230123 00:49:25.023"/>
</kw>
<status status="PASS" starttime="20230123 00:49:12.774" endtime="20230123 00:49:25.024"/>
</kw>
<kw name="Go to Landing Page" library="SaucedemoApp">
<kw name="Navigate To" library="Landing">
<kw name="Go To" library="SeleniumLibrary">
<arg>${URL_LANDING}</arg>
<doc>Navigates the current browser window to the provided ``url``.</doc>
<msg timestamp="20230123 00:49:25.026" level="INFO">Opening url 'https://www.saucedemo.com/'</msg>
<status status="PASS" starttime="20230123 00:49:25.025" endtime="20230123 00:49:27.949"/>
</kw>
<status status="PASS" starttime="20230123 00:49:25.025" endtime="20230123 00:49:27.949"/>
</kw>
<kw name="Verify you are on a correct page" library="Landing">
<kw name="Wait Until Page Contains Element" library="SeleniumLibrary">
<arg>${LOGIN_BUTTON}</arg>
<doc>Waits until the element ``locator`` appears on the current page.</doc>
<status status="PASS" starttime="20230123 00:49:27.950" endtime="20230123 00:49:28.473"/>
</kw>
<status status="PASS" starttime="20230123 00:49:27.949" endtime="20230123 00:49:28.473"/>
</kw>
<status status="PASS" starttime="20230123 00:49:25.024" endtime="20230123 00:49:28.473"/>
</kw>
<kw name="Sign in with correct credentials" library="SaucedemoApp">
<kw name="Correct credentials" library="Login">
<kw name="Input Text" library="SeleniumLibrary">
<arg>${USERNAME_FIELD}</arg>
<arg>${CORRECT_USERNAME}</arg>
<doc>Types the given ``text`` into the text field identified by ``locator``.</doc>
<msg timestamp="20230123 00:49:28.475" level="INFO">Typing text 'standard_user' into text field 'id=user-name'.</msg>
<status status="PASS" starttime="20230123 00:49:28.474" endtime="20230123 00:49:30.203"/>
</kw>
<kw name="Input Text" library="SeleniumLibrary">
<arg>${USERNAME_PASSWORD}</arg>
<arg>${CORRECT_PASSWORD}</arg>
<doc>Types the given ``text`` into the text field identified by ``locator``.</doc>
<msg timestamp="20230123 00:49:30.204" level="INFO">Typing text 'secret_sauce' into text field 'id=password'.</msg>
<status status="PASS" starttime="20230123 00:49:30.203" endtime="20230123 00:49:31.841"/>
</kw>
<kw name="Click Button" library="SeleniumLibrary">
<arg>${LOGIN_BUTTON}</arg>
<doc>Clicks the button identified by ``locator``.</doc>
<msg timestamp="20230123 00:49:31.842" level="INFO">Clicking button 'login-button'.</msg>
<status status="PASS" starttime="20230123 00:49:31.841" endtime="20230123 00:49:33.484"/>
</kw>
<status status="PASS" starttime="20230123 00:49:28.474" endtime="20230123 00:49:33.484"/>
</kw>
<kw name="Verify you are on a correct page" library="Products">
<kw name="Wait Until Page Contains" library="SeleniumLibrary">
<arg>Products</arg>
<doc>Waits until ``text`` appears on the current page.</doc>
<status status="PASS" starttime="20230123 00:49:33.485" endtime="20230123 00:49:34.097"/>
</kw>
<status status="PASS" starttime="20230123 00:49:33.485" endtime="20230123 00:49:34.098"/>
</kw>
<status status="PASS" starttime="20230123 00:49:28.473" endtime="20230123 00:49:34.098"/>
</kw>
<kw name="Add one product to cart" library="SaucedemoApp">
<kw name="Verify you are on a correct page" library="Products">
<kw name="Wait Until Page Contains" library="SeleniumLibrary">
<arg>Products</arg>
<doc>Waits until ``text`` appears on the current page.</doc>
<status status="PASS" starttime="20230123 00:49:34.099" endtime="20230123 00:49:34.613"/>
</kw>
<status status="PASS" starttime="20230123 00:49:34.099" endtime="20230123 00:49:34.613"/>
</kw>
<kw name="Add one product" library="Products">
<kw name="Click Button" library="SeleniumLibrary">
<arg>${BACKPACK_ADD_TO_CART}</arg>
<doc>Clicks the button identified by ``locator``.</doc>
<msg timestamp="20230123 00:49:34.614" level="INFO">Clicking button 'add-to-cart-sauce-labs-backpack'.</msg>
<status status="PASS" starttime="20230123 00:49:34.614" endtime="20230123 00:49:36.698"/>
</kw>
<status status="PASS" starttime="20230123 00:49:34.613" endtime="20230123 00:49:36.698"/>
</kw>
<kw name="Verify that cart has 1 item inside" library="Products">
<kw name="Element Should Contain" library="SeleniumLibrary">
<arg>${SHOPPING_CART}</arg>
<arg>1</arg>
<doc>Verifies that element ``locator`` contains text ``expected``.</doc>
<msg timestamp="20230123 00:49:38.253" level="INFO">Element 'class=shopping_cart_badge' contains text '1'.</msg>
<status status="PASS" starttime="20230123 00:49:36.699" endtime="20230123 00:49:38.254"/>
</kw>
<status status="PASS" starttime="20230123 00:49:36.699" endtime="20230123 00:49:38.254"/>
</kw>
<status status="PASS" starttime="20230123 00:49:34.098" endtime="20230123 00:49:38.254"/>
</kw>
<kw name="End Test" library="Common" type="TEARDOWN">
<kw name="Close All Browsers" library="SeleniumLibrary">
<doc>Closes all open browsers and resets the browser cache.</doc>
<status status="PASS" starttime="20230123 00:49:38.255" endtime="20230123 00:49:39.230"/>
</kw>
<status status="PASS" starttime="20230123 00:49:38.254" endtime="20230123 00:49:39.231"/>
</kw>
<status status="PASS" starttime="20230123 00:49:12.772" endtime="20230123 00:49:39.231"/>
</test>
<test id="s1-t11" name="Placing an order with one product is successful" line="58">
<kw name="Begin Test" library="Common" type="SETUP">
<kw name="Set Selenium Speed" library="SeleniumLibrary">
<arg>0.5</arg>
<doc>Sets the delay that is waited after each Selenium command.</doc>
<status status="PASS" starttime="20230123 00:49:39.236" endtime="20230123 00:49:39.237"/>
</kw>
<kw name="Open Browser" library="SeleniumLibrary">
<arg>about:blank</arg>
<arg>${BROWSER}</arg>
<doc>Opens a new browser instance to the optional ``url``.</doc>
<msg timestamp="20230123 00:49:39.238" level="INFO">Opening browser 'Chrome' to base url 'about:blank'.</msg>
<status status="PASS" starttime="20230123 00:49:39.237" endtime="20230123 00:49:45.410"/>
</kw>
<kw name="Maximize Browser Window" library="SeleniumLibrary">
<doc>Maximizes current browser window.</doc>
<status status="PASS" starttime="20230123 00:49:45.411" endtime="20230123 00:49:46.168"/>
</kw>
<status status="PASS" starttime="20230123 00:49:39.235" endtime="20230123 00:49:46.168"/>
</kw>
<kw name="Go to Landing Page" library="SaucedemoApp">
<kw name="Navigate To" library="Landing">
<kw name="Go To" library="SeleniumLibrary">
<arg>${URL_LANDING}</arg>
<doc>Navigates the current browser window to the provided ``url``.</doc>
<msg timestamp="20230123 00:49:46.170" level="INFO">Opening url 'https://www.saucedemo.com/'</msg>
<status status="PASS" starttime="20230123 00:49:46.170" endtime="20230123 00:49:49.918"/>
</kw>
<status status="PASS" starttime="20230123 00:49:46.169" endtime="20230123 00:49:49.918"/>
</kw>
<kw name="Verify you are on a correct page" library="Landing">
<kw name="Wait Until Page Contains Element" library="SeleniumLibrary">
<arg>${LOGIN_BUTTON}</arg>
<doc>Waits until the element ``locator`` appears on the current page.</doc>
<status status="PASS" starttime="20230123 00:49:49.919" endtime="20230123 00:49:50.438"/>
</kw>
<status status="PASS" starttime="20230123 00:49:49.918" endtime="20230123 00:49:50.438"/>
</kw>
<status status="PASS" starttime="20230123 00:49:46.169" endtime="20230123 00:49:50.438"/>
</kw>
<kw name="Sign in with correct credentials" library="SaucedemoApp">
<kw name="Correct credentials" library="Login">
<kw name="Input Text" library="SeleniumLibrary">
<arg>${USERNAME_FIELD}</arg>
<arg>${CORRECT_USERNAME}</arg>
<doc>Types the given ``text`` into the text field identified by ``locator``.</doc>
<msg timestamp="20230123 00:49:50.440" level="INFO">Typing text 'standard_user' into text field 'id=user-name'.</msg>
<status status="PASS" starttime="20230123 00:49:50.439" endtime="20230123 00:49:52.119"/>
</kw>
<kw name="Input Text" library="SeleniumLibrary">
<arg>${USERNAME_PASSWORD}</arg>
<arg>${CORRECT_PASSWORD}</arg>
<doc>Types the given ``text`` into the text field identified by ``locator``.</doc>
<msg timestamp="20230123 00:49:52.120" level="INFO">Typing text 'secret_sauce' into text field 'id=password'.</msg>
<status status="PASS" starttime="20230123 00:49:52.119" endtime="20230123 00:49:53.759"/>
</kw>
<kw name="Click Button" library="SeleniumLibrary">
<arg>${LOGIN_BUTTON}</arg>
<doc>Clicks the button identified by ``locator``.</doc>
<msg timestamp="20230123 00:49:53.760" level="INFO">Clicking button 'login-button'.</msg>
<status status="PASS" starttime="20230123 00:49:53.759" endtime="20230123 00:49:55.400"/>
</kw>
<status status="PASS" starttime="20230123 00:49:50.439" endtime="20230123 00:49:55.400"/>
</kw>
<kw name="Verify you are on a correct page" library="Products">
<kw name="Wait Until Page Contains" library="SeleniumLibrary">
<arg>Products</arg>
<doc>Waits until ``text`` appears on the current page.</doc>
<status status="PASS" starttime="20230123 00:49:55.401" endtime="20230123 00:49:55.924"/>
</kw>
<status status="PASS" starttime="20230123 00:49:55.400" endtime="20230123 00:49:55.925"/>
</kw>
<status status="PASS" starttime="20230123 00:49:50.438" endtime="20230123 00:49:55.925"/>
</kw>
<kw name="Place an order with one product" library="SaucedemoApp">
<kw name="Verify you are on a correct page" library="Products">
<kw name="Wait Until Page Contains" library="SeleniumLibrary">
<arg>Products</arg>
<doc>Waits until ``text`` appears on the current page.</doc>
<status status="PASS" starttime="20230123 00:49:55.926" endtime="20230123 00:49:56.434"/>
</kw>
<status status="PASS" starttime="20230123 00:49:55.925" endtime="20230123 00:49:56.434"/>
</kw>
<kw name="Add one product" library="Products">
<kw name="Click Button" library="SeleniumLibrary">
<arg>${BACKPACK_ADD_TO_CART}</arg>
<doc>Clicks the button identified by ``locator``.</doc>
<msg timestamp="20230123 00:49:56.436" level="INFO">Clicking button 'add-to-cart-sauce-labs-backpack'.</msg>
<status status="PASS" starttime="20230123 00:49:56.435" endtime="20230123 00:49:58.542"/>
</kw>
<status status="PASS" starttime="20230123 00:49:56.435" endtime="20230123 00:49:58.543"/>
</kw>
<kw name="Verify that cart has 1 item inside" library="Products">
<kw name="Element Should Contain" library="SeleniumLibrary">
<arg>${SHOPPING_CART}</arg>
<arg>1</arg>
<doc>Verifies that element ``locator`` contains text ``expected``.</doc>
<msg timestamp="20230123 00:49:59.580" level="INFO">Element 'class=shopping_cart_badge' contains text '1'.</msg>
<status status="PASS" starttime="20230123 00:49:58.543" endtime="20230123 00:49:59.581"/>
</kw>
<status status="PASS" starttime="20230123 00:49:58.543" endtime="20230123 00:49:59.581"/>
</kw>
<kw name="Navigate to" library="Cart">
<kw name="Click Link" library="SeleniumLibrary">
<arg>${CART}</arg>
<doc>Clicks a link identified by ``locator``.</doc>
<msg timestamp="20230123 00:49:59.582" level="INFO">Clicking link 'class=shopping_cart_link'.</msg>
<status status="PASS" starttime="20230123 00:49:59.582" endtime="20230123 00:50:01.171"/>
</kw>
<status status="PASS" starttime="20230123 00:49:59.581" endtime="20230123 00:50:01.171"/>
</kw>
<kw name="Verify you are on a correct page" library="Cart">
<kw name="Wait Until Page Contains" library="SeleniumLibrary">
<arg>Your Cart</arg>
<doc>Waits until ``text`` appears on the current page.</doc>
<status status="PASS" starttime="20230123 00:50:01.172" endtime="20230123 00:50:01.689"/>
</kw>
<status status="PASS" starttime="20230123 00:50:01.171" endtime="20230123 00:50:01.689"/>
</kw>
<kw name="Navigate to" library="Checkout_information">
<kw name="Click Button" library="SeleniumLibrary">
<arg>Checkout</arg>
<doc>Clicks the button identified by ``locator``.</doc>
<msg timestamp="20230123 00:50:01.690" level="INFO">Clicking button 'Checkout'.</msg>
<status status="PASS" starttime="20230123 00:50:01.690" endtime="20230123 00:50:03.791"/>
</kw>
<status status="PASS" starttime="20230123 00:50:01.689" endtime="20230123 00:50:03.791"/>
</kw>
<kw name="Verify you are on a correct page" library="Checkout_information">
<kw name="Wait Until Page Contains" library="SeleniumLibrary">
<arg>Checkout: Your Information</arg>
<doc>Waits until ``text`` appears on the current page.</doc>
<status status="PASS" starttime="20230123 00:50:03.792" endtime="20230123 00:50:04.308"/>
</kw>
<status status="PASS" starttime="20230123 00:50:03.792" endtime="20230123 00:50:04.308"/>
</kw>
<kw name="Populate checkout information" library="Checkout_information">
<kw name="Wait Until Page Contains" library="SeleniumLibrary">
<arg>Checkout: Your Information</arg>
<doc>Waits until ``text`` appears on the current page.</doc>
<status status="PASS" starttime="20230123 00:50:04.309" endtime="20230123 00:50:04.824"/>
</kw>
<kw name="Input Text" library="SeleniumLibrary">
<arg>id=first-name</arg>
<arg>Adam</arg>
<doc>Types the given ``text`` into the text field identified by ``locator``.</doc>
<msg timestamp="20230123 00:50:04.825" level="INFO">Typing text 'Adam' into text field 'id=first-name'.</msg>
<status status="PASS" starttime="20230123 00:50:04.824" endtime="20230123 00:50:06.452"/>
</kw>
<kw name="Input Text" library="SeleniumLibrary">
<arg>id=last-name</arg>
<arg>Michalak</arg>
<doc>Types the given ``text`` into the text field identified by ``locator``.</doc>
<msg timestamp="20230123 00:50:06.454" level="INFO">Typing text 'Michalak' into text field 'id=last-name'.</msg>
<status status="PASS" starttime="20230123 00:50:06.453" endtime="20230123 00:50:08.093"/>
</kw>
<kw name="Input Text" library="SeleniumLibrary">
<arg>id=postal-code</arg>
<arg>190619</arg>
<doc>Types the given ``text`` into the text field identified by ``locator``.</doc>
<msg timestamp="20230123 00:50:08.094" level="INFO">Typing text '190619' into text field 'id=postal-code'.</msg>
<status status="PASS" starttime="20230123 00:50:08.093" endtime="20230123 00:50:09.724"/>
</kw>
<status status="PASS" starttime="20230123 00:50:04.308" endtime="20230123 00:50:09.725"/>
</kw>
<kw name="Navigate to" library="Checkout_overview">
<kw name="Click Button" library="SeleniumLibrary">
<arg>continue</arg>
<doc>Clicks the button identified by ``locator``.</doc>
<msg timestamp="20230123 00:50:09.726" level="INFO">Clicking button 'continue'.</msg>
<status status="PASS" starttime="20230123 00:50:09.725" endtime="20230123 00:50:11.330"/>
</kw>
<status status="PASS" starttime="20230123 00:50:09.725" endtime="20230123 00:50:11.330"/>
</kw>
<kw name="Verify you are on a correct page" library="Checkout_overview">
<kw name="Wait Until Page Contains" library="SeleniumLibrary">
<arg>Checkout: Overview</arg>
<doc>Waits until ``text`` appears on the current page.</doc>
<status status="PASS" starttime="20230123 00:50:11.331" endtime="20230123 00:50:11.846"/>
</kw>
<status status="PASS" starttime="20230123 00:50:11.330" endtime="20230123 00:50:11.846"/>
</kw>
<kw name="Verify that the total price is calculated properly for one product" library="Checkout_overview">
<kw name="Wait Until Element Contains" library="SeleniumLibrary">
<arg>${TOTAL_PRICE}</arg>
<arg>32.39</arg>
<doc>Waits until the element ``locator`` contains ``text``.</doc>
<status status="PASS" starttime="20230123 00:50:11.847" endtime="20230123 00:50:12.884"/>
</kw>
<status status="PASS" starttime="20230123 00:50:11.846" endtime="20230123 00:50:12.884"/>
</kw>
<kw name="Finalize the order" library="Checkout_overview">
<kw name="Click Button" library="SeleniumLibrary">
<arg>Finish</arg>
<doc>Clicks the button identified by ``locator``.</doc>
<msg timestamp="20230123 00:50:12.885" level="INFO">Clicking button 'Finish'.</msg>
<status status="PASS" starttime="20230123 00:50:12.885" endtime="20230123 00:50:15.045"/>
</kw>
<status status="PASS" starttime="20230123 00:50:12.884" endtime="20230123 00:50:15.045"/>
</kw>
<kw name="Verify you are on a correct page" library="Checkout_finish">
<kw name="Wait Until Page Contains" library="SeleniumLibrary">
<arg>Checkout: Complete!</arg>
<doc>Waits until ``text`` appears on the current page.</doc>
<status status="PASS" starttime="20230123 00:50:15.046" endtime="20230123 00:50:15.566"/>
</kw>
<status status="PASS" starttime="20230123 00:50:15.045" endtime="20230123 00:50:15.567"/>
</kw>
<status status="PASS" starttime="20230123 00:49:55.925" endtime="20230123 00:50:15.567"/>
</kw>
<kw name="End Test" library="Common" type="TEARDOWN">
<kw name="Close All Browsers" library="SeleniumLibrary">
<doc>Closes all open browsers and resets the browser cache.</doc>
<status status="PASS" starttime="20230123 00:50:15.568" endtime="20230123 00:50:16.148"/>
</kw>
<status status="PASS" starttime="20230123 00:50:15.567" endtime="20230123 00:50:16.149"/>
</kw>
<status status="PASS" starttime="20230123 00:49:39.233" endtime="20230123 00:50:16.150"/>
</test>
<test id="s1-t12" name="Adding six products to cart is successful" line="63">
<kw name="Begin Test" library="Common" type="SETUP">
<kw name="Set Selenium Speed" library="SeleniumLibrary">
<arg>0.5</arg>
<doc>Sets the delay that is waited after each Selenium command.</doc>
<status status="PASS" starttime="20230123 00:50:16.154" endtime="20230123 00:50:16.154"/>
</kw>
<kw name="Open Browser" library="SeleniumLibrary">
<arg>about:blank</arg>
<arg>${BROWSER}</arg>
<doc>Opens a new browser instance to the optional ``url``.</doc>
<msg timestamp="20230123 00:50:16.156" level="INFO">Opening browser 'Chrome' to base url 'about:blank'.</msg>
<status status="PASS" starttime="20230123 00:50:16.155" endtime="20230123 00:50:26.860"/>
</kw>
<kw name="Maximize Browser Window" library="SeleniumLibrary">
<doc>Maximizes current browser window.</doc>
<status status="PASS" starttime="20230123 00:50:26.860" endtime="20230123 00:50:27.617"/>
</kw>
<status status="PASS" starttime="20230123 00:50:16.153" endtime="20230123 00:50:27.617"/>
</kw>
<kw name="Go to Landing Page" library="SaucedemoApp">
<kw name="Navigate To" library="Landing">
<kw name="Go To" library="SeleniumLibrary">
<arg>${URL_LANDING}</arg>
<doc>Navigates the current browser window to the provided ``url``.</doc>
<msg timestamp="20230123 00:50:27.619" level="INFO">Opening url 'https://www.saucedemo.com/'</msg>
<status status="PASS" starttime="20230123 00:50:27.619" endtime="20230123 00:50:30.614"/>
</kw>
<status status="PASS" starttime="20230123 00:50:27.619" endtime="20230123 00:50:30.615"/>
</kw>
<kw name="Verify you are on a correct page" library="Landing">
<kw name="Wait Until Page Contains Element" library="SeleniumLibrary">
<arg>${LOGIN_BUTTON}</arg>
<doc>Waits until the element ``locator`` appears on the current page.</doc>
<status status="PASS" starttime="20230123 00:50:30.616" endtime="20230123 00:50:31.138"/>
</kw>
<status status="PASS" starttime="20230123 00:50:30.615" endtime="20230123 00:50:31.139"/>
</kw>
<status status="PASS" starttime="20230123 00:50:27.618" endtime="20230123 00:50:31.139"/>
</kw>
<kw name="Sign in with correct credentials" library="SaucedemoApp">
<kw name="Correct credentials" library="Login">
<kw name="Input Text" library="SeleniumLibrary">
<arg>${USERNAME_FIELD}</arg>
<arg>${CORRECT_USERNAME}</arg>
<doc>Types the given ``text`` into the text field identified by ``locator``.</doc>
<msg timestamp="20230123 00:50:31.141" level="INFO">Typing text 'standard_user' into text field 'id=user-name'.</msg>
<status status="PASS" starttime="20230123 00:50:31.140" endtime="20230123 00:50:33.646"/>
</kw>
<kw name="Input Text" library="SeleniumLibrary">
<arg>${USERNAME_PASSWORD}</arg>
<arg>${CORRECT_PASSWORD}</arg>
<doc>Types the given ``text`` into the text field identified by ``locator``.</doc>
<msg timestamp="20230123 00:50:33.648" level="INFO">Typing text 'secret_sauce' into text field 'id=password'.</msg>
<status status="PASS" starttime="20230123 00:50:33.647" endtime="20230123 00:50:35.277"/>
</kw>
<kw name="Click Button" library="SeleniumLibrary">
<arg>${LOGIN_BUTTON}</arg>
<doc>Clicks the button identified by ``locator``.</doc>
<msg timestamp="20230123 00:50:35.278" level="INFO">Clicking button 'login-button'.</msg>
<status status="PASS" starttime="20230123 00:50:35.277" endtime="20230123 00:50:36.938"/>
</kw>
<status status="PASS" starttime="20230123 00:50:31.139" endtime="20230123 00:50:36.938"/>
</kw>
<kw name="Verify you are on a correct page" library="Products">
<kw name="Wait Until Page Contains" library="SeleniumLibrary">
<arg>Products</arg>
<doc>Waits until ``text`` appears on the current page.</doc>
<status status="PASS" starttime="20230123 00:50:36.939" endtime="20230123 00:50:37.460"/>
</kw>
<status status="PASS" starttime="20230123 00:50:36.939" endtime="20230123 00:50:37.460"/>
</kw>
<status status="PASS" starttime="20230123 00:50:31.139" endtime="20230123 00:50:37.460"/>
</kw>
<kw name="Add six products to cart" library="SaucedemoApp">
<kw name="Verify you are on a correct page" library="Products">
<kw name="Wait Until Page Contains" library="SeleniumLibrary">
<arg>Products</arg>
<doc>Waits until ``text`` appears on the current page.</doc>
<status status="PASS" starttime="20230123 00:50:37.568" endtime="20230123 00:50:38.079"/>
</kw>
<status status="PASS" starttime="20230123 00:50:37.568" endtime="20230123 00:50:38.079"/>
</kw>
<kw name="Add six products" library="Products">
<kw name="Click Button" library="SeleniumLibrary">
<arg>${BACKPACK_ADD_TO_CART}</arg>
<doc>Clicks the button identified by ``locator``.</doc>
<msg timestamp="20230123 00:50:38.080" level="INFO">Clicking button 'add-to-cart-sauce-labs-backpack'.</msg>
<status status="PASS" starttime="20230123 00:50:38.080" endtime="20230123 00:50:40.166"/>
</kw>
<kw name="Click Button" library="SeleniumLibrary">
<arg>${BIKE_LIGHT_ADD_TO_CART}</arg>
<doc>Clicks the button identified by ``locator``.</doc>
<msg timestamp="20230123 00:50:40.167" level="INFO">Clicking button 'add-to-cart-sauce-labs-bike-light'.</msg>
<status status="PASS" starttime="20230123 00:50:40.166" endtime="20230123 00:50:42.252"/>
</kw>
<kw name="Click Button" library="SeleniumLibrary">
<arg>${BOLT_T_SHIRT_ADD_TO_CART}</arg>
<doc>Clicks the button identified by ``locator``.</doc>
<msg timestamp="20230123 00:50:42.253" level="INFO">Clicking button 'add-to-cart-sauce-labs-bolt-t-shirt'.</msg>
<status status="PASS" starttime="20230123 00:50:42.253" endtime="20230123 00:50:44.339"/>
</kw>
<kw name="Click Button" library="SeleniumLibrary">
<arg>${FLEECE_JACKET_ADD_TO_CART}</arg>
<doc>Clicks the button identified by ``locator``.</doc>
<msg timestamp="20230123 00:50:44.340" level="INFO">Clicking button 'add-to-cart-sauce-labs-fleece-jacket'.</msg>
<status status="PASS" starttime="20230123 00:50:44.340" endtime="20230123 00:50:46.423"/>
</kw>
<kw name="Click Button" library="SeleniumLibrary">
<arg>${ONESIE_ADD_TO_CART}</arg>
<doc>Clicks the button identified by ``locator``.</doc>
<msg timestamp="20230123 00:50:46.425" level="INFO">Clicking button 'add-to-cart-sauce-labs-onesie'.</msg>
<status status="PASS" starttime="20230123 00:50:46.424" endtime="20230123 00:50:48.507"/>
</kw>
<kw name="Click Button" library="SeleniumLibrary">
<arg>${T_SHIRT_ADD_TO_CART}</arg>
<doc>Clicks the button identified by ``locator``.</doc>
<msg timestamp="20230123 00:50:48.508" level="INFO">Clicking button 'add-to-cart-test.allthethings()-t-shirt-(red)'.</msg>
<status status="PASS" starttime="20230123 00:50:48.507" endtime="20230123 00:50:50.586"/>
</kw>
<status status="PASS" starttime="20230123 00:50:38.079" endtime="20230123 00:50:50.587"/>
</kw>
<kw name="Verify that cart has 6 items inside" library="Products">
<kw name="Element Should Contain" library="SeleniumLibrary">
<arg>${SHOPPING_CART}</arg>
<arg>6</arg>
<doc>Verifies that element ``locator`` contains text ``expected``.</doc>
<msg timestamp="20230123 00:50:51.619" level="INFO">Element 'class=shopping_cart_badge' contains text '6'.</msg>
<status status="PASS" starttime="20230123 00:50:50.588" endtime="20230123 00:50:51.619"/>
</kw>
<status status="PASS" starttime="20230123 00:50:50.587" endtime="20230123 00:50:51.619"/>
</kw>
<status status="PASS" starttime="20230123 00:50:37.567" endtime="20230123 00:50:51.620"/>
</kw>
<kw name="End Test" library="Common" type="TEARDOWN">
<kw name="Close All Browsers" library="SeleniumLibrary">
<doc>Closes all open browsers and resets the browser cache.</doc>
<status status="PASS" starttime="20230123 00:50:51.620" endtime="20230123 00:50:52.615"/>
</kw>
<status status="PASS" starttime="20230123 00:50:51.620" endtime="20230123 00:50:52.615"/>
</kw>
<status status="PASS" starttime="20230123 00:50:16.151" endtime="20230123 00:50:52.616"/>
</test>
<test id="s1-t13" name="Removing item from cart is successful" line="68">
<kw name="Begin Test" library="Common" type="SETUP">
<kw name="Set Selenium Speed" library="SeleniumLibrary">
<arg>0.5</arg>
<doc>Sets the delay that is waited after each Selenium command.</doc>
<status status="PASS" starttime="20230123 00:50:52.618" endtime="20230123 00:50:52.619"/>
</kw>
<kw name="Open Browser" library="SeleniumLibrary">
<arg>about:blank</arg>
<arg>${BROWSER}</arg>
<doc>Opens a new browser instance to the optional ``url``.</doc>
<msg timestamp="20230123 00:50:52.620" level="INFO">Opening browser 'Chrome' to base url 'about:blank'.</msg>
<status status="PASS" starttime="20230123 00:50:52.619" endtime="20230123 00:50:56.663"/>
</kw>
<kw name="Maximize Browser Window" library="SeleniumLibrary">
<doc>Maximizes current browser window.</doc>
<status status="PASS" starttime="20230123 00:50:56.664" endtime="20230123 00:50:57.435"/>
</kw>
<status status="PASS" starttime="20230123 00:50:52.618" endtime="20230123 00:50:57.435"/>
</kw>
<kw name="Go to Landing Page" library="SaucedemoApp">
<kw name="Navigate To" library="Landing">
<kw name="Go To" library="SeleniumLibrary">
<arg>${URL_LANDING}</arg>
<doc>Navigates the current browser window to the provided ``url``.</doc>
<msg timestamp="20230123 00:50:57.437" level="INFO">Opening url 'https://www.saucedemo.com/'</msg>
<status status="PASS" starttime="20230123 00:50:57.436" endtime="20230123 00:51:00.659"/>
</kw>
<status status="PASS" starttime="20230123 00:50:57.436" endtime="20230123 00:51:00.659"/>
</kw>
<kw name="Verify you are on a correct page" library="Landing">
<kw name="Wait Until Page Contains Element" library="SeleniumLibrary">
<arg>${LOGIN_BUTTON}</arg>
<doc>Waits until the element ``locator`` appears on the current page.</doc>
<status status="PASS" starttime="20230123 00:51:00.660" endtime="20230123 00:51:01.178"/>
</kw>
<status status="PASS" starttime="20230123 00:51:00.659" endtime="20230123 00:51:01.178"/>
</kw>
<status status="PASS" starttime="20230123 00:50:57.435" endtime="20230123 00:51:01.178"/>
</kw>
<kw name="Sign in with correct credentials" library="SaucedemoApp">
<kw name="Correct credentials" library="Login">
<kw name="Input Text" library="SeleniumLibrary">
<arg>${USERNAME_FIELD}</arg>
<arg>${CORRECT_USERNAME}</arg>
<doc>Types the given ``text`` into the text field identified by ``locator``.</doc>
<msg timestamp="20230123 00:51:01.180" level="INFO">Typing text 'standard_user' into text field 'id=user-name'.</msg>
<status status="PASS" starttime="20230123 00:51:01.179" endtime="20230123 00:51:02.931"/>
</kw>
<kw name="Input Text" library="SeleniumLibrary">
<arg>${USERNAME_PASSWORD}</arg>
<arg>${CORRECT_PASSWORD}</arg>
<doc>Types the given ``text`` into the text field identified by ``locator``.</doc>
<msg timestamp="20230123 00:51:02.933" level="INFO">Typing text 'secret_sauce' into text field 'id=password'.</msg>
<status status="PASS" starttime="20230123 00:51:02.932" endtime="20230123 00:51:04.623"/>
</kw>
<kw name="Click Button" library="SeleniumLibrary">
<arg>${LOGIN_BUTTON}</arg>
<doc>Clicks the button identified by ``locator``.</doc>
<msg timestamp="20230123 00:51:04.624" level="INFO">Clicking button 'login-button'.</msg>
<status status="PASS" starttime="20230123 00:51:04.623" endtime="20230123 00:51:06.317"/>
</kw>
<status status="PASS" starttime="20230123 00:51:01.179" endtime="20230123 00:51:06.317"/>
</kw>
<kw name="Verify you are on a correct page" library="Products">
<kw name="Wait Until Page Contains" library="SeleniumLibrary">
<arg>Products</arg>
<doc>Waits until ``text`` appears on the current page.</doc>
<status status="PASS" starttime="20230123 00:51:06.317" endtime="20230123 00:51:06.837"/>
</kw>
<status status="PASS" starttime="20230123 00:51:06.317" endtime="20230123 00:51:06.837"/>
</kw>
<status status="PASS" starttime="20230123 00:51:01.179" endtime="20230123 00:51:06.838"/>
</kw>
<kw name="Add six products to cart" library="SaucedemoApp">
<kw name="Verify you are on a correct page" library="Products">
<kw name="Wait Until Page Contains" library="SeleniumLibrary">
<arg>Products</arg>
<doc>Waits until ``text`` appears on the current page.</doc>
<status status="PASS" starttime="20230123 00:51:06.839" endtime="20230123 00:51:07.353"/>
</kw>
<status status="PASS" starttime="20230123 00:51:06.838" endtime="20230123 00:51:07.427"/>
</kw>
<kw name="Add six products" library="Products">
<kw name="Click Button" library="SeleniumLibrary">
<arg>${BACKPACK_ADD_TO_CART}</arg>
<doc>Clicks the button identified by ``locator``.</doc>
<msg timestamp="20230123 00:51:07.428" level="INFO">Clicking button 'add-to-cart-sauce-labs-backpack'.</msg>
<status status="PASS" starttime="20230123 00:51:07.428" endtime="20230123 00:51:09.513"/>
</kw>
<kw name="Click Button" library="SeleniumLibrary">
<arg>${BIKE_LIGHT_ADD_TO_CART}</arg>
<doc>Clicks the button identified by ``locator``.</doc>
<msg timestamp="20230123 00:51:09.514" level="INFO">Clicking button 'add-to-cart-sauce-labs-bike-light'.</msg>
<status status="PASS" starttime="20230123 00:51:09.514" endtime="20230123 00:51:11.600"/>
</kw>
<kw name="Click Button" library="SeleniumLibrary">
<arg>${BOLT_T_SHIRT_ADD_TO_CART}</arg>
<doc>Clicks the button identified by ``locator``.</doc>
<msg timestamp="20230123 00:51:11.602" level="INFO">Clicking button 'add-to-cart-sauce-labs-bolt-t-shirt'.</msg>
<status status="PASS" starttime="20230123 00:51:11.601" endtime="20230123 00:51:13.690"/>
</kw>
<kw name="Click Button" library="SeleniumLibrary">
<arg>${FLEECE_JACKET_ADD_TO_CART}</arg>
<doc>Clicks the button identified by ``locator``.</doc>
<msg timestamp="20230123 00:51:13.691" level="INFO">Clicking button 'add-to-cart-sauce-labs-fleece-jacket'.</msg>
<status status="PASS" starttime="20230123 00:51:13.690" endtime="20230123 00:51:15.777"/>
</kw>
<kw name="Click Button" library="SeleniumLibrary">
<arg>${ONESIE_ADD_TO_CART}</arg>
<doc>Clicks the button identified by ``locator``.</doc>
<msg timestamp="20230123 00:51:15.778" level="INFO">Clicking button 'add-to-cart-sauce-labs-onesie'.</msg>
<status status="PASS" starttime="20230123 00:51:15.777" endtime="20230123 00:51:17.866"/>
</kw>
<kw name="Click Button" library="SeleniumLibrary">
<arg>${T_SHIRT_ADD_TO_CART}</arg>
<doc>Clicks the button identified by ``locator``.</doc>
<msg timestamp="20230123 00:51:17.867" level="INFO">Clicking button 'add-to-cart-test.allthethings()-t-shirt-(red)'.</msg>
<status status="PASS" starttime="20230123 00:51:17.866" endtime="20230123 00:51:19.950"/>
</kw>
<status status="PASS" starttime="20230123 00:51:07.427" endtime="20230123 00:51:19.950"/>
</kw>
<kw name="Verify that cart has 6 items inside" library="Products">
<kw name="Element Should Contain" library="SeleniumLibrary">
<arg>${SHOPPING_CART}</arg>
<arg>6</arg>
<doc>Verifies that element ``locator`` contains text ``expected``.</doc>
<msg timestamp="20230123 00:51:20.990" level="INFO">Element 'class=shopping_cart_badge' contains text '6'.</msg>
<status status="PASS" starttime="20230123 00:51:19.951" endtime="20230123 00:51:20.990"/>
</kw>
<status status="PASS" starttime="20230123 00:51:19.950" endtime="20230123 00:51:20.990"/>
</kw>
<status status="PASS" starttime="20230123 00:51:06.838" endtime="20230123 00:51:20.991"/>
</kw>
<kw name="Remove one item from cart" library="SaucedemoApp">
<kw name="Verify you are on a correct page" library="Products">
<kw name="Wait Until Page Contains" library="SeleniumLibrary">
<arg>Products</arg>
<doc>Waits until ``text`` appears on the current page.</doc>
<status status="PASS" starttime="20230123 00:51:20.992" endtime="20230123 00:51:21.507"/>
</kw>
<status status="PASS" starttime="20230123 00:51:20.992" endtime="20230123 00:51:21.507"/>
</kw>
<kw name="Navigate to" library="Cart">
<kw name="Click Link" library="SeleniumLibrary">
<arg>${CART}</arg>
<doc>Clicks a link identified by ``locator``.</doc>
<msg timestamp="20230123 00:51:21.508" level="INFO">Clicking link 'class=shopping_cart_link'.</msg>
<status status="PASS" starttime="20230123 00:51:21.508" endtime="20230123 00:51:23.120"/>
</kw>
<status status="PASS" starttime="20230123 00:51:21.507" endtime="20230123 00:51:23.120"/>
</kw>
<kw name="Verify you are on a correct page" library="Cart">
<kw name="Wait Until Page Contains" library="SeleniumLibrary">
<arg>Your Cart</arg>
<doc>Waits until ``text`` appears on the current page.</doc>
<status status="PASS" starttime="20230123 00:51:23.121" endtime="20230123 00:51:23.639"/>
</kw>
<status status="PASS" starttime="20230123 00:51:23.120" endtime="20230123 00:51:23.639"/>
</kw>
<kw name="Remove one item" library="Cart">
<kw name="Click Button" library="SeleniumLibrary">
<arg>remove-sauce-labs-backpack</arg>
<doc>Clicks the button identified by ``locator``.</doc>
<msg timestamp="20230123 00:51:23.640" level="INFO">Clicking button 'remove-sauce-labs-backpack'.</msg>
<status status="PASS" starttime="20230123 00:51:23.640" endtime="20230123 00:51:25.726"/>
</kw>
<status status="PASS" starttime="20230123 00:51:23.639" endtime="20230123 00:51:25.726"/>
</kw>
<status status="PASS" starttime="20230123 00:51:20.991" endtime="20230123 00:51:25.726"/>
</kw>
<kw name="End Test" library="Common" type="TEARDOWN">
<kw name="Close All Browsers" library="SeleniumLibrary">
<doc>Closes all open browsers and resets the browser cache.</doc>
<status status="PASS" starttime="20230123 00:51:25.727" endtime="20230123 00:51:26.392"/>
</kw>
<status status="PASS" starttime="20230123 00:51:25.726" endtime="20230123 00:51:26.392"/>
</kw>
<status status="PASS" starttime="20230123 00:50:52.617" endtime="20230123 00:51:26.393"/>
</test>
<test id="s1-t14" name="Placing an order with six products is successful" line="74">
<kw name="Begin Test" library="Common" type="SETUP">
<kw name="Set Selenium Speed" library="SeleniumLibrary">
<arg>0.5</arg>
<doc>Sets the delay that is waited after each Selenium command.</doc>
<status status="PASS" starttime="20230123 00:51:26.396" endtime="20230123 00:51:26.396"/>
</kw>
<kw name="Open Browser" library="SeleniumLibrary">
<arg>about:blank</arg>
<arg>${BROWSER}</arg>
<doc>Opens a new browser instance to the optional ``url``.</doc>
<msg timestamp="20230123 00:51:26.399" level="INFO">Opening browser 'Chrome' to base url 'about:blank'.</msg>
<status status="PASS" starttime="20230123 00:51:26.397" endtime="20230123 00:51:37.241"/>
</kw>
<kw name="Maximize Browser Window" library="SeleniumLibrary">
<doc>Maximizes current browser window.</doc>
<status status="PASS" starttime="20230123 00:51:37.242" endtime="20230123 00:51:38.002"/>
</kw>
<status status="PASS" starttime="20230123 00:51:26.395" endtime="20230123 00:51:38.002"/>
</kw>
<kw name="Go to Landing Page" library="SaucedemoApp">
<kw name="Navigate To" library="Landing">
[...]
<status status="PASS" starttime="20230123 00:52:48.130" endtime="20230123 00:52:49.764"/>
</kw>
<kw name="Click Button" library="SeleniumLibrary">
<arg>${LOGIN_BUTTON}</arg>
<doc>Clicks the button identified by ``locator``.</doc>
<msg timestamp="20230123 00:52:49.765" level="INFO">Clicking button 'login-button'.</msg>
<status status="PASS" starttime="20230123 00:52:49.764" endtime="20230123 00:52:51.396"/>
</kw>
<status status="PASS" starttime="20230123 00:52:45.913" endtime="20230123 00:52:51.396"/>
</kw>
<kw name="Verify you are on a correct page" library="Products">
<kw name="Wait Until Page Contains" library="SeleniumLibrary">
<arg>Products</arg>
<doc>Waits until ``text`` appears on the current page.</doc>
<status status="PASS" starttime="20230123 00:52:51.397" endtime="20230123 00:52:51.913"/>
</kw>
<status status="PASS" starttime="20230123 00:52:51.397" endtime="20230123 00:52:51.913"/>
</kw>
<status status="PASS" starttime="20230123 00:52:45.913" endtime="20230123 00:52:51.913"/>
</kw>
<kw name="Go to Twitter page" library="SaucedemoApp">
<kw name="Verify you are on a correct page" library="Products">
<kw name="Wait Until Page Contains" library="SeleniumLibrary">
<arg>Products</arg>
<doc>Waits until ``text`` appears on the current page.</doc>
<status status="PASS" starttime="20230123 00:52:51.914" endtime="20230123 00:52:52.426"/>
</kw>
<status status="PASS" starttime="20230123 00:52:51.914" endtime="20230123 00:52:52.427"/>
</kw>
<kw name="Click Twitter page" library="Products">
<kw name="Click Link" library="SeleniumLibrary">
<arg>Twitter</arg>
<doc>Clicks a link identified by ``locator``.</doc>
<msg timestamp="20230123 00:52:52.428" level="INFO">Clicking link 'Twitter'.</msg>
<status status="PASS" starttime="20230123 00:52:52.427" endtime="20230123 00:52:54.056"/>
</kw>
<status status="PASS" starttime="20230123 00:52:52.427" endtime="20230123 00:52:54.057"/>
</kw>
<status status="PASS" starttime="20230123 00:52:51.914" endtime="20230123 00:52:54.057"/>
</kw>
<kw name="End Test" library="Common" type="TEARDOWN">
<kw name="Close All Browsers" library="SeleniumLibrary">
<doc>Closes all open browsers and resets the browser cache.</doc>
<status status="PASS" starttime="20230123 00:52:54.058" endtime="20230123 00:52:54.927"/>
</kw>
<status status="PASS" starttime="20230123 00:52:54.057" endtime="20230123 00:52:54.927"/>
</kw>
<status status="PASS" starttime="20230123 00:52:18.874" endtime="20230123 00:52:54.928"/>
</test>
<test id="s1-t16" name="It is possible to access Facebook page" line="84">
<kw name="Begin Test" library="Common" type="SETUP">
<kw name="Set Selenium Speed" library="SeleniumLibrary">
<arg>0.5</arg>
<doc>Sets the delay that is waited after each Selenium command.</doc>
<status status="PASS" starttime="20230123 00:52:54.931" endtime="20230123 00:52:54.932"/>
</kw>
<kw name="Open Browser" library="SeleniumLibrary">
<arg>about:blank</arg>
<arg>${BROWSER}</arg>
<doc>Opens a new browser instance to the optional ``url``.</doc>
<msg timestamp="20230123 00:52:54.971" level="INFO">Opening browser 'Chrome' to base url 'about:blank'.</msg>
<status status="PASS" starttime="20230123 00:52:54.932" endtime="20230123 00:53:03.836"/>
</kw>
<kw name="Maximize Browser Window" library="SeleniumLibrary">
<doc>Maximizes current browser window.</doc>
<status status="PASS" starttime="20230123 00:53:03.837" endtime="20230123 00:53:04.595"/>
</kw>
<status status="PASS" starttime="20230123 00:52:54.931" endtime="20230123 00:53:04.596"/>
</kw>
<kw name="Go to Landing Page" library="SaucedemoApp">
<kw name="Navigate To" library="Landing">
<kw name="Go To" library="SeleniumLibrary">
<arg>${URL_LANDING}</arg>
<doc>Navigates the current browser window to the provided ``url``.</doc>
<msg timestamp="20230123 00:53:04.597" level="INFO">Opening url 'https://www.saucedemo.com/'</msg>
<status status="PASS" starttime="20230123 00:53:04.597" endtime="20230123 00:53:06.626"/>
</kw>
<status status="PASS" starttime="20230123 00:53:04.597" endtime="20230123 00:53:06.627"/>
</kw>
<kw name="Verify you are on a correct page" library="Landing">
<kw name="Wait Until Page Contains Element" library="SeleniumLibrary">
<arg>${LOGIN_BUTTON}</arg>
<doc>Waits until the element ``locator`` appears on the current page.</doc>
<status status="PASS" starttime="20230123 00:53:06.627" endtime="20230123 00:53:07.150"/>
</kw>
<status status="PASS" starttime="20230123 00:53:06.627" endtime="20230123 00:53:07.151"/>
</kw>
<status status="PASS" starttime="20230123 00:53:04.596" endtime="20230123 00:53:07.151"/>
</kw>
<kw name="Sign in with correct credentials" library="SaucedemoApp">
<kw name="Correct credentials" library="Login">
<kw name="Input Text" library="SeleniumLibrary">
<arg>${USERNAME_FIELD}</arg>
<arg>${CORRECT_USERNAME}</arg>
<doc>Types the given ``text`` into the text field identified by ``locator``.</doc>
<msg timestamp="20230123 00:53:07.153" level="INFO">Typing text 'standard_user' into text field 'id=user-name'.</msg>
<status status="PASS" starttime="20230123 00:53:07.152" endtime="20230123 00:53:08.843"/>
</kw>
<kw name="Input Text" library="SeleniumLibrary">
<arg>${USERNAME_PASSWORD}</arg>
<arg>${CORRECT_PASSWORD}</arg>
<doc>Types the given ``text`` into the text field identified by ``locator``.</doc>
<msg timestamp="20230123 00:53:08.844" level="INFO">Typing text 'secret_sauce' into text field 'id=password'.</msg>
<status status="PASS" starttime="20230123 00:53:08.844" endtime="20230123 00:53:10.479"/>
</kw>
<kw name="Click Button" library="SeleniumLibrary">
<arg>${LOGIN_BUTTON}</arg>
<doc>Clicks the button identified by ``locator``.</doc>
<msg timestamp="20230123 00:53:10.480" level="INFO">Clicking button 'login-button'.</msg>
<status status="PASS" starttime="20230123 00:53:10.479" endtime="20230123 00:53:12.155"/>
</kw>
<status status="PASS" starttime="20230123 00:53:07.152" endtime="20230123 00:53:12.156"/>
</kw>
<kw name="Verify you are on a correct page" library="Products">
<kw name="Wait Until Page Contains" library="SeleniumLibrary">
<arg>Products</arg>
<doc>Waits until ``text`` appears on the current page.</doc>
<status status="PASS" starttime="20230123 00:53:12.156" endtime="20230123 00:53:12.673"/>
</kw>
<status status="PASS" starttime="20230123 00:53:12.156" endtime="20230123 00:53:12.673"/>
</kw>
<status status="PASS" starttime="20230123 00:53:07.151" endtime="20230123 00:53:12.673"/>
</kw>
<kw name="Go to Facebook page" library="SaucedemoApp">
<kw name="Verify you are on a correct page" library="Products">
<kw name="Wait Until Page Contains" library="SeleniumLibrary">
<arg>Products</arg>
<doc>Waits until ``text`` appears on the current page.</doc>
<status status="PASS" starttime="20230123 00:53:12.674" endtime="20230123 00:53:13.189"/>
</kw>
<status status="PASS" starttime="20230123 00:53:12.674" endtime="20230123 00:53:13.190"/>
</kw>
<kw name="Click Facebook page" library="Products">
<kw name="Click Link" library="SeleniumLibrary">
<arg>Facebook</arg>
<doc>Clicks a link identified by ``locator``.</doc>
<msg timestamp="20230123 00:53:13.191" level="INFO">Clicking link 'Facebook'.</msg>
<status status="PASS" starttime="20230123 00:53:13.190" endtime="20230123 00:53:14.814"/>
</kw>
<status status="PASS" starttime="20230123 00:53:13.190" endtime="20230123 00:53:14.814"/>
</kw>
<status status="PASS" starttime="20230123 00:53:12.673" endtime="20230123 00:53:14.815"/>
</kw>
<kw name="End Test" library="Common" type="TEARDOWN">
<kw name="Close All Browsers" library="SeleniumLibrary">
<doc>Closes all open browsers and resets the browser cache.</doc>
<status status="PASS" starttime="20230123 00:53:14.816" endtime="20230123 00:53:15.481"/>
</kw>
<status status="PASS" starttime="20230123 00:53:14.815" endtime="20230123 00:53:15.481"/>
</kw>
<status status="PASS" starttime="20230123 00:52:54.929" endtime="20230123 00:53:15.481"/>
</test>
<test id="s1-t17" name="It is possible to access Linkedin page" line="89">
<kw name="Begin Test" library="Common" type="SETUP">
<kw name="Set Selenium Speed" library="SeleniumLibrary">
<arg>0.5</arg>
<doc>Sets the delay that is waited after each Selenium command.</doc>
<status status="PASS" starttime="20230123 00:53:15.485" endtime="20230123 00:53:15.486"/>
</kw>
<kw name="Open Browser" library="SeleniumLibrary">
<arg>about:blank</arg>
<arg>${BROWSER}</arg>
<doc>Opens a new browser instance to the optional ``url``.</doc>
<msg timestamp="20230123 00:53:15.487" level="INFO">Opening browser 'Chrome' to base url 'about:blank'.</msg>
<status status="PASS" starttime="20230123 00:53:15.486" endtime="20230123 00:53:19.085"/>
</kw>
<kw name="Maximize Browser Window" library="SeleniumLibrary">
<doc>Maximizes current browser window.</doc>
<status status="PASS" starttime="20230123 00:53:19.086" endtime="20230123 00:53:19.848"/>
</kw>
<status status="PASS" starttime="20230123 00:53:15.484" endtime="20230123 00:53:19.848"/>
</kw>
<kw name="Go to Landing Page" library="SaucedemoApp">
<kw name="Navigate To" library="Landing">
<kw name="Go To" library="SeleniumLibrary">
<arg>${URL_LANDING}</arg>
<doc>Navigates the current browser window to the provided ``url``.</doc>
<msg timestamp="20230123 00:53:19.850" level="INFO">Opening url 'https://www.saucedemo.com/'</msg>
<status status="PASS" starttime="20230123 00:53:19.850" endtime="20230123 00:53:22.467"/>
</kw>
<status status="PASS" starttime="20230123 00:53:19.849" endtime="20230123 00:53:22.467"/>
</kw>
<kw name="Verify you are on a correct page" library="Landing">
<kw name="Wait Until Page Contains Element" library="SeleniumLibrary">
<arg>${LOGIN_BUTTON}</arg>
<doc>Waits until the element ``locator`` appears on the current page.</doc>
<status status="PASS" starttime="20230123 00:53:22.468" endtime="20230123 00:53:22.990"/>
</kw>
<status status="PASS" starttime="20230123 00:53:22.467" endtime="20230123 00:53:22.991"/>
</kw>
<status status="PASS" starttime="20230123 00:53:19.849" endtime="20230123 00:53:22.991"/>
</kw>
<kw name="Sign in with correct credentials" library="SaucedemoApp">
<kw name="Correct credentials" library="Login">
<kw name="Input Text" library="SeleniumLibrary">
<arg>${USERNAME_FIELD}</arg>
<arg>${CORRECT_USERNAME}</arg>
<doc>Types the given ``text`` into the text field identified by ``locator``.</doc>
<msg timestamp="20230123 00:53:22.993" level="INFO">Typing text 'standard_user' into text field 'id=user-name'.</msg>
<status status="PASS" starttime="20230123 00:53:22.992" endtime="20230123 00:53:24.695"/>
</kw>
<kw name="Input Text" library="SeleniumLibrary">
<arg>${USERNAME_PASSWORD}</arg>
<arg>${CORRECT_PASSWORD}</arg>
<doc>Types the given ``text`` into the text field identified by ``locator``.</doc>
<msg timestamp="20230123 00:53:24.697" level="INFO">Typing text 'secret_sauce' into text field 'id=password'.</msg>
<status status="PASS" starttime="20230123 00:53:24.695" endtime="20230123 00:53:26.333"/>
</kw>
<kw name="Click Button" library="SeleniumLibrary">
<arg>${LOGIN_BUTTON}</arg>
<doc>Clicks the button identified by ``locator``.</doc>
<msg timestamp="20230123 00:53:26.333" level="INFO">Clicking button 'login-button'.</msg>
<status status="PASS" starttime="20230123 00:53:26.333" endtime="20230123 00:53:28.009"/>
</kw>
<status status="PASS" starttime="20230123 00:53:22.992" endtime="20230123 00:53:28.009"/>
</kw>
<kw name="Verify you are on a correct page" library="Products">
<kw name="Wait Until Page Contains" library="SeleniumLibrary">
<arg>Products</arg>
<doc>Waits until ``text`` appears on the current page.</doc>
<status status="PASS" starttime="20230123 00:53:28.010" endtime="20230123 00:53:28.527"/>
</kw>
<status status="PASS" starttime="20230123 00:53:28.010" endtime="20230123 00:53:28.527"/>
</kw>
<status status="PASS" starttime="20230123 00:53:22.991" endtime="20230123 00:53:28.527"/>
</kw>
<kw name="Go to Linkedin page" library="SaucedemoApp">
<kw name="Verify you are on a correct page" library="Products">
<kw name="Wait Until Page Contains" library="SeleniumLibrary">
<arg>Products</arg>
<doc>Waits until ``text`` appears on the current page.</doc>
<status status="PASS" starttime="20230123 00:53:28.529" endtime="20230123 00:53:29.041"/>
</kw>
<status status="PASS" starttime="20230123 00:53:28.528" endtime="20230123 00:53:29.041"/>
</kw>
<kw name="Click Linkedin page" library="Products">
<kw name="Click Link" library="SeleniumLibrary">
<arg>LinkedIn</arg>
<doc>Clicks a link identified by ``locator``.</doc>
<msg timestamp="20230123 00:53:29.043" level="INFO">Clicking link 'LinkedIn'.</msg>
<status status="PASS" starttime="20230123 00:53:29.042" endtime="20230123 00:53:30.672"/>
</kw>
<status status="PASS" starttime="20230123 00:53:29.042" endtime="20230123 00:53:30.672"/>
</kw>
<status status="PASS" starttime="20230123 00:53:28.528" endtime="20230123 00:53:30.672"/>
</kw>
<kw name="End Test" library="Common" type="TEARDOWN">
<kw name="Close All Browsers" library="SeleniumLibrary">
<doc>Closes all open browsers and resets the browser cache.</doc>
<status status="PASS" starttime="20230123 00:53:30.674" endtime="20230123 00:53:31.286"/>
</kw>
<status status="PASS" starttime="20230123 00:53:30.673" endtime="20230123 00:53:31.287"/>
</kw>
<status status="PASS" starttime="20230123 00:53:15.483" endtime="20230123 00:53:31.287"/>
</test>
<test id="s1-t18" name="Logging out is successful" line="94">
<kw name="Begin Test" library="Common" type="SETUP">
<kw name="Set Selenium Speed" library="SeleniumLibrary">
<arg>0.5</arg>
<doc>Sets the delay that is waited after each Selenium command.</doc>
<status status="PASS" starttime="20230123 00:53:31.291" endtime="20230123 00:53:31.292"/>
</kw>
<kw name="Open Browser" library="SeleniumLibrary">
<arg>about:blank</arg>
<arg>${BROWSER}</arg>
<doc>Opens a new browser instance to the optional ``url``.</doc>
<msg timestamp="20230123 00:53:31.294" level="INFO">Opening browser 'Chrome' to base url 'about:blank'.</msg>
<status status="PASS" starttime="20230123 00:53:31.292" endtime="20230123 00:53:34.796"/>
</kw>
<kw name="Maximize Browser Window" library="SeleniumLibrary">
<doc>Maximizes current browser window.</doc>
<status status="PASS" starttime="20230123 00:53:34.796" endtime="20230123 00:53:35.559"/>
</kw>
<status status="PASS" starttime="20230123 00:53:31.291" endtime="20230123 00:53:35.559"/>
</kw>
<kw name="Go to Landing Page" library="SaucedemoApp">
<kw name="Navigate To" library="Landing">
<kw name="Go To" library="SeleniumLibrary">
<arg>${URL_LANDING}</arg>
<doc>Navigates the current browser window to the provided ``url``.</doc>
<msg timestamp="20230123 00:53:35.563" level="INFO">Opening url 'https://www.saucedemo.com/'</msg>
<status status="PASS" starttime="20230123 00:53:35.560" endtime="20230123 00:53:38.078"/>
</kw>
<status status="PASS" starttime="20230123 00:53:35.560" endtime="20230123 00:53:38.078"/>
</kw>
<kw name="Verify you are on a correct page" library="Landing">
<kw name="Wait Until Page Contains Element" library="SeleniumLibrary">
<arg>${LOGIN_BUTTON}</arg>
<doc>Waits until the element ``locator`` appears on the current page.</doc>
<status status="PASS" starttime="20230123 00:53:38.079" endtime="20230123 00:53:38.600"/>
</kw>
<status status="PASS" starttime="20230123 00:53:38.078" endtime="20230123 00:53:38.601"/>
</kw>
<status status="PASS" starttime="20230123 00:53:35.559" endtime="20230123 00:53:38.601"/>
</kw>
<kw name="Sign in with correct credentials" library="SaucedemoApp">
<kw name="Correct credentials" library="Login">
<kw name="Input Text" library="SeleniumLibrary">
<arg>${USERNAME_FIELD}</arg>
<arg>${CORRECT_USERNAME}</arg>
<doc>Types the given ``text`` into the text field identified by ``locator``.</doc>
<msg timestamp="20230123 00:53:38.603" level="INFO">Typing text 'standard_user' into text field 'id=user-name'.</msg>
<status status="PASS" starttime="20230123 00:53:38.603" endtime="20230123 00:53:40.328"/>
</kw>
<kw name="Input Text" library="SeleniumLibrary">
<arg>${USERNAME_PASSWORD}</arg>
<arg>${CORRECT_PASSWORD}</arg>
<doc>Types the given ``text`` into the text field identified by ``locator``.</doc>
<msg timestamp="20230123 00:53:40.329" level="INFO">Typing text 'secret_sauce' into text field 'id=password'.</msg>
<status status="PASS" starttime="20230123 00:53:40.328" endtime="20230123 00:53:41.963"/>
</kw>
<kw name="Click Button" library="SeleniumLibrary">
<arg>${LOGIN_BUTTON}</arg>
<doc>Clicks the button identified by ``locator``.</doc>
<msg timestamp="20230123 00:53:41.964" level="INFO">Clicking button 'login-button'.</msg>
<status status="PASS" starttime="20230123 00:53:41.963" endtime="20230123 00:53:43.657"/>
</kw>
<status status="PASS" starttime="20230123 00:53:38.602" endtime="20230123 00:53:43.657"/>
</kw>
<kw name="Verify you are on a correct page" library="Products">
<kw name="Wait Until Page Contains" library="SeleniumLibrary">
<arg>Products</arg>
<doc>Waits until ``text`` appears on the current page.</doc>
<status status="PASS" starttime="20230123 00:53:43.658" endtime="20230123 00:53:44.173"/>
</kw>
<status status="PASS" starttime="20230123 00:53:43.657" endtime="20230123 00:53:44.173"/>
</kw>
<status status="PASS" starttime="20230123 00:53:38.601" endtime="20230123 00:53:44.173"/>
</kw>
<kw name="Log out" library="SaucedemoApp">
<kw name="Verify you are on a correct page" library="Products">
<kw name="Wait Until Page Contains" library="SeleniumLibrary">
<arg>Products</arg>
<doc>Waits until ``text`` appears on the current page.</doc>
<status status="PASS" starttime="20230123 00:53:44.175" endtime="20230123 00:53:44.688"/>
</kw>
<status status="PASS" starttime="20230123 00:53:44.174" endtime="20230123 00:53:44.689"/>
</kw>
<kw name="Click on hamburger menu" library="Products">
<kw name="Click Button" library="SeleniumLibrary">
<arg>${HAMBURGER_MENU}</arg>
<doc>Clicks the button identified by ``locator``.</doc>
<msg timestamp="20230123 00:53:44.690" level="INFO">Clicking button 'react-burger-menu-btn'.</msg>
<status status="PASS" starttime="20230123 00:53:44.689" endtime="20230123 00:53:46.785"/>
</kw>
<status status="PASS" starttime="20230123 00:53:44.689" endtime="20230123 00:53:46.786"/>
</kw>
<kw name="Log out" library="Products">
<kw name="Click Link" library="SeleniumLibrary">
<arg>Logout</arg>
<doc>Clicks a link identified by ``locator``.</doc>
<msg timestamp="20230123 00:53:46.789" level="INFO">Clicking link 'Logout'.</msg>
<status status="PASS" starttime="20230123 00:53:46.787" endtime="20230123 00:53:48.363"/>
</kw>
<status status="PASS" starttime="20230123 00:53:46.786" endtime="20230123 00:53:48.363"/>
</kw>
<kw name="Verify you are on a correct page" library="Landing">
<kw name="Wait Until Page Contains Element" library="SeleniumLibrary">
<arg>${LOGIN_BUTTON}</arg>
<doc>Waits until the element ``locator`` appears on the current page.</doc>
<status status="PASS" starttime="20230123 00:53:48.364" endtime="20230123 00:53:48.878"/>
</kw>
<status status="PASS" starttime="20230123 00:53:48.364" endtime="20230123 00:53:48.878"/>
</kw>
<status status="PASS" starttime="20230123 00:53:44.174" endtime="20230123 00:53:48.879"/>
</kw>
<kw name="End Test" library="Common" type="TEARDOWN">
<kw name="Close All Browsers" library="SeleniumLibrary">
<doc>Closes all open browsers and resets the browser cache.</doc>
<status status="PASS" starttime="20230123 00:53:48.879" endtime="20230123 00:53:49.457"/>
</kw>
<status status="PASS" starttime="20230123 00:53:48.879" endtime="20230123 00:53:49.457"/>
</kw>
<status status="PASS" starttime="20230123 00:53:31.290" endtime="20230123 00:53:49.458"/>
</test>
<doc>This is a Suite of test cases written by Adam Michalak to check that Saucedemo web shop is working properly.</doc>
<status status="PASS" starttime="20230123 00:44:03.283" endtime="20230123 00:53:49.462"/>
</suite>
<statistics>
<total>
<stat pass="18" fail="0" skip="0">All Tests</stat>
</total>
<tag>
</tag>
<suite>
<stat pass="18" fail="0" skip="0" id="s1" name="Saucedemo">Saucedemo</stat>
</suite>
</statistics>
<errors>
</errors>
</robot>
